2026-04-07 00:02:52,465 [INFO] ================================================================
2026-04-07 00:02:52,466 [INFO] FAST SCAN v1.0 — market data only, no OHLCV
2026-04-07 00:02:52,466 [INFO] ================================================================
2026-04-07 00:02:52,466 [INFO] Fetching market context (BTC + ETH)...
2026-04-07 00:02:53,053 [INFO]   BTC: $68,626 | 7d: +2.8% | ETH 7d: +3.0% | Regime: SIDEWAYS
2026-04-07 00:02:57,555 [INFO] Fetching top 500 coins...
2026-04-07 00:03:03,035 [INFO]   Fetched 500 coins
2026-04-07 00:03:03,036 [INFO] Fetching Bybit funding rates...
2026-04-07 00:03:03,963 [INFO]   Bybit funding loaded: 544 symbols
2026-04-07 00:03:03,966 [INFO] Scoring coins...
2026-04-07 00:03:03,968 [INFO]   Scored 275 coins  |  Top score: 9
2026-04-07 00:03:03,968 [INFO] 
════════════════════════════════════════════════════════════════════════
  FAST SCAN v1.0 — 2026-04-07 00:03
  Elapsed: 12s (no OHLCV — pure market data)
  Regime: 🟡 SIDEWAYS  |  BTC: $68,626  7d: +2.8%  ETH 7d: +3.0%
════════════════════════════════════════════════════════════════════════

  TOP MOVERS  (score ≥ 3, ranked by score)
────────────────────────────────────────────────────────────────────────
    #  Symbol    Score      7d%    24h%   RS vs BTC   Rank  Signals
  ────────────────────────────────────────────────────────────────────
    1  RED           9    +70.0   +72.3       +67.2  # 383  rs_strong, 7d_pos, 24h_up, 24h_outperform, rs_vs_eth, rs_accel, vol_rank_top, bybit_funding_neg
    2  PCI           8    +39.6   +43.3       +36.8  # 374  rs_strong, 7d_pos, 24h_up, 24h_outperform, rs_vs_eth, rs_accel, vol_rank_top
    3  ARIA          7    +84.5    +5.7       +81.7  # 246  rs_strong, 7d_pos, 24h_up, 24h_outperform, rs_vs_eth, vol_rank_top
    4  LIT           7    +25.7    +3.1       +22.9  # 146  rs_strong, 7d_pos, 24h_up, 24h_outperform, rs_vs_eth, vol_rank_top
    5  SUPER         7    +10.9   +24.5        +8.1  # 315  rs_outperform, 7d_pos, 24h_up, 24h_outperform, rs_accel, vol_rank_top, bybit_funding_neg
    6  币安人生          6    +58.0    +1.1       +55.2  # 334  rs_strong, 7d_pos, 24h_up, rs_vs_eth, vol_rank_top
    7  MON           6    +19.8    -4.5       +17.0  # 129  rs_strong, 7d_pos, rs_vs_eth, vol_rank_top, bybit_funding_neg
    8  DEXE          6    +12.2    +3.1        +9.4  # 103  rs_outperform, 7d_pos, 24h_up, 24h_outperform, rs_vs_eth, vol_rank_top
    9  BAT           6     +6.1    +5.7        +3.3  # 202  7d_pos, 24h_up, 24h_outperform, rs_accel, vol_rank_top, bybit_funding_neg
   10  SKY           6     +6.0    +4.8        +3.2  #  45  7d_pos, 24h_up, 24h_outperform, rs_accel, vol_rank_top, bybit_funding_neg
   11  ALGO          5    +43.6    -2.8       +40.8  #  66  rs_strong, 7d_pos, rs_vs_eth, vol_rank_top
   12  GWEI          5    +34.5    +2.2       +31.7  # 278  rs_strong, 7d_pos, 24h_up, rs_vs_eth
   13  XPL           5    +33.4    -0.6       +30.6  # 133  rs_strong, 7d_pos, rs_vs_eth, vol_rank_top
   14  SAFE          5    +19.0    -3.1       +16.2  # 298  rs_strong, 7d_pos, rs_vs_eth, bybit_funding_neg
   15  M             5    +18.4    -1.8       +15.6  #  22  rs_strong, 7d_pos, rs_vs_eth, vol_rank_top

  🟡 SIDEWAYS — cross-check with master scanner before entering. Score ≥ 5 recommended.

  NOTE: Fast scan has NO technical analysis (no RSI, MACD, ATR).
  Use as a watchlist alert only — confirm with full master scan before entry.
════════════════════════════════════════════════════════════════════════
2026-04-07 00:03:03,973 [INFO]   Saved → fast_scan_LATEST.txt
2026-04-07 00:08:22,468 [INFO] ================================================================
2026-04-07 00:08:22,468 [INFO] FAST SCAN v1.0 — market data only, no OHLCV
2026-04-07 00:08:22,468 [INFO] ================================================================
2026-04-07 00:08:22,468 [INFO] Fetching market context (BTC + ETH)...
2026-04-07 00:08:23,018 [INFO]   BTC: $68,561 | 7d: +2.7% | ETH 7d: +3.1% | Regime: SIDEWAYS
2026-04-07 00:08:27,519 [INFO] Fetching top 500 coins...
2026-04-07 00:08:32,856 [INFO]   Fetched 500 coins
2026-04-07 00:08:32,856 [INFO] Fetching Bybit funding rates...
2026-04-07 00:08:33,611 [INFO]   Bybit funding loaded: 544 symbols
2026-04-07 00:08:33,613 [INFO] Scoring coins...
2026-04-07 00:08:33,615 [INFO]   Scored 275 coins  |  Top score: 9
2026-04-07 00:08:33,616 [INFO] 
════════════════════════════════════════════════════════════════════════
  FAST SCAN v1.0 — 2026-04-07 00:08
  Elapsed: 11s (no OHLCV — pure market data)
  Regime: 🟡 SIDEWAYS  |  BTC: $68,561  7d: +2.7%  ETH 7d: +3.1%
════════════════════════════════════════════════════════════════════════

  TOP MOVERS  (score ≥ 3, ranked by score)
────────────────────────────────────────────────────────────────────────
    #  Symbol    Score      7d%    24h%   RS vs BTC   Rank  Signals
  ────────────────────────────────────────────────────────────────────
    1  RED           9    +68.9   +70.9       +66.2  # 386  rs_strong, 7d_pos, 24h_up, 24h_outperform, rs_vs_eth, rs_accel, vol_rank_top, bybit_funding_neg
    2  PCI           8    +41.5   +42.8       +38.8  # 374  rs_strong, 7d_pos, 24h_up, 24h_outperform, rs_vs_eth, rs_accel, vol_rank_top
    3  ARIA          7    +86.7    +5.5       +83.9  # 246  rs_strong, 7d_pos, 24h_up, 24h_outperform, rs_vs_eth, vol_rank_top
    4  LIT           7    +24.3    +2.7       +21.6  # 146  rs_strong, 7d_pos, 24h_up, 24h_outperform, rs_vs_eth, vol_rank_top
    5  DEXE          7    +13.3    +3.3       +10.6  # 103  rs_strong, 7d_pos, 24h_up, 24h_outperform, rs_vs_eth, vol_rank_top
    6  SUPER         7    +11.1   +23.7        +8.3  # 315  rs_outperform, 7d_pos, 24h_up, 24h_outperform, rs_accel, vol_rank_top, bybit_funding_neg
    7  币安人生          6    +55.0    +1.0       +52.3  # 342  rs_strong, 7d_pos, 24h_up, rs_vs_eth, vol_rank_top
    8  MON           6    +20.0    -3.7       +17.3  # 129  rs_strong, 7d_pos, rs_vs_eth, vol_rank_top, bybit_funding_neg
    9  SKY           6     +5.9    +4.6        +3.2  #  45  7d_pos, 24h_up, 24h_outperform, rs_accel, vol_rank_top, bybit_funding_neg
   10  BAT           6     +4.5    +5.5        +1.7  # 203  7d_pos, 24h_up, 24h_outperform, rs_accel, vol_rank_top, bybit_funding_neg
   11  ALGO          5    +44.4    -2.6       +41.7  #  66  rs_strong, 7d_pos, rs_vs_eth, vol_rank_top
   12  GWEI          5    +34.5    +2.1       +31.8  # 278  rs_strong, 7d_pos, 24h_up, rs_vs_eth
   13  XPL           5    +33.5    -1.1       +30.7  # 133  rs_strong, 7d_pos, rs_vs_eth, vol_rank_top
   14  SAFE          5    +19.4    -4.1       +16.6  # 298  rs_strong, 7d_pos, rs_vs_eth, bybit_funding_neg
   15  M             5    +18.9    -1.6       +16.2  #  22  rs_strong, 7d_pos, rs_vs_eth, vol_rank_top

  🟡 SIDEWAYS — cross-check with master scanner before entering. Score ≥ 5 recommended.

  NOTE: Fast scan has NO technical analysis (no RSI, MACD, ATR).
  Use as a watchlist alert only — confirm with full master scan before entry.
════════════════════════════════════════════════════════════════════════
2026-04-07 00:08:33,618 [INFO]   Saved → fast_scan_LATEST.txt
2026-04-07 00:13:14,518 [INFO] ================================================================
2026-04-07 00:13:14,518 [INFO] FAST SCAN v1.0 — market data only, no OHLCV
2026-04-07 00:13:14,518 [INFO] ================================================================
2026-04-07 00:13:14,518 [INFO] Fetching market context (BTC + ETH)...
2026-04-07 00:13:15,038 [INFO]   BTC: $68,639 | 7d: +2.9% | ETH 7d: +3.4% | Regime: SIDEWAYS
2026-04-07 00:13:19,546 [INFO] Fetching top 500 coins...
2026-04-07 00:13:24,874 [INFO]   Fetched 500 coins
2026-04-07 00:13:24,875 [INFO] Fetching Bybit funding rates...
2026-04-07 00:13:25,657 [INFO]   Bybit funding loaded: 544 symbols
2026-04-07 00:13:25,659 [INFO] Scoring coins...
2026-04-07 00:13:25,659 [INFO]   Scored 276 coins  |  Top score: 9
2026-04-07 00:13:25,660 [INFO] 
════════════════════════════════════════════════════════════════════════
  FAST SCAN v1.0 — 2026-04-07 00:13
  Elapsed: 11s (no OHLCV — pure market data)
  Regime: 🟡 SIDEWAYS  |  BTC: $68,639  7d: +2.9%  ETH 7d: +3.4%
════════════════════════════════════════════════════════════════════════

  TOP MOVERS  (score ≥ 3, ranked by score)
────────────────────────────────────────────────────────────────────────
    #  Symbol    Score      7d%    24h%   RS vs BTC   Rank  Signals
  ────────────────────────────────────────────────────────────────────
    1  RED           9    +72.2   +74.1       +69.3  # 386  rs_strong, 7d_pos, 24h_up, 24h_outperform, rs_vs_eth, rs_accel, vol_rank_top, bybit_funding_neg
    2  PCI           8    +40.8   +42.0       +38.0  # 373  rs_strong, 7d_pos, 24h_up, 24h_outperform, rs_vs_eth, rs_accel, vol_rank_top
    3  ARIA          7    +87.1    +5.2       +84.2  # 246  rs_strong, 7d_pos, 24h_up, 24h_outperform, rs_vs_eth, vol_rank_top
    4  GRX           7    +15.8    +2.6       +13.0  # 258  rs_strong, 7d_pos, 24h_up, 24h_outperform, rs_vs_eth, vol_rank_top
    5  DEXE          7    +13.2    +3.2       +10.3  # 103  rs_strong, 7d_pos, 24h_up, 24h_outperform, rs_vs_eth, vol_rank_top
    6  SUPER         7    +10.8   +23.3        +7.9  # 315  rs_outperform, 7d_pos, 24h_up, 24h_outperform, rs_accel, vol_rank_top, bybit_funding_neg
    7  币安人生          6    +55.2    +1.1       +52.3  # 341  rs_strong, 7d_pos, 24h_up, rs_vs_eth, vol_rank_top
    8  LIT           6    +24.3    +1.4       +21.5  # 148  rs_strong, 7d_pos, 24h_up, rs_vs_eth, vol_rank_top
    9  MON           6    +20.3    -3.7       +17.4  # 129  rs_strong, 7d_pos, rs_vs_eth, vol_rank_top, bybit_funding_neg
   10  SKY           6     +6.1    +4.7        +3.2  #  45  7d_pos, 24h_up, 24h_outperform, rs_accel, vol_rank_top, bybit_funding_neg
   11  BAT           6     +4.5    +5.4        +1.6  # 203  7d_pos, 24h_up, 24h_outperform, rs_accel, vol_rank_top, bybit_funding_neg
   12  ALGO          5    +44.5    -2.8       +41.7  #  66  rs_strong, 7d_pos, rs_vs_eth, vol_rank_top
   13  XPL           5    +35.0    -0.6       +32.2  # 133  rs_strong, 7d_pos, rs_vs_eth, vol_rank_top
   14  GWEI          5    +34.4    +1.6       +31.6  # 278  rs_strong, 7d_pos, 24h_up, rs_vs_eth
   15  SAFE          5    +20.1    -3.7       +17.2  # 298  rs_strong, 7d_pos, rs_vs_eth, bybit_funding_neg

  🟡 SIDEWAYS — cross-check with master scanner before entering. Score ≥ 5 recommended.

  NOTE: Fast scan has NO technical analysis (no RSI, MACD, ATR).
  Use as a watchlist alert only — confirm with full master scan before entry.
════════════════════════════════════════════════════════════════════════
2026-04-07 00:13:25,662 [INFO]   Saved → fast_scan_LATEST.txt
