2026-04-01 19:56:47,786 [INFO] 
2026-04-01 19:56:47,786 [INFO] ================================================================================
2026-04-01 19:56:47,786 [INFO]   IGNITION RADAR v1.0
2026-04-01 19:56:47,786 [INFO]   Early volume/breakout watchlist — catches moves before RS builds
2026-04-01 19:56:47,788 [INFO] ================================================================================
2026-04-01 19:56:47,788 [INFO] 
[1/4] Fetching BTC 1h data...
2026-04-01 19:56:49,137 [INFO]   BTC $68,038  |  6h -0.11%  |  24h +0.29%  |  Regime: SIDEWAYS
2026-04-01 19:56:49,138 [INFO] 
[2/4] Fetching top 500 coins from CoinGecko...
2026-04-01 19:56:49,842 [WARNING] Rate-limited — waiting 34s
2026-04-01 19:57:23,908 [WARNING] Rate-limited — waiting 0s
2026-04-01 19:57:23,968 [WARNING] Rate-limited — waiting 0s
2026-04-01 19:57:24,032 [WARNING] Rate-limited — waiting 60s
2026-04-01 19:58:30,033 [WARNING] Rate-limited — waiting 60s
2026-04-01 19:59:36,322 [WARNING] Rate-limited — waiting 54s
2026-04-01 20:00:30,380 [WARNING] Rate-limited — waiting 0s
2026-04-01 20:00:30,448 [WARNING] Rate-limited — waiting 0s
2026-04-01 20:00:30,520 [WARNING] Rate-limited — waiting 0s
2026-04-01 20:00:30,577 [WARNING] Rate-limited — waiting 0s
2026-04-01 20:00:30,638 [WARNING] Rate-limited — waiting 0s
2026-04-01 20:00:30,692 [WARNING] Rate-limited — waiting 0s
2026-04-01 20:00:30,757 [WARNING] Rate-limited — waiting 0s
2026-04-01 20:00:30,818 [WARNING] Rate-limited — waiting 0s
2026-04-01 20:00:30,871 [WARNING] Rate-limited — waiting 0s
2026-04-01 20:00:30,944 [WARNING] Rate-limited — waiting 0s
2026-04-01 20:00:31,005 [WARNING] Rate-limited — waiting 0s
2026-04-01 20:00:31,066 [WARNING] Rate-limited — waiting 0s
2026-04-01 20:00:31,124 [WARNING] Rate-limited — waiting 0s
2026-04-01 20:00:32,079 [INFO]   500 coins fetched
2026-04-01 20:00:32,079 [INFO] 
[3/4] Scanning for ignition setups on 1h data...

2026-04-01 20:00:32,079 [INFO] 
[4/4] Building ignition radar report...
2026-04-01 20:00:32,079 [INFO]   Low-volume skipped: 0
2026-04-01 20:00:32,079 [INFO]   WATCH NOW : 0
2026-04-01 20:00:32,079 [INFO]   ON RADAR  : 0
2026-04-01 20:00:32,107 [INFO] 
  Report -> C:\Users\bruno\OneDrive\Ambiente de Trabalho\Workspace\crypto scanner\crypto-scanner\outputs\scanner-results\ignition_radar_LATEST.txt
2026-04-01 20:00:32,107 [INFO]   JSON   -> C:\Users\bruno\OneDrive\Ambiente de Trabalho\Workspace\crypto scanner\crypto-scanner\outputs\scanner-results\ignition_radar_20260401_2000.json
2026-04-01 20:00:32,108 [INFO] 
================================================================================
  IGNITION RADAR v1.0 -- EARLY VOLUME / BREAKOUT WATCHLIST
  Generated: 2026-04-01 20:00:32  |  Regime: SIDEWAYS
================================================================================

MARKET CONTEXT
  BTC Price: $68,038  |  BTC 6h: -0.11%  |  BTC 24h: +0.29%

  NOTE: Watchlist only. No position sizing. These are early warnings.
  Confirm with alpha_scanner once RS builds (7d outperformance >=5%).

[WATCH NOW -- 0 coins]
  No coins reached the 3-signal threshold.

[ON RADAR -- 0 coins]
  No coins reached the 2-signal threshold.

----------------------------------------

2026-04-01 20:00:32,108 [INFO] 
  Done in 224s.  0 WATCH NOW  |  0 ON RADAR.
2026-04-01 21:46:29,367 [INFO] 
2026-04-01 21:46:29,368 [INFO] ================================================================================
2026-04-01 21:46:29,368 [INFO]   IGNITION RADAR v1.0
2026-04-01 21:46:29,369 [INFO]   Early volume/breakout watchlist — catches moves before RS builds
2026-04-01 21:46:29,369 [INFO] ================================================================================
2026-04-01 21:46:29,369 [INFO] 
[1/4] Fetching BTC 1h data...
2026-04-01 21:46:30,561 [INFO]   BTC $68,165  |  6h -1.09%  |  24h -0.17%  |  Regime: SIDEWAYS
2026-04-01 21:46:30,561 [INFO] 
[2/4] Fetching top 500 coins from CoinGecko...
2026-04-01 21:46:32,386 [INFO]   500 coins fetched
2026-04-01 21:46:32,386 [INFO] 
[3/4] Scanning for ignition setups on 1h data...

2026-04-01 21:46:32,388 [INFO]   [5]  XRP        (#5)  $1.35  24h: +0.2%
2026-04-01 21:46:32,736 [INFO]           -> signals 0/8  conv 0  [none]
2026-04-01 21:46:39,237 [INFO]   [7]  SOL        (#7)  $82.46  24h: -0.5%
2026-04-01 21:46:39,554 [INFO]           -> signals 0/8  conv 0  [none]
2026-04-01 21:46:46,057 [INFO]   [8]  TRX        (#8)  $0.31543  24h: +0.7%
2026-04-01 21:46:46,381 [INFO]           -> signals 2/8  conv 18  [rsi_reversal, bb_squeeze]
2026-04-01 21:46:52,881 [INFO]   [9]  FIGR_HELOC (#9)  $1.016  24h: +0.3%
2026-04-01 21:46:53,170 [INFO]           -> skip (no 1h Binance data)
2026-04-01 21:46:59,670 [INFO]   [10]  DOGE       (#10)  $0.092592  24h: +0.4%
2026-04-01 21:46:59,976 [INFO]           -> signals 1/8  conv 12  [obv_turning]
2026-04-01 21:47:06,477 [INFO]   [11]  USDS       (#11)  $0.99955  24h: -0.1%
2026-04-01 21:47:06,766 [INFO]           -> skip (no 1h Binance data)
2026-04-01 21:47:13,267 [INFO]   [12]  WBT        (#12)  $52.13  24h: -0.3%
2026-04-01 21:47:13,556 [INFO]           -> skip (no 1h Binance data)
2026-04-01 21:47:20,057 [INFO]   [13]  LEO        (#13)  $10.02  24h: +0.4%
2026-04-01 21:47:20,346 [INFO]           -> skip (no 1h Binance data)
2026-04-01 21:47:26,848 [INFO]   [14]  ADA        (#14)  $0.2482  24h: +3.0%
2026-04-01 21:47:27,163 [INFO]           -> signals 1/8  conv 12  [obv_turning]
2026-04-01 21:47:33,665 [INFO]   [15]  BCH        (#15)  $455.06  24h: -3.3%
2026-04-01 21:47:33,976 [INFO]           -> signals 1/8  conv 9  [bb_squeeze]
2026-04-01 21:47:40,478 [INFO]   [16]  HYPE       (#16)  $36.07  24h: -1.8%
2026-04-01 21:47:40,763 [INFO]           -> skip (no 1h Binance data)
2026-04-01 21:47:47,263 [INFO]   [17]  LINK       (#17)  $8.96  24h: +2.1%
2026-04-01 21:47:47,574 [INFO]           -> signals 0/8  conv 0  [none]
2026-04-01 21:47:54,075 [INFO]   [18]  XMR        (#18)  $336.79  24h: +3.0%
2026-04-01 21:47:54,392 [INFO]           -> signals 3/8  conv 35  [btc_decoupling_6h, obv_turning, rsi_reversal]
2026-04-01 21:48:00,893 [INFO]   [20]  XLM        (#20)  $0.17025  24h: +1.0%
2026-04-01 21:48:01,217 [INFO]           -> signals 1/8  conv 12  [obv_turning]
2026-04-01 21:48:07,724 [INFO]   [21]  CC         (#21)  $0.14355  24h: -3.3%
2026-04-01 21:48:08,013 [INFO]           -> skip (no 1h Binance data)
2026-04-01 21:48:14,514 [INFO]   [23]  USD1       (#23)  $0.99988  24h: +0.0%
2026-04-01 21:48:14,831 [INFO]           -> signals 0/8  conv 0  [none]
2026-04-01 21:48:21,332 [INFO]   [24]  M          (#24)  $2.44  24h: +5.0%
2026-04-01 21:48:21,622 [INFO]           -> skip (no 1h Binance data)
2026-04-01 21:48:28,123 [INFO]   [25]  ZEC        (#25)  $254.51  24h: +0.6%
2026-04-01 21:48:28,450 [INFO]           -> signals 2/8  conv 29  [whale_candle_recent, btc_decoupling_6h]
2026-04-01 21:48:34,951 [INFO]   [26]  LTC        (#26)  $54.16  24h: +0.3%
2026-04-01 21:48:35,267 [INFO]           -> signals 1/8  conv 9  [bb_squeeze]
2026-04-01 21:48:41,768 [INFO]   [28]  AVAX       (#28)  $9.12  24h: +2.3%
2026-04-01 21:48:42,081 [INFO]           -> signals 2/8  conv 24  [obv_turning, vol_spike_24h]
2026-04-01 21:48:48,584 [INFO]   [29]  HBAR       (#29)  $0.089443  24h: +1.9%
2026-04-01 21:48:48,920 [INFO]           -> signals 1/8  conv 12  [obv_turning]
2026-04-01 21:48:55,421 [INFO]   [30]  RAIN       (#30)  $0.0080796  24h: +0.3%
2026-04-01 21:48:55,701 [INFO]           -> skip (no 1h Binance data)
2026-04-01 21:49:02,203 [INFO]   [32]  SUI        (#32)  $0.88835  24h: +1.1%
2026-04-01 21:49:02,620 [INFO]           -> signals 1/8  conv 12  [obv_turning]
2026-04-01 21:49:09,121 [INFO]   [33]  TON        (#33)  $1.24  24h: +1.1%
2026-04-01 21:49:09,443 [INFO]           -> signals 3/8  conv 29  [obv_turning, rsi_reversal, bb_squeeze]
2026-04-01 21:49:15,944 [INFO]   [34]  CRO        (#34)  $0.070792  24h: +0.8%
2026-04-01 21:49:16,240 [INFO]           -> skip (no 1h Binance data)
2026-04-01 21:49:22,741 [INFO]   [35]  TAO        (#35)  $310.68  24h: +1.6%
2026-04-01 21:49:23,063 [INFO]           -> signals 1/8  conv 12  [obv_turning]
2026-04-01 21:49:29,564 [INFO]   [36]  WLFI       (#36)  $0.10016  24h: +1.3%
2026-04-01 21:49:29,877 [INFO]           -> signals 1/8  conv 12  [obv_turning]
2026-04-01 21:49:36,378 [INFO]   [40]  MNT        (#40)  $0.70057  24h: +0.9%
2026-04-01 21:49:36,665 [INFO]           -> skip (no 1h Binance data)
2026-04-01 21:49:43,166 [INFO]   [41]  UNI        (#41)  $3.61  24h: +1.7%
2026-04-01 21:49:43,475 [INFO]           -> signals 1/8  conv 12  [obv_turning]
2026-04-01 21:49:49,980 [INFO]   [43]  DOT        (#43)  $1.26  24h: -0.1%
2026-04-01 21:49:50,299 [INFO]           -> signals 1/8  conv 12  [obv_turning]
2026-04-01 21:49:56,801 [INFO]   [45]  PI         (#45)  $0.17757  24h: +1.0%
2026-04-01 21:49:57,095 [INFO]           -> skip (no 1h Binance data)
2026-04-01 21:50:03,605 [INFO]   [46]  OKB        (#46)  $84.55  24h: +1.1%
2026-04-01 21:50:03,891 [INFO]           -> skip (no 1h Binance data)
2026-04-01 21:50:10,392 [INFO]   [47]  SKY        (#47)  $0.076267  24h: +0.9%
2026-04-01 21:50:10,718 [INFO]           -> signals 3/8  conv 35  [btc_decoupling_6h, obv_turning, rsi_reversal]
2026-04-01 21:50:17,224 [INFO]   [48]  USDF       (#48)  $0.99793  24h: +0.1%
2026-04-01 21:50:17,514 [INFO]           -> skip (no 1h Binance data)
2026-04-01 21:50:24,015 [INFO]   [49]  ASTER      (#49)  $0.66846  24h: -0.1%
2026-04-01 21:50:24,333 [INFO]           -> signals 0/8  conv 0  [none]
2026-04-01 21:50:30,835 [INFO]   [51]  NEAR       (#51)  $1.2  24h: +1.1%
2026-04-01 21:50:31,154 [INFO]           -> signals 0/8  conv 0  [none]
2026-04-01 21:50:37,656 [INFO]   [52]  AAVE       (#52)  $98.71  24h: +0.4%
2026-04-01 21:50:37,984 [INFO]           -> signals 0/8  conv 0  [none]
2026-04-01 21:50:44,485 [INFO]   [55]  BGB        (#55)  $1.95  24h: +1.2%
2026-04-01 21:50:44,770 [INFO]           -> skip (no 1h Binance data)
2026-04-01 21:50:51,271 [INFO]   [58]  ONDO       (#58)  $0.26942  24h: -2.0%
2026-04-01 21:50:51,588 [INFO]           -> signals 1/8  conv 9  [bb_squeeze]
2026-04-01 21:50:58,089 [INFO]   [59]  ETC        (#59)  $8.2  24h: +0.2%
2026-04-01 21:50:58,413 [INFO]           -> signals 1/8  conv 12  [obv_turning]
2026-04-01 21:51:04,914 [INFO]   [60]  ICP        (#60)  $2.29  24h: -0.8%
2026-04-01 21:51:05,237 [INFO]           -> signals 0/8  conv 0  [none]
2026-04-01 21:51:11,738 [INFO]   [62]  GT         (#62)  $6.59  24h: +0.8%
2026-04-01 21:51:12,030 [INFO]           -> skip (no 1h Binance data)
2026-04-01 21:51:18,532 [INFO]   [64]  KCS        (#64)  $8.05  24h: -1.2%
2026-04-01 21:51:18,822 [INFO]           -> skip (no 1h Binance data)
2026-04-01 21:51:25,323 [INFO]   [65]  QNT        (#65)  $70.4  24h: +0.5%
2026-04-01 21:51:25,630 [INFO]           -> signals 2/8  conv 21  [obv_turning, rsi_reversal]
2026-04-01 21:51:32,131 [INFO]   [66]  PUMP       (#66)  $0.0016826  24h: +0.3%
2026-04-01 21:51:32,444 [INFO]           -> signals 1/8  conv 12  [obv_turning]
2026-04-01 21:51:38,946 [INFO]   [67]  POL        (#67)  $0.093151  24h: +2.9%
2026-04-01 21:51:39,267 [INFO]           -> signals 0/8  conv 0  [none]
2026-04-01 21:51:45,774 [INFO]   [69]  RENDER     (#69)  $1.78  24h: +2.3%
2026-04-01 21:51:46,084 [INFO]           -> signals 0/8  conv 0  [none]
2026-04-01 21:51:52,586 [INFO]   [70]  ALGO       (#70)  $0.10246  24h: +9.7%
2026-04-01 21:51:52,899 [INFO]           -> signals 2/8  conv 29  [vol_spike_6h, vol_spike_24h]
2026-04-01 21:51:59,400 [INFO]   [71]  WLD        (#71)  $0.27701  24h: +0.3%
2026-04-01 21:51:59,721 [INFO]           -> signals 1/8  conv 9  [bb_squeeze]
2026-04-01 21:52:06,222 [INFO]   [72]  KAS        (#72)  $0.031747  24h: -2.6%
2026-04-01 21:52:06,513 [INFO]           -> skip (no 1h Binance data)
2026-04-01 21:52:13,015 [INFO]   [73]  NEXO       (#73)  $0.8651  24h: -0.1%
2026-04-01 21:52:13,330 [INFO]           -> signals 1/8  conv 9  [bb_squeeze]
2026-04-01 21:52:19,839 [INFO]   [74]  USDTB      (#74)  $0.99947  24h: -0.1%
2026-04-01 21:52:20,133 [INFO]           -> skip (no 1h Binance data)
2026-04-01 21:52:26,634 [INFO]   [75]  ATOM       (#75)  $1.69  24h: -0.9%
2026-04-01 21:52:26,947 [INFO]           -> signals 0/8  conv 0  [none]
2026-04-01 21:52:33,448 [INFO]   [76]  MORPHO     (#76)  $1.54  24h: +1.8%
2026-04-01 21:52:33,768 [INFO]           -> signals 1/8  conv 12  [vol_spike_24h]
2026-04-01 21:52:40,270 [INFO]   [78]  NIGHT      (#78)  $0.047541  24h: -1.2%
2026-04-01 21:52:40,594 [INFO]           -> signals 1/8  conv 15  [btc_decoupling_6h]
2026-04-01 21:52:47,095 [INFO]   [79]  ENA        (#79)  $0.090243  24h: -0.7%
2026-04-01 21:52:47,416 [INFO]           -> signals 0/8  conv 0  [none]
2026-04-01 21:52:53,917 [INFO]   [80]  APT        (#80)  $0.89797  24h: -0.0%
2026-04-01 21:52:54,231 [INFO]           -> signals 2/8  conv 21  [obv_turning, bb_squeeze]
2026-04-01 21:53:00,732 [INFO]   [81]  TRUMP      (#81)  $2.98  24h: -0.8%
2026-04-01 21:53:01,057 [INFO]           -> signals 0/8  conv 0  [none]
2026-04-01 21:53:07,558 [INFO]   [82]  FLR        (#82)  $0.0076706  24h: -2.5%
2026-04-01 21:53:07,845 [INFO]           -> skip (no 1h Binance data)
2026-04-01 21:53:14,346 [INFO]   [83]  FIL        (#83)  $0.8393  24h: +0.8%
2026-04-01 21:53:14,669 [INFO]           -> signals 1/8  conv 12  [obv_turning]
2026-04-01 21:53:21,170 [INFO]   [84]  BDX        (#84)  $0.079653  24h: -0.5%
2026-04-01 21:53:21,460 [INFO]           -> skip (no 1h Binance data)
2026-04-01 21:53:27,962 [INFO]   [85]  XDC        (#85)  $0.030218  24h: +0.6%
2026-04-01 21:53:28,242 [INFO]           -> skip (no 1h Binance data)
2026-04-01 21:53:34,744 [INFO]   [87]  YLDS       (#87)  $0.99991  24h: +0.0%
2026-04-01 21:53:35,037 [INFO]           -> skip (no 1h Binance data)
2026-04-01 21:53:41,540 [INFO]   [88]  VET        (#88)  $0.0068926  24h: +1.9%
2026-04-01 21:53:41,855 [INFO]           -> signals 1/8  conv 12  [obv_turning]
2026-04-01 21:53:48,356 [INFO]   [91]  STABLE     (#91)  $0.02687  24h: +1.8%
2026-04-01 21:53:48,645 [INFO]           -> skip (no 1h Binance data)
2026-04-01 21:53:55,147 [INFO]   [92]  ARB        (#92)  $0.09435  24h: +1.8%
2026-04-01 21:53:55,467 [INFO]           -> signals 1/8  conv 12  [obv_turning]
2026-04-01 21:54:01,968 [INFO]   [94]  JUP        (#94)  $0.15638  24h: -1.5%
2026-04-01 21:54:02,275 [INFO]           -> signals 2/8  conv 29  [vol_spike_6h, vol_spike_24h]
2026-04-01 21:54:08,776 [INFO]   [95]  JST        (#95)  $0.062692  24h: +0.9%
2026-04-01 21:54:09,115 [INFO]           -> signals 1/8  conv 9  [rsi_reversal]
2026-04-01 21:54:15,616 [INFO]   [96]  FET        (#96)  $0.23946  24h: +1.7%
2026-04-01 21:54:15,924 [INFO]           -> signals 0/8  conv 0  [none]
2026-04-01 21:54:22,425 [INFO]   [98]  ZRO        (#98)  $1.96  24h: +5.0%
2026-04-01 21:54:22,752 [INFO]           -> signals 2/8  conv 26  [whale_candle_recent, obv_turning]
2026-04-01 21:54:29,255 [INFO]   [101]  CAKE       (#101)  $1.4  24h: +1.0%
2026-04-01 21:54:29,563 [INFO]           -> signals 0/8  conv 0  [none]
2026-04-01 21:54:36,065 [INFO]   [102]  VIRTUAL    (#102)  $0.6652  24h: +1.5%
2026-04-01 21:54:36,391 [INFO]           -> signals 1/8  conv 12  [obv_turning]
2026-04-01 21:54:42,893 [INFO]   [103]  CHZ        (#103)  $0.04179  24h: -0.4%
2026-04-01 21:54:43,228 [INFO]           -> signals 2/8  conv 24  [btc_decoupling_6h, bb_squeeze]
2026-04-01 21:54:49,730 [INFO]   [105]  PENGU      (#105)  $0.0065642  24h: +1.0%
2026-04-01 21:54:50,046 [INFO]           -> signals 2/8  conv 21  [obv_turning, bb_squeeze]
2026-04-01 21:54:56,547 [INFO]   [106]  STX        (#106)  $0.22395  24h: -0.7%
2026-04-01 21:54:56,875 [INFO]           -> signals 0/8  conv 0  [none]
2026-04-01 21:55:03,376 [INFO]   [107]  DASH       (#107)  $32.09  24h: -1.5%
2026-04-01 21:55:03,691 [INFO]           -> signals 0/8  conv 0  [none]
2026-04-01 21:55:10,193 [INFO]   [110]  XTZ        (#110)  $0.35089  24h: -0.9%
2026-04-01 21:55:10,499 [INFO]           -> signals 0/8  conv 0  [none]
2026-04-01 21:55:17,002 [INFO]   [111]  ETHFI      (#111)  $0.47096  24h: -1.1%
2026-04-01 21:55:17,320 [INFO]           -> signals 0/8  conv 0  [none]
2026-04-01 21:55:23,821 [INFO]   [112]  DEXE       (#113)  $7.83  24h: +1.4%
2026-04-01 21:55:24,149 [INFO]           -> signals 0/8  conv 0  [none]
2026-04-01 21:55:30,650 [INFO]   [113]  KAU        (#112)  $153.31  24h: +2.3%
2026-04-01 21:55:30,934 [INFO]           -> skip (no 1h Binance data)
2026-04-01 21:55:37,435 [INFO]   [114]  PRIME      (#114)  $0.99503  24h: -3.1%
2026-04-01 21:55:37,722 [INFO]           -> skip (no 1h Binance data)
2026-04-01 21:55:44,223 [INFO]   [115]  SEI        (#115)  $0.053814  24h: +6.6%
2026-04-01 21:55:44,537 [INFO]           -> signals 1/8  conv 12  [vol_spike_24h]
2026-04-01 21:55:51,038 [INFO]   [116]  USX        (#116)  $0.99954  24h: +0.0%
2026-04-01 21:55:51,321 [INFO]           -> skip (no 1h Binance data)
2026-04-01 21:55:57,822 [INFO]   [117]  DCR        (#117)  $20.66  24h: +2.0%
2026-04-01 21:55:58,126 [INFO]           -> signals 0/8  conv 0  [none]
2026-04-01 21:56:04,626 [INFO]   [118]  SUN        (#118)  $0.018021  24h: +1.9%
2026-04-01 21:56:04,958 [INFO]           -> signals 2/8  conv 21  [obv_turning, bb_squeeze]
2026-04-01 21:56:11,460 [INFO]   [119]  ADI        (#119)  $4.27  24h: +2.3%
2026-04-01 21:56:11,748 [INFO]           -> skip (no 1h Binance data)
2026-04-01 21:56:18,250 [INFO]   [120]  GNO        (#120)  $123.62  24h: -0.4%
2026-04-01 21:56:18,566 [INFO]           -> signals 2/8  conv 21  [obv_turning, bb_squeeze]
2026-04-01 21:56:25,067 [INFO]   [121]  CRV        (#121)  $0.21816  24h: -0.5%
2026-04-01 21:56:25,667 [INFO]           -> signals 0/8  conv 0  [none]
2026-04-01 21:56:32,168 [INFO]   [125]  VVV        (#125)  $6.78  24h: +7.5%
2026-04-01 21:56:32,461 [INFO]           -> skip (no 1h Binance data)
2026-04-01 21:56:38,964 [INFO]   [126]  AERO       (#126)  $0.32746  24h: -1.0%
2026-04-01 21:56:39,250 [INFO]           -> skip (no 1h Binance data)
2026-04-01 21:56:45,751 [INFO]   [127]  RIVER      (#127)  $15.39  24h: -7.6%
2026-04-01 21:56:46,043 [INFO]           -> skip (no 1h Binance data)
2026-04-01 21:56:52,544 [INFO]   [128]  INJ        (#128)  $2.88  24h: -0.3%
2026-04-01 21:56:52,869 [INFO]           -> signals 0/8  conv 0  [none]
2026-04-01 21:56:59,370 [INFO]   [129]  LDO        (#129)  $0.33683  24h: +1.9%
2026-04-01 21:56:59,688 [INFO]           -> signals 1/8  conv 12  [obv_turning]
2026-04-01 21:57:06,193 [INFO]   [130]  KAG        (#130)  $74.83  24h: -0.3%
2026-04-01 21:57:06,488 [INFO]           -> skip (no 1h Binance data)
2026-04-01 21:57:13,003 [INFO]   [131]  BSV        (#131)  $14.08  24h: +1.7%
2026-04-01 21:57:13,299 [INFO]           -> skip (no 1h Binance data)
2026-04-01 21:57:19,800 [INFO]   [132]  CFX        (#132)  $0.054268  24h: +0.6%
2026-04-01 21:57:20,121 [INFO]           -> signals 1/8  conv 12  [obv_turning]
2026-04-01 21:57:26,622 [INFO]   [133]  KAIA       (#133)  $0.047418  24h: +2.7%
2026-04-01 21:57:26,949 [INFO]           -> signals 0/8  conv 0  [none]
2026-04-01 21:57:33,450 [INFO]   [134]  KITE       (#134)  $0.15349  24h: -0.6%
2026-04-01 21:57:33,765 [INFO]           -> signals 0/8  conv 0  [none]
2026-04-01 21:57:40,266 [INFO]   [136]  FO         (#136)  $0.27115  24h: +3.1%
2026-04-01 21:57:40,559 [INFO]           -> skip (no 1h Binance data)
2026-04-01 21:57:47,060 [INFO]   [138]  TIA        (#138)  $0.29826  24h: +0.3%
2026-04-01 21:57:47,385 [INFO]           -> signals 1/8  conv 12  [obv_turning]
2026-04-01 21:57:53,886 [INFO]   [139]  JASMY      (#139)  $0.0053907  24h: -0.4%
2026-04-01 21:57:54,195 [INFO]           -> signals 1/8  conv 9  [bb_squeeze]
2026-04-01 21:58:00,696 [INFO]   [140]  2Z         (#140)  $0.0766  24h: -3.3%
2026-04-01 21:58:01,017 [INFO]           -> signals 0/8  conv 0  [none]
2026-04-01 21:58:07,518 [INFO]   [141]  CRVUSD     (#141)  $0.99945  24h: +0.4%
2026-04-01 21:58:07,801 [INFO]           -> skip (no 1h Binance data)
2026-04-01 21:58:14,303 [INFO]   [142]  GRT        (#142)  $0.024375  24h: +0.9%
2026-04-01 21:58:14,610 [INFO]           -> signals 2/8  conv 24  [obv_turning, vol_spike_24h]
2026-04-01 21:58:21,112 [INFO]   [143]  MON        (#143)  $0.024116  24h: -3.0%
2026-04-01 21:58:21,399 [INFO]           -> skip (no 1h Binance data)
2026-04-01 21:58:27,900 [INFO]   [144]  IOTA       (#144)  $0.059657  24h: +9.3%
2026-04-01 21:58:28,220 [INFO]           -> signals 4/8  conv 56  [vol_spike_6h, btc_decoupling_6h, obv_turning, vol_spike_24h]
2026-04-01 21:58:34,721 [INFO]   [145]  SPX        (#145)  $0.27424  24h: +1.1%
2026-04-01 21:58:35,008 [INFO]           -> skip (no 1h Binance data)
2026-04-01 21:58:41,509 [INFO]   [146]  XPL        (#146)  $0.10695  24h: +15.5%
2026-04-01 21:58:41,830 [INFO]           -> signals 6/8  conv 82  [vol_spike_6h, whale_candle_recent, btc_decoupling_6h, obv_turning, price_range_break, vol_spike_24h]
2026-04-01 21:58:48,331 [INFO]   [149]  SYRUP      (#149)  $0.21294  24h: +4.7%
2026-04-01 21:58:48,638 [INFO]           -> signals 1/8  conv 18  [vol_spike_6h]
2026-04-01 21:58:55,139 [INFO]   [150]  EDGE       (#150)  $0.68169  24h: +1.2%
2026-04-01 21:58:55,427 [INFO]           -> skip (no 1h Binance data)
2026-04-01 21:59:01,927 [INFO]   [151]  OP         (#151)  $0.11046  24h: +0.1%
2026-04-01 21:59:02,251 [INFO]           -> signals 0/8  conv 0  [none]
2026-04-01 21:59:08,753 [INFO]   [152]  ZBCN       (#152)  $0.0024043  24h: +2.8%
2026-04-01 21:59:09,042 [INFO]           -> skip (no 1h Binance data)
2026-04-01 21:59:15,543 [INFO]   [153]  BTSE       (#153)  $1.41  24h: +1.2%
2026-04-01 21:59:15,831 [INFO]           -> skip (no 1h Binance data)
2026-04-01 21:59:22,332 [INFO]   [154]  PYTH       (#154)  $0.039475  24h: +0.8%
2026-04-01 21:59:22,653 [INFO]           -> signals 1/8  conv 12  [obv_turning]
2026-04-01 21:59:29,153 [INFO]   [155]  ENS        (#155)  $5.74  24h: +1.0%
2026-04-01 21:59:29,463 [INFO]           -> signals 1/8  conv 12  [obv_turning]
2026-04-01 21:59:35,964 [INFO]   [156]  LIT        (#156)  $0.87248  24h: +0.7%
2026-04-01 21:59:36,272 [INFO]           -> signals 2/8  conv 24  [btc_decoupling_6h, rsi_reversal]
2026-04-01 21:59:42,773 [INFO]   [158]  VSN        (#158)  $0.059216  24h: +13.5%
2026-04-01 21:59:43,078 [INFO]           -> skip (no 1h Binance data)
2026-04-01 21:59:49,583 [INFO]   [159]  AUSD       (#159)  $0.99993  24h: +0.0%
2026-04-01 21:59:49,879 [INFO]           -> skip (no 1h Binance data)
2026-04-01 21:59:56,380 [INFO]   [160]  TEL        (#160)  $0.00226  24h: +9.0%
2026-04-01 21:59:56,671 [INFO]           -> skip (no 1h Binance data)
2026-04-01 22:00:03,172 [INFO]   [161]  UDS        (#161)  $1.71  24h: -1.0%
2026-04-01 22:00:03,458 [INFO]           -> skip (no 1h Binance data)
2026-04-01 22:00:09,960 [INFO]   [162]  9BIT       (#162)  $0.025785  24h: -1.7%
2026-04-01 22:00:10,249 [INFO]           -> skip (no 1h Binance data)
2026-04-01 22:00:16,750 [INFO]   [164]  B          (#164)  $0.20692  24h: -1.5%
2026-04-01 22:00:17,037 [INFO]           -> skip (no 1h Binance data)
2026-04-01 22:00:23,539 [INFO]   [165]  SAND       (#165)  $0.07691  24h: +2.0%
2026-04-01 22:00:23,848 [INFO]           -> signals 1/8  conv 9  [rsi_reversal]
2026-04-01 22:00:30,350 [INFO]   [167]  HNT        (#167)  $1.087  24h: +1.5%
2026-04-01 22:00:30,663 [INFO]           -> signals 2/8  conv 26  [btc_decoupling_6h, obv_turning]
2026-04-01 22:00:37,164 [INFO]   [168]  STRK       (#168)  $0.035016  24h: +0.6%
2026-04-01 22:00:37,478 [INFO]           -> signals 1/8  conv 9  [rsi_reversal]
2026-04-01 22:00:43,979 [INFO]   [169]  NEO        (#169)  $2.78  24h: +3.2%
2026-04-01 22:00:44,296 [INFO]           -> signals 1/8  conv 12  [vol_spike_24h]
2026-04-01 22:00:50,797 [INFO]   [170]  AXS        (#170)  $1.13  24h: +1.1%
2026-04-01 22:00:51,119 [INFO]           -> signals 2/8  conv 18  [rsi_reversal, bb_squeeze]
2026-04-01 22:00:57,621 [INFO]   [172]  PENDLE     (#172)  $1.14  24h: +3.4%
2026-04-01 22:00:57,936 [INFO]           -> signals 1/8  conv 12  [obv_turning]
2026-04-01 22:01:04,437 [INFO]   [173]  WFI        (#173)  $2.29  24h: +2.5%
2026-04-01 22:01:04,738 [INFO]           -> skip (no 1h Binance data)
2026-04-01 22:01:11,241 [INFO]   [174]  REUSD      (#174)  $1.069  24h: +0.0%
2026-04-01 22:01:11,564 [INFO]           -> skip (no 1h Binance data)
2026-04-01 22:01:18,102 [INFO]   [175]  REAL       (#175)  $0.058567  24h: +1.9%
2026-04-01 22:01:18,391 [INFO]           -> skip (no 1h Binance data)
2026-04-01 22:01:24,905 [INFO]   [176]  BORG       (#176)  $0.18811  24h: -1.8%
2026-04-01 22:01:25,195 [INFO]           -> skip (no 1h Binance data)
2026-04-01 22:01:31,698 [INFO]   [177]  WIF        (#177)  $0.18349  24h: +2.0%
2026-04-01 22:01:32,342 [INFO]           -> signals 1/8  conv 12  [obv_turning]
2026-04-01 22:01:38,862 [INFO]   [178]  XCN        (#178)  $0.0048204  24h: -3.3%
2026-04-01 22:01:39,155 [INFO]           -> skip (no 1h Binance data)
2026-04-01 22:01:45,656 [INFO]   [179]  SIREN      (#179)  $0.24833  24h: -68.1%
2026-04-01 22:01:45,945 [INFO]           -> skip (no 1h Binance data)
2026-04-01 22:01:52,448 [INFO]   [180]  IP         (#180)  $0.5128  24h: +1.3%
2026-04-01 22:01:52,737 [INFO]           -> skip (no 1h Binance data)
2026-04-01 22:01:59,240 [INFO]   [181]  NUSD       (#181)  $0.99977  24h: +0.2%
2026-04-01 22:01:59,529 [INFO]           -> skip (no 1h Binance data)
2026-04-01 22:02:06,033 [INFO]   [182]  RAY        (#182)  $0.65813  24h: +6.7%
2026-04-01 22:02:06,363 [INFO]           -> signals 1/8  conv 12  [vol_spike_24h]
2026-04-01 22:02:12,863 [INFO]   [184]  S          (#184)  $0.045602  24h: +11.4%
2026-04-01 22:02:13,189 [INFO]           -> signals 3/8  conv 41  [vol_spike_6h, obv_turning, vol_spike_24h]
2026-04-01 22:02:19,691 [INFO]   [185]  MANA       (#185)  $0.087802  24h: +4.3%
2026-04-01 22:02:20,148 [INFO]           -> signals 2/8  conv 24  [obv_turning, vol_spike_24h]
2026-04-01 22:02:26,649 [INFO]   [186]  ZK         (#186)  $0.017535  24h: +1.0%
2026-04-01 22:02:27,062 [INFO]           -> signals 0/8  conv 0  [none]
2026-04-01 22:02:33,564 [INFO]   [187]  TWT        (#187)  $0.40024  24h: +10.8%
2026-04-01 22:02:33,953 [INFO]           -> signals 5/8  conv 65  [vol_spike_6h, btc_decoupling_6h, obv_turning, vol_spike_24h, rsi_reversal]
2026-04-01 22:02:40,466 [INFO]   [188]  MX         (#188)  $1.8  24h: +0.5%
2026-04-01 22:02:40,870 [INFO]           -> skip (no 1h Binance data)
2026-04-01 22:02:47,373 [INFO]   [189]  FF         (#189)  $0.070188  24h: -0.1%
2026-04-01 22:02:47,777 [INFO]           -> signals 0/8  conv 0  [none]
2026-04-01 22:02:54,285 [INFO]   [190]  WAL        (#190)  $0.071386  24h: -0.3%
2026-04-01 22:02:55,057 [INFO]           -> signals 3/8  conv 29  [obv_turning, rsi_reversal, bb_squeeze]
2026-04-01 22:03:01,581 [INFO]   [191]  FARTCOIN   (#191)  $0.16388  24h: -4.2%
2026-04-01 22:03:01,892 [INFO]           -> skip (no 1h Binance data)
2026-04-01 22:03:08,406 [INFO]   [192]  KOGE       (#192)  $47.99  24h: +0.1%
2026-04-01 22:03:08,693 [INFO]           -> skip (no 1h Binance data)
2026-04-01 22:03:15,194 [INFO]   [194]  COMP       (#194)  $16.69  24h: -6.3%
2026-04-01 22:03:15,534 [INFO]           -> signals 2/8  conv 21  [vol_spike_24h, rsi_reversal]
2026-04-01 22:03:22,035 [INFO]   [195]  CVX        (#195)  $1.79  24h: +1.5%
2026-04-01 22:03:22,373 [INFO]           -> signals 2/8  conv 18  [rsi_reversal, bb_squeeze]
2026-04-01 22:03:28,962 [INFO]   [196]  AB         (#196)  $0.0016124  24h: -3.3%
2026-04-01 22:03:29,270 [INFO]           -> skip (no 1h Binance data)
2026-04-01 22:03:35,771 [INFO]   [198]  GRASS      (#198)  $0.27496  24h: -1.3%
2026-04-01 22:03:36,059 [INFO]           -> skip (no 1h Binance data)
2026-04-01 22:03:42,560 [INFO]   [199]  ZANO       (#199)  $10.13  24h: +3.4%
2026-04-01 22:03:42,853 [INFO]           -> skip (no 1h Binance data)
2026-04-01 22:03:49,356 [INFO]   [200]  THETA      (#200)  $0.15259  24h: +1.5%
2026-04-01 22:03:49,689 [INFO]           -> signals 1/8  conv 12  [obv_turning]
2026-04-01 22:03:56,190 [INFO]   [201]  H          (#201)  $0.083383  24h: -2.9%
2026-04-01 22:03:56,503 [INFO]           -> skip (no 1h Binance data)
2026-04-01 22:04:03,007 [INFO]   [203]  GUSD       (#203)  $1.001  24h: +0.1%
2026-04-01 22:04:03,295 [INFO]           -> skip (no 1h Binance data)
2026-04-01 22:04:09,800 [INFO]   [204]  BAT        (#204)  $0.099621  24h: +4.3%
2026-04-01 22:04:10,144 [INFO]           -> signals 0/8  conv 0  [none]
2026-04-01 22:04:16,645 [INFO]   [206]  ONYC       (#206)  $1.089  24h: +0.0%
2026-04-01 22:04:16,933 [INFO]           -> skip (no 1h Binance data)
2026-04-01 22:04:23,434 [INFO]   [207]  RUNE       (#207)  $0.41088  24h: -0.7%
2026-04-01 22:04:23,752 [INFO]           -> signals 4/8  conv 47  [btc_decoupling_6h, obv_turning, vol_spike_24h, rsi_reversal]
2026-04-01 22:04:30,255 [INFO]   [208]  SFP        (#208)  $0.28345  24h: +0.6%
2026-04-01 22:04:30,582 [INFO]           -> signals 2/8  conv 21  [obv_turning, rsi_reversal]
2026-04-01 22:04:37,089 [INFO]   [209]  GALA       (#209)  $0.0029349  24h: +0.4%
2026-04-01 22:04:37,555 [INFO]           -> signals 1/8  conv 12  [obv_turning]
2026-04-01 22:04:44,061 [INFO]   [210]  CRCLON     (#210)  $90.73  24h: -6.0%
2026-04-01 22:04:44,340 [INFO]           -> skip (no 1h Binance data)
2026-04-01 22:04:50,841 [INFO]   [212]  QRL        (#212)  $1.71  24h: -0.1%
2026-04-01 22:04:51,126 [INFO]           -> skip (no 1h Binance data)
2026-04-01 22:04:57,627 [INFO]   [213]  BANANAS31  (#213)  $0.01333  24h: +1.8%
2026-04-01 22:04:57,971 [INFO]           -> signals 2/8  conv 24  [btc_decoupling_6h, rsi_reversal]
2026-04-01 22:05:04,472 [INFO]   [214]  AKT        (#215)  $0.50646  24h: +1.3%
2026-04-01 22:05:04,793 [INFO]           -> skip (no 1h Binance data)
2026-04-01 22:05:11,301 [INFO]   [216]  THBILL     (#216)  $1.018  24h: +0.1%
2026-04-01 22:05:11,583 [INFO]           -> skip (no 1h Binance data)
2026-04-01 22:05:18,084 [INFO]   [217]  ULTIMA     (#217)  $3477.8  24h: -2.1%
2026-04-01 22:05:18,368 [INFO]           -> skip (no 1h Binance data)
2026-04-01 22:05:24,869 [INFO]   [220]  1INCH      (#220)  $0.091417  24h: +0.8%
2026-04-01 22:05:25,208 [INFO]           -> signals 1/8  conv 12  [obv_turning]
2026-04-01 22:05:31,710 [INFO]   [221]  A          (#221)  $0.078625  24h: +3.9%
2026-04-01 22:05:32,116 [INFO]           -> signals 1/8  conv 12  [obv_turning]
2026-04-01 22:05:38,623 [INFO]   [222]  GLM        (#222)  $0.12816  24h: +1.0%
2026-04-01 22:05:38,951 [INFO]           -> signals 1/8  conv 9  [bb_squeeze]
2026-04-01 22:05:45,453 [INFO]   [223]  SENT       (#223)  $0.017638  24h: -3.2%
2026-04-01 22:05:45,776 [INFO]           -> signals 2/8  conv 21  [obv_turning, rsi_reversal]
2026-04-01 22:05:52,278 [INFO]   [224]  ATH        (#224)  $0.0069383  24h: -3.2%
2026-04-01 22:05:52,564 [INFO]           -> skip (no 1h Binance data)
2026-04-01 22:05:59,137 [INFO]   [225]  SOSO       (#225)  $0.40802  24h: +0.6%
2026-04-01 22:05:59,421 [INFO]           -> skip (no 1h Binance data)
2026-04-01 22:06:05,922 [INFO]   [227]  SN64       (#227)  $26.94  24h: +1.2%
2026-04-01 22:06:06,207 [INFO]           -> skip (no 1h Binance data)
2026-04-01 22:06:12,709 [INFO]   [228]  OZO        (#228)  $0.13129  24h: -0.6%
2026-04-01 22:06:12,994 [INFO]           -> skip (no 1h Binance data)
2026-04-01 22:06:19,496 [INFO]   [229]  JTO        (#229)  $0.2755  24h: -2.4%
2026-04-01 22:06:19,811 [INFO]           -> signals 2/8  conv 18  [rsi_reversal, bb_squeeze]
2026-04-01 22:06:26,312 [INFO]   [230]  SHFL       (#230)  $0.31361  24h: +5.6%
2026-04-01 22:06:26,604 [INFO]           -> skip (no 1h Binance data)
2026-04-01 22:06:33,106 [INFO]   [231]  GOMINING   (#231)  $0.30409  24h: +2.8%
2026-04-01 22:06:33,399 [INFO]           -> skip (no 1h Binance data)
2026-04-01 22:06:39,902 [INFO]   [232]  FRXUSD     (#232)  $1  24h: +0.1%
2026-04-01 22:06:40,185 [INFO]           -> skip (no 1h Binance data)
2026-04-01 22:06:46,699 [INFO]   [233]  FLUID      (#233)  $1.57  24h: -6.0%
2026-04-01 22:06:47,020 [INFO]           -> skip (no 1h Binance data)
2026-04-01 22:06:53,523 [INFO]   [234]  TRAC       (#234)  $0.27213  24h: -2.6%
2026-04-01 22:06:53,812 [INFO]           -> skip (no 1h Binance data)
2026-04-01 22:07:00,314 [INFO]   [235]  CASH       (#235)  $0.9976  24h: -0.3%
2026-04-01 22:07:00,596 [INFO]           -> skip (no 1h Binance data)
2026-04-01 22:07:07,097 [INFO]   [238]  WEMIX      (#238)  $0.25464  24h: +0.7%
2026-04-01 22:07:07,376 [INFO]           -> skip (no 1h Binance data)
2026-04-01 22:07:13,880 [INFO]   [239]  IMX        (#239)  $0.13974  24h: -0.2%
2026-04-01 22:07:14,192 [INFO]           -> signals 1/8  conv 9  [bb_squeeze]
2026-04-01 22:07:20,694 [INFO]   [240]  IUSD       (#240)  $0.99999  24h: +0.0%
2026-04-01 22:07:20,978 [INFO]           -> skip (no 1h Binance data)
2026-04-01 22:07:27,480 [INFO]   [241]  ONT        (#241)  $0.12537  24h: +66.1%
2026-04-01 22:07:27,807 [INFO]           -> signals 4/8  conv 56  [vol_spike_6h, btc_decoupling_6h, obv_turning, vol_spike_24h]
2026-04-01 22:07:34,309 [INFO]   [242]  PIEVERSE   (#242)  $0.53696  24h: +2.1%
2026-04-01 22:07:34,592 [INFO]           -> skip (no 1h Binance data)
2026-04-01 22:07:41,093 [INFO]   [243]  COW        (#243)  $0.20595  24h: -0.1%
2026-04-01 22:07:41,423 [INFO]           -> signals 1/8  conv 9  [bb_squeeze]
2026-04-01 22:07:47,925 [INFO]   [245]  EGLD       (#245)  $3.84  24h: +1.3%
2026-04-01 22:07:48,246 [INFO]           -> signals 1/8  conv 12  [obv_turning]
2026-04-01 22:07:54,747 [INFO]   [246]  EURCV      (#246)  $1.16  24h: +0.2%
2026-04-01 22:07:55,031 [INFO]           -> skip (no 1h Binance data)
2026-04-01 22:08:01,532 [INFO]   [247]  AR         (#247)  $1.73  24h: -1.0%
2026-04-01 22:08:01,864 [INFO]           -> signals 1/8  conv 9  [bb_squeeze]
2026-04-01 22:08:08,366 [INFO]   [248]  EIGEN      (#248)  $0.16413  24h: -0.8%
2026-04-01 22:08:08,676 [INFO]           -> signals 0/8  conv 0  [none]
2026-04-01 22:08:15,179 [INFO]   [250]  SKR        (#250)  $0.018087  24h: -3.4%
2026-04-01 22:08:15,472 [INFO]           -> skip (no 1h Binance data)
2026-04-01 22:08:21,976 [INFO]   [251]  RLB        (#251)  $0.063728  24h: +2.9%
2026-04-01 22:08:22,258 [INFO]           -> skip (no 1h Binance data)
2026-04-01 22:08:28,760 [INFO]   [252]  0G         (#252)  $0.51075  24h: +2.6%
2026-04-01 22:08:29,062 [INFO]           -> signals 4/8  conv 56  [vol_spike_6h, btc_decoupling_6h, price_range_break, vol_spike_24h]
2026-04-01 22:08:35,566 [INFO]   [253]  MELANIA    (#253)  $0.11362  24h: -0.3%
2026-04-01 22:08:35,854 [INFO]           -> skip (no 1h Binance data)
2026-04-01 22:08:42,356 [INFO]   [254]  BMX        (#254)  $0.31449  24h: -0.1%
2026-04-01 22:08:42,645 [INFO]           -> skip (no 1h Binance data)
2026-04-01 22:08:49,148 [INFO]   [255]  GAS        (#255)  $1.63  24h: +4.2%
2026-04-01 22:08:49,477 [INFO]           -> signals 0/8  conv 0  [none]
2026-04-01 22:08:55,979 [INFO]   [257]  TIBBIR     (#257)  $0.10601  24h: -2.1%
2026-04-01 22:08:56,269 [INFO]           -> skip (no 1h Binance data)
2026-04-01 22:09:02,770 [INFO]   [258]  BARD       (#258)  $0.34757  24h: -1.6%
2026-04-01 22:09:03,085 [INFO]           -> signals 2/8  conv 18  [rsi_reversal, bb_squeeze]
2026-04-01 22:09:09,587 [INFO]   [260]  ICNT       (#259)  $0.41323  24h: +2.7%
2026-04-01 22:09:09,882 [INFO]           -> skip (no 1h Binance data)
2026-04-01 22:09:16,384 [INFO]   [261]  LPT        (#261)  $2.08  24h: -1.3%
2026-04-01 22:09:16,699 [INFO]           -> signals 2/8  conv 21  [obv_turning, rsi_reversal]
2026-04-01 22:09:23,203 [INFO]   [265]  QTUM       (#265)  $0.9448  24h: +5.7%
2026-04-01 22:09:23,525 [INFO]           -> signals 3/8  conv 38  [btc_decoupling_6h, obv_turning, vol_spike_24h]
2026-04-01 22:09:30,027 [INFO]   [266]  BERA       (#266)  $0.43663  24h: -1.1%
2026-04-01 22:09:30,370 [INFO]           -> signals 1/8  conv 9  [rsi_reversal]
2026-04-01 22:09:36,892 [INFO]   [267]  UUSD       (#267)  $0.99986  24h: -0.2%
2026-04-01 22:09:37,177 [INFO]           -> skip (no 1h Binance data)
2026-04-01 22:09:43,678 [INFO]   [268]  DUSD       (#268)  $0.9992  24h: +0.1%
2026-04-01 22:09:43,968 [INFO]           -> skip (no 1h Binance data)
2026-04-01 22:09:50,485 [INFO]   [270]  ZEN        (#270)  $5.52  24h: -2.1%
2026-04-01 22:09:50,808 [INFO]           -> signals 1/8  conv 9  [rsi_reversal]
2026-04-01 22:09:57,310 [INFO]   [273]  SNX        (#273)  $0.28512  24h: -0.7%
2026-04-01 22:09:57,626 [INFO]           -> signals 2/8  conv 21  [obv_turning, rsi_reversal]
2026-04-01 22:10:04,129 [INFO]   [274]  SN3        (#274)  $23.29  24h: +2.6%
2026-04-01 22:10:04,417 [INFO]           -> skip (no 1h Binance data)
2026-04-01 22:10:10,919 [INFO]   [275]  KAITO      (#275)  $0.40474  24h: -0.5%
2026-04-01 22:10:11,227 [INFO]           -> signals 1/8  conv 15  [btc_decoupling_6h]
2026-04-01 22:10:17,731 [INFO]   [277]  AWE        (#277)  $0.0492  24h: -0.2%
2026-04-01 22:10:18,042 [INFO]           -> signals 2/8  conv 18  [rsi_reversal, bb_squeeze]
2026-04-01 22:10:24,542 [INFO]   [278]  RVN        (#278)  $0.0058924  24h: -1.9%
2026-04-01 22:10:24,869 [INFO]           -> signals 3/8  conv 29  [obv_turning, rsi_reversal, bb_squeeze]
2026-04-01 22:10:31,369 [INFO]   [279]  RSR        (#279)  $0.0015113  24h: -1.7%
2026-04-01 22:10:31,686 [INFO]           -> signals 3/8  conv 38  [whale_candle_recent, btc_decoupling_6h, rsi_reversal]
2026-04-01 22:10:38,188 [INFO]   [280]  GRX        (#280)  $9.83  24h: +11.3%
2026-04-01 22:10:38,481 [INFO]           -> skip (no 1h Binance data)
2026-04-01 22:10:44,982 [INFO]   [281]  GWEI       (#282)  $0.053121  24h: +24.0%
2026-04-01 22:10:45,264 [INFO]           -> skip (no 1h Binance data)
2026-04-01 22:10:51,768 [INFO]   [282]  XDAI       (#281)  $1  24h: +0.0%
2026-04-01 22:10:52,060 [INFO]           -> skip (no 1h Binance data)
2026-04-01 22:10:58,562 [INFO]   [283]  KTA        (#283)  $0.17729  24h: -21.8%
2026-04-01 22:10:58,846 [INFO]           -> skip (no 1h Binance data)
2026-04-01 22:11:05,349 [INFO]   [284]  STO        (#284)  $0.40185  24h: +140.0%
2026-04-01 22:11:05,663 [INFO]           -> signals 5/8  conv 68  [vol_spike_6h, btc_decoupling_6h, obv_turning, price_range_break, vol_spike_24h]
2026-04-01 22:11:12,165 [INFO]   [285]  CFG        (#285)  $0.1561  24h: -6.0%
2026-04-01 22:11:12,478 [INFO]           -> signals 2/8  conv 18  [rsi_reversal, bb_squeeze]
2026-04-01 22:11:18,979 [INFO]   [286]  BRZ        (#286)  $0.19316  24h: +0.7%
2026-04-01 22:11:19,261 [INFO]           -> skip (no 1h Binance data)
2026-04-01 22:11:25,763 [INFO]   [287]  ZRX        (#287)  $0.10561  24h: +3.7%
2026-04-01 22:11:26,085 [INFO]           -> signals 2/8  conv 21  [obv_turning, rsi_reversal]
2026-04-01 22:11:32,588 [INFO]   [288]  USDA       (#288)  $1.001  24h: +0.0%
2026-04-01 22:11:32,877 [INFO]           -> skip (no 1h Binance data)
2026-04-01 22:11:39,380 [INFO]   [289]  APE        (#289)  $0.089447  24h: +3.3%
2026-04-01 22:11:39,691 [INFO]           -> signals 1/8  conv 12  [vol_spike_24h]
2026-04-01 22:11:46,193 [INFO]   [290]  VCNT       (#290)  $18.11  24h: +0.1%
2026-04-01 22:11:46,478 [INFO]           -> skip (no 1h Binance data)
2026-04-01 22:11:52,979 [INFO]   [291]  SN4        (#291)  $19.87  24h: +3.1%
2026-04-01 22:11:53,263 [INFO]           -> skip (no 1h Binance data)
2026-04-01 22:11:59,764 [INFO]   [292]  YFI        (#292)  $2449.5  24h: -1.4%
2026-04-01 22:12:00,072 [INFO]           -> signals 1/8  conv 9  [rsi_reversal]
2026-04-01 22:12:06,573 [INFO]   [293]  BEAM       (#294)  $0.0016998  24h: +1.2%
2026-04-01 22:12:06,880 [INFO]           -> signals 0/8  conv 0  [none]
2026-04-01 22:12:13,381 [INFO]   [295]  FORM       (#295)  $0.22689  24h: -5.2%
2026-04-01 22:12:13,692 [INFO]           -> signals 1/8  conv 12  [vol_spike_24h]
2026-04-01 22:12:20,194 [INFO]   [296]  INI        (#296)  $0.10765  24h: -0.4%
2026-04-01 22:12:20,484 [INFO]           -> skip (no 1h Binance data)
2026-04-01 22:12:26,986 [INFO]   [297]  AMP        (#297)  $0.0010153  24h: -3.6%
2026-04-01 22:12:27,302 [INFO]           -> signals 3/8  conv 29  [obv_turning, rsi_reversal, bb_squeeze]
2026-04-01 22:12:33,804 [INFO]   [298]  ARIA       (#298)  $0.46066  24h: +35.6%
2026-04-01 22:12:34,091 [INFO]           -> skip (no 1h Binance data)
2026-04-01 22:12:40,593 [INFO]   [299]  W          (#299)  $0.014952  24h: +3.4%
2026-04-01 22:12:40,912 [INFO]           -> signals 2/8  conv 26  [btc_decoupling_6h, obv_turning]
2026-04-01 22:12:47,416 [INFO]   [300]  APXUSD     (#300)  $1  24h: +0.1%
2026-04-01 22:12:47,701 [INFO]           -> skip (no 1h Binance data)
2026-04-01 22:12:54,202 [INFO]   [301]  JUPUSD     (#301)  $0.99897  24h: -0.1%
2026-04-01 22:12:54,487 [INFO]           -> skip (no 1h Binance data)
2026-04-01 22:13:00,988 [INFO]   [302]  DYDX       (#302)  $0.098948  24h: -3.1%
2026-04-01 22:13:01,304 [INFO]           -> signals 1/8  conv 9  [rsi_reversal]
2026-04-01 22:13:07,805 [INFO]   [303]  TFUEL      (#303)  $0.011261  24h: -0.3%
2026-04-01 22:13:08,120 [INFO]           -> signals 1/8  conv 9  [rsi_reversal]
2026-04-01 22:13:14,621 [INFO]   [304]  MAG7.SSI   (#304)  $0.48418  24h: +0.7%
2026-04-01 22:13:14,909 [INFO]           -> skip (no 1h Binance data)
2026-04-01 22:13:21,412 [INFO]   [305]  TAG        (#305)  $0.00073334  24h: +28.2%
2026-04-01 22:13:21,692 [INFO]           -> skip (no 1h Binance data)
2026-04-01 22:13:28,193 [INFO]   [308]  ROSE       (#308)  $0.01036  24h: +0.8%
2026-04-01 22:13:28,518 [INFO]           -> signals 0/8  conv 0  [none]
2026-04-01 22:13:35,019 [INFO]   [309]  ZIL        (#309)  $0.0038819  24h: +1.6%
2026-04-01 22:13:35,344 [INFO]           -> signals 1/8  conv 12  [obv_turning]
2026-04-01 22:13:41,854 [INFO]   [310]  LION       (#310)  $0.0025105  24h: -2.6%
2026-04-01 22:13:42,140 [INFO]           -> skip (no 1h Binance data)
2026-04-01 22:13:48,642 [INFO]   [311]  TOSHI      (#311)  $0.00018344  24h: -0.5%
2026-04-01 22:13:48,936 [INFO]           -> skip (no 1h Binance data)
2026-04-01 22:13:55,438 [INFO]   [312]  CTC        (#312)  $0.1443  24h: +1.8%
2026-04-01 22:13:55,722 [INFO]           -> skip (no 1h Binance data)
2026-04-01 22:14:02,224 [INFO]   [313]  KSM        (#313)  $4.25  24h: +1.5%
2026-04-01 22:14:02,543 [INFO]           -> signals 1/8  conv 12  [obv_turning]
2026-04-01 22:14:09,049 [INFO]   [315]  KMNO       (#315)  $0.017783  24h: +5.9%
2026-04-01 22:14:09,375 [INFO]           -> signals 0/8  conv 0  [none]
2026-04-01 22:14:15,876 [INFO]   [316]  LINEA      (#317)  $0.0030346  24h: +1.1%
2026-04-01 22:14:16,193 [INFO]           -> signals 1/8  conv 9  [bb_squeeze]
2026-04-01 22:14:22,695 [INFO]   [317]  LUX        (#316)  $0.000758  24h: -0.0%
2026-04-01 22:14:22,991 [INFO]           -> skip (no 1h Binance data)
2026-04-01 22:14:29,492 [INFO]   [318]  MINA       (#318)  $0.058794  24h: +11.4%
2026-04-01 22:14:29,817 [INFO]           -> signals 2/8  conv 24  [obv_turning, vol_spike_24h]
2026-04-01 22:14:36,318 [INFO]   [320]  DGB        (#320)  $0.0041158  24h: +3.8%
2026-04-01 22:14:36,636 [INFO]           -> signals 4/8  conv 47  [btc_decoupling_6h, obv_turning, price_range_break, rsi_reversal]
2026-04-01 22:14:43,140 [INFO]   [322]  XAUM       (#322)  $4695.2  24h: +1.6%
2026-04-01 22:14:43,427 [INFO]           -> skip (no 1h Binance data)
2026-04-01 22:14:49,928 [INFO]   [324]  SAFE       (#324)  $0.10058  24h: +4.2%
2026-04-01 22:14:50,216 [INFO]           -> skip (no 1h Binance data)
2026-04-01 22:14:56,717 [INFO]   [325]  XVG        (#325)  $0.0044247  24h: -2.8%
2026-04-01 22:14:57,037 [INFO]           -> signals 3/8  conv 29  [obv_turning, rsi_reversal, bb_squeeze]
2026-04-01 22:15:03,538 [INFO]   [326]  NXPC       (#326)  $0.28051  24h: +1.1%
2026-04-01 22:15:03,848 [INFO]           -> signals 0/8  conv 0  [none]
2026-04-01 22:15:10,349 [INFO]   [328]  HOT        (#328)  $0.00040885  24h: +1.0%
2026-04-01 22:15:10,660 [INFO]           -> signals 2/8  conv 21  [obv_turning, bb_squeeze]
2026-04-01 22:15:17,161 [INFO]   [331]  TURBO      (#331)  $0.0010386  24h: +1.7%
2026-04-01 22:15:17,482 [INFO]           -> signals 1/8  conv 12  [obv_turning]
2026-04-01 22:15:23,983 [INFO]   [334]  AIOZ       (#334)  $0.057104  24h: -0.2%
2026-04-01 22:15:24,276 [INFO]           -> skip (no 1h Binance data)
2026-04-01 22:15:30,777 [INFO]   [335]  SAHARA     (#335)  $0.022622  24h: -2.1%
2026-04-01 22:15:31,096 [INFO]           -> signals 1/8  conv 9  [rsi_reversal]
2026-04-01 22:15:37,597 [INFO]   [336]  DOG        (#336)  $0.00070597  24h: -0.1%
2026-04-01 22:15:37,883 [INFO]           -> skip (no 1h Binance data)
2026-04-01 22:15:44,384 [INFO]   [337]  VELO       (#337)  $0.0040076  24h: +7.3%
2026-04-01 22:15:44,683 [INFO]           -> skip (no 1h Binance data)
2026-04-01 22:15:51,186 [INFO]   [338]  CKB        (#338)  $0.0014499  24h: +4.2%
2026-04-01 22:15:51,494 [INFO]           -> signals 1/8  conv 12  [obv_turning]
2026-04-01 22:15:57,995 [INFO]   [339]  MET        (#339)  $0.13507  24h: -0.9%
2026-04-01 22:15:58,323 [INFO]           -> signals 3/8  conv 41  [vol_spike_6h, whale_candle_recent, rsi_reversal]
2026-04-01 22:16:04,827 [INFO]   [341]  DBR        (#341)  $0.014681  24h: +0.4%
2026-04-01 22:16:05,112 [INFO]           -> skip (no 1h Binance data)
2026-04-01 22:16:11,615 [INFO]   [343]  DEEP       (#343)  $0.027416  24h: +5.8%
2026-04-01 22:16:11,903 [INFO]           -> skip (no 1h Binance data)
2026-04-01 22:16:18,403 [INFO]   [344]  RON        (#344)  $0.08864  24h: -1.0%
2026-04-01 22:16:18,690 [INFO]           -> skip (no 1h Binance data)
2026-04-01 22:16:25,192 [INFO]   [346]  T          (#346)  $0.006136  24h: +2.1%
2026-04-01 22:16:25,504 [INFO]           -> signals 1/8  conv 12  [vol_spike_24h]
2026-04-01 22:16:32,007 [INFO]   [347]  DRV        (#347)  $0.066452  24h: +2.3%
2026-04-01 22:16:32,295 [INFO]           -> skip (no 1h Binance data)
2026-04-01 22:16:38,800 [INFO]   [350]  USDGO      (#350)  $0.99985  24h: +0.0%
2026-04-01 22:16:39,085 [INFO]           -> skip (no 1h Binance data)
2026-04-01 22:16:45,587 [INFO]   [352]  MBG        (#352)  $0.36502  24h: -0.2%
2026-04-01 22:16:45,875 [INFO]           -> skip (no 1h Binance data)
2026-04-01 22:16:52,376 [INFO]   [353]  WMTX       (#353)  $0.07906  24h: +12.3%
2026-04-01 22:16:52,662 [INFO]           -> skip (no 1h Binance data)
2026-04-01 22:16:59,165 [INFO]   [354]  SUPER      (#354)  $0.10526  24h: -2.3%
2026-04-01 22:16:59,479 [INFO]           -> signals 2/8  conv 18  [rsi_reversal, bb_squeeze]
2026-04-01 22:17:05,981 [INFO]   [355]  SN120      (#355)  $24.07  24h: +1.9%
2026-04-01 22:17:06,266 [INFO]           -> skip (no 1h Binance data)
2026-04-01 22:17:12,768 [INFO]   [356]  USDON      (#356)  $1  24h: +0.0%
2026-04-01 22:17:13,053 [INFO]           -> skip (no 1h Binance data)
2026-04-01 22:17:19,554 [INFO]   [358]  GMX        (#358)  $6.39  24h: -0.8%
2026-04-01 22:17:19,862 [INFO]           -> signals 3/8  conv 32  [btc_decoupling_6h, rsi_reversal, bb_squeeze]
2026-04-01 22:17:26,363 [INFO]   [359]  DOLA       (#359)  $0.99198  24h: +0.1%
2026-04-01 22:17:26,652 [INFO]           -> skip (no 1h Binance data)
2026-04-01 22:17:33,153 [INFO]   [361]  XPR        (#362)  $0.0022825  24h: -0.4%
2026-04-01 22:17:33,436 [INFO]           -> skip (no 1h Binance data)
2026-04-01 22:17:39,937 [INFO]   [362]  ZETA       (#361)  $0.047946  24h: +0.8%
2026-04-01 22:17:40,224 [INFO]           -> skip (no 1h Binance data)
2026-04-01 22:17:46,725 [INFO]   [363]  HOME       (#363)  $0.018983  24h: -3.5%
2026-04-01 22:17:47,042 [INFO]           -> signals 2/8  conv 18  [rsi_reversal, bb_squeeze]
2026-04-01 22:17:53,543 [INFO]   [364]  MOVE       (#364)  $0.018458  24h: +1.8%
2026-04-01 22:17:53,873 [INFO]           -> signals 1/8  conv 12  [obv_turning]
2026-04-01 22:18:00,373 [INFO]   [365]  ASTR       (#365)  $0.0075383  24h: -0.8%
2026-04-01 22:18:00,692 [INFO]           -> signals 2/8  conv 21  [obv_turning, bb_squeeze]
2026-04-01 22:18:07,193 [INFO]   [366]  ELF        (#366)  $0.078393  24h: +0.4%
2026-04-01 22:18:07,507 [INFO]           -> signals 2/8  conv 29  [whale_candle_recent, btc_decoupling_6h]
2026-04-01 22:18:14,009 [INFO]   [367]  USDM       (#367)  $0.99974  24h: +0.1%
2026-04-01 22:18:14,295 [INFO]           -> skip (no 1h Binance data)
2026-04-01 22:18:20,798 [INFO]   [369]  FOGO       (#369)  $0.016577  24h: -2.2%
2026-04-01 22:18:21,113 [INFO]           -> signals 1/8  conv 9  [rsi_reversal]
2026-04-01 22:18:27,616 [INFO]   [371]  ZORA       (#370)  $0.014035  24h: +1.9%
2026-04-01 22:18:27,900 [INFO]           -> skip (no 1h Binance data)
2026-04-01 22:18:34,403 [INFO]   [372]  METAL      (#371)  $0.12351  24h: -1.0%
2026-04-01 22:18:34,698 [INFO]           -> skip (no 1h Binance data)
2026-04-01 22:18:41,200 [INFO]   [374]  UB         (#373)  $0.024786  24h: +3.4%
2026-04-01 22:18:41,493 [INFO]           -> skip (no 1h Binance data)
2026-04-01 22:18:47,993 [INFO]   [375]  PYTHIA     (#375)  $0.062038  24h: +0.3%
2026-04-01 22:18:48,277 [INFO]           -> skip (no 1h Binance data)
2026-04-01 22:18:54,778 [INFO]   [378]  BRETT      (#378)  $0.0062017  24h: +0.7%
2026-04-01 22:18:55,064 [INFO]           -> skip (no 1h Binance data)
2026-04-01 22:19:01,566 [INFO]   [379]  BLUR       (#379)  $0.022198  24h: +28.5%
2026-04-01 22:19:01,872 [INFO]           -> signals 2/8  conv 29  [vol_spike_6h, vol_spike_24h]
2026-04-01 22:19:08,373 [INFO]   [380]  XNO        (#380)  $0.45832  24h: +2.6%
2026-04-01 22:19:08,679 [INFO]           -> signals 0/8  conv 0  [none]
2026-04-01 22:19:15,180 [INFO]   [381]  SKYAI      (#381)  $0.061015  24h: +2.7%
2026-04-01 22:19:15,469 [INFO]           -> skip (no 1h Binance data)
2026-04-01 22:19:21,970 [INFO]   [382]  GEOD       (#382)  $0.14327  24h: +2.0%
2026-04-01 22:19:22,252 [INFO]           -> skip (no 1h Binance data)
2026-04-01 22:19:28,756 [INFO]   [383]  BURN       (#384)  $4.91  24h: -1.8%
2026-04-01 22:19:29,037 [INFO]           -> skip (no 1h Binance data)
2026-04-01 22:19:35,540 [INFO]   [385]  NPC        (#385)  $0.0075273  24h: -1.6%
2026-04-01 22:19:35,831 [INFO]           -> skip (no 1h Binance data)
2026-04-01 22:19:42,333 [INFO]   [386]  TBK        (#386)  $0.60329  24h: +0.0%
2026-04-01 22:19:42,626 [INFO]           -> skip (no 1h Binance data)
2026-04-01 22:19:49,127 [INFO]   [390]  EURI       (#390)  $1.16  24h: +0.3%
2026-04-01 22:19:49,442 [INFO]           -> signals 1/8  conv 12  [obv_turning]
2026-04-01 22:19:55,944 [INFO]   [392]  BEAT       (#392)  $0.42282  24h: -9.8%
2026-04-01 22:19:56,232 [INFO]           -> skip (no 1h Binance data)
2026-04-01 22:20:02,732 [INFO]   [393]  VENOM      (#393)  $0.027421  24h: -5.5%
2026-04-01 22:20:03,024 [INFO]           -> skip (no 1h Binance data)
2026-04-01 22:20:09,525 [INFO]   [395]  POLYX      (#395)  $0.046207  24h: -1.1%
2026-04-01 22:20:09,834 [INFO]           -> signals 0/8  conv 0  [none]
2026-04-01 22:20:16,335 [INFO]   [396]  AZTEC      (#396)  $0.019757  24h: +0.6%
2026-04-01 22:20:16,619 [INFO]           -> skip (no 1h Binance data)
2026-04-01 22:20:23,121 [INFO]   [397]  KAVA       (#397)  $0.053498  24h: -2.8%
2026-04-01 22:20:23,436 [INFO]           -> signals 2/8  conv 18  [rsi_reversal, bb_squeeze]
2026-04-01 22:20:29,937 [INFO]   [399]  PIPPIN     (#399)  $0.057542  24h: +20.4%
2026-04-01 22:20:30,219 [INFO]           -> skip (no 1h Binance data)
2026-04-01 22:20:36,720 [INFO]   [400]  ARKM       (#400)  $0.10144  24h: +4.5%
2026-04-01 22:20:37,038 [INFO]           -> signals 1/8  conv 12  [obv_turning]
2026-04-01 22:20:43,540 [INFO]   [401]  RAVE       (#401)  $0.24082  24h: -5.0%
2026-04-01 22:20:43,827 [INFO]           -> skip (no 1h Binance data)
2026-04-01 22:20:50,328 [INFO]   [403]  KUB        (#403)  $0.82581  24h: +0.8%
2026-04-01 22:20:50,616 [INFO]           -> skip (no 1h Binance data)
2026-04-01 22:20:57,118 [INFO]   [404]  CCD        (#404)  $0.0046839  24h: -5.3%
2026-04-01 22:20:57,406 [INFO]           -> skip (no 1h Binance data)
2026-04-01 22:21:03,907 [INFO]   [407]  META       (#407)  $2.49  24h: -12.0%
2026-04-01 22:21:04,192 [INFO]           -> skip (no 1h Binance data)
2026-04-01 22:21:10,693 [INFO]   [408]  BAN        (#408)  $0.055731  24h: -6.8%
2026-04-01 22:21:10,979 [INFO]           -> skip (no 1h Binance data)
2026-04-01 22:21:17,481 [INFO]   [409]  RAIL       (#409)  $0.96311  24h: -0.1%
2026-04-01 22:21:17,778 [INFO]           -> skip (no 1h Binance data)
2026-04-01 22:21:24,279 [INFO]   [410]  MANTRA     (#411)  $0.011276  24h: +0.2%
2026-04-01 22:21:24,596 [INFO]           -> signals 1/8  conv 9  [bb_squeeze]
2026-04-01 22:21:31,097 [INFO]   [411]  ARC        (#412)  $0.055099  24h: +5.6%
2026-04-01 22:21:31,402 [INFO]           -> skip (no 1h Binance data)
2026-04-01 22:21:37,903 [INFO]   [412]  ESPORTS    (#410)  $0.36266  24h: -1.9%
2026-04-01 22:21:38,191 [INFO]           -> skip (no 1h Binance data)
2026-04-01 22:21:44,692 [INFO]   [413]  HSK        (#413)  $0.15887  24h: +0.6%
2026-04-01 22:21:44,989 [INFO]           -> skip (no 1h Binance data)
2026-04-01 22:21:51,489 [INFO]   [414]  BBT        (#414)  $0.32003  24h: -16.9%
2026-04-01 22:21:51,784 [INFO]           -> skip (no 1h Binance data)
2026-04-01 22:21:58,285 [INFO]   [415]  MOCA       (#415)  $0.013351  24h: +4.0%
2026-04-01 22:21:58,575 [INFO]           -> skip (no 1h Binance data)
2026-04-01 22:22:05,076 [INFO]   [416]  AXL        (#416)  $0.047331  24h: -0.8%
2026-04-01 22:22:05,398 [INFO]           -> signals 3/8  conv 29  [obv_turning, rsi_reversal, bb_squeeze]
2026-04-01 22:22:11,899 [INFO]   [417]  PLUME      (#417)  $0.010145  24h: -2.1%
2026-04-01 22:22:12,205 [INFO]           -> signals 2/8  conv 18  [rsi_reversal, bb_squeeze]
2026-04-01 22:22:18,706 [INFO]   [418]  TRIA       (#418)  $0.025015  24h: -11.9%
2026-04-01 22:22:18,986 [INFO]           -> skip (no 1h Binance data)
2026-04-01 22:22:25,486 [INFO]   [419]  SOON       (#419)  $0.11667  24h: +0.0%
2026-04-01 22:22:25,768 [INFO]           -> skip (no 1h Binance data)
2026-04-01 22:22:32,269 [INFO]   [420]  DUSK       (#420)  $0.10747  24h: +3.1%
2026-04-01 22:22:32,581 [INFO]           -> signals 3/8  conv 35  [btc_decoupling_6h, obv_turning, rsi_reversal]
2026-04-01 22:22:39,082 [INFO]   [421]  ORCA       (#422)  $0.88241  24h: -0.7%
2026-04-01 22:22:39,434 [INFO]           -> signals 2/8  conv 21  [vol_spike_24h, bb_squeeze]
2026-04-01 22:22:45,936 [INFO]   [422]  SUSHI      (#421)  $0.1965  24h: +0.3%
2026-04-01 22:22:46,257 [INFO]           -> signals 2/8  conv 18  [rsi_reversal, bb_squeeze]
2026-04-01 22:22:52,758 [INFO]   [423]  UPUMP      (#423)  $0.0016762  24h: -0.1%
2026-04-01 22:22:53,041 [INFO]           -> skip (no 1h Binance data)
2026-04-01 22:22:59,541 [INFO]   [424]  VTHO       (#424)  $0.00053829  24h: +0.2%
2026-04-01 22:22:59,852 [INFO]           -> signals 1/8  conv 9  [rsi_reversal]
2026-04-01 22:23:06,353 [INFO]   [425]  ELG        (#425)  $0.28914  24h: -0.2%
2026-04-01 22:23:06,640 [INFO]           -> skip (no 1h Binance data)
2026-04-01 22:23:13,142 [INFO]   [427]  SPK        (#427)  $0.020824  24h: -0.9%
2026-04-01 22:23:13,474 [INFO]           -> signals 2/8  conv 24  [btc_decoupling_6h, rsi_reversal]
2026-04-01 22:23:19,975 [INFO]   [428]  COAI       (#428)  $0.27959  24h: +3.3%
2026-04-01 22:23:20,263 [INFO]           -> skip (no 1h Binance data)
2026-04-01 22:23:26,767 [INFO]   [429]  SIGN       (#429)  $0.031757  24h: -2.7%
2026-04-01 22:23:27,079 [INFO]           -> signals 2/8  conv 21  [obv_turning, rsi_reversal]
2026-04-01 22:23:33,581 [INFO]   [430]  ALCH       (#430)  $0.061147  24h: -4.4%
2026-04-01 22:23:33,871 [INFO]           -> skip (no 1h Binance data)
2026-04-01 22:23:40,372 [INFO]   [431]  XYO        (#431)  $0.0036943  24h: -0.6%
2026-04-01 22:23:40,655 [INFO]           -> skip (no 1h Binance data)
2026-04-01 22:23:47,156 [INFO]   [432]  TSLAX      (#432)  $380.28  24h: +2.2%
2026-04-01 22:23:47,450 [INFO]           -> skip (no 1h Binance data)
2026-04-01 22:23:53,951 [INFO]   [433]  MEW        (#433)  $0.00057188  24h: +1.4%
2026-04-01 22:23:54,238 [INFO]           -> skip (no 1h Binance data)
2026-04-01 22:24:00,739 [INFO]   [434]  QFI        (#434)  $62.98  24h: +8.3%
2026-04-01 22:24:01,030 [INFO]           -> skip (no 1h Binance data)
2026-04-01 22:24:07,531 [INFO]   [435]  ZAMA       (#435)  $0.022953  24h: +1.4%
2026-04-01 22:24:07,866 [INFO]           -> signals 1/8  conv 12  [obv_turning]
2026-04-01 22:24:14,368 [INFO]   [436]  ME         (#436)  $0.10015  24h: +0.7%
2026-04-01 22:24:14,862 [INFO]           -> signals 2/8  conv 21  [obv_turning, bb_squeeze]
2026-04-01 22:24:21,364 [INFO]   [437]  CSPR       (#437)  $0.0031878  24h: +0.8%
2026-04-01 22:24:21,706 [INFO]           -> skip (no 1h Binance data)
2026-04-01 22:24:28,208 [INFO]   [438]  ANKR       (#438)  $0.0050054  24h: +0.4%
2026-04-01 22:24:28,542 [INFO]           -> signals 1/8  conv 12  [obv_turning]
2026-04-01 22:24:35,043 [INFO]   [439]  USDKG      (#439)  $1  24h: +0.0%
2026-04-01 22:24:35,482 [INFO]           -> skip (no 1h Binance data)
2026-04-01 22:24:41,984 [INFO]   [441]  LBT        (#441)  $0.20309  24h: +0.0%
2026-04-01 22:24:42,268 [INFO]           -> skip (no 1h Binance data)
2026-04-01 22:24:48,770 [INFO]   [442]  REQ        (#442)  $0.066724  24h: +1.9%
2026-04-01 22:24:49,088 [INFO]           -> signals 1/8  conv 12  [obv_turning]
2026-04-01 22:24:55,589 [INFO]   [443]  FIDD       (#443)  $0.99961  24h: +0.0%
2026-04-01 22:24:55,918 [INFO]           -> skip (no 1h Binance data)
2026-04-01 22:25:02,422 [INFO]   [444]  FLOW       (#444)  $0.02977  24h: -0.9%
2026-04-01 22:25:02,744 [INFO]           -> signals 2/8  conv 21  [obv_turning, rsi_reversal]
2026-04-01 22:25:09,245 [INFO]   [445]  CELO       (#445)  $0.081966  24h: +1.4%
2026-04-01 22:25:09,567 [INFO]           -> signals 2/8  conv 18  [rsi_reversal, bb_squeeze]
2026-04-01 22:25:16,069 [INFO]   [446]  SN51       (#446)  $12.73  24h: +1.5%
2026-04-01 22:25:16,436 [INFO]           -> skip (no 1h Binance data)
2026-04-01 22:25:22,939 [INFO]   [447]  ORDI       (#447)  $2.32  24h: +0.9%
2026-04-01 22:25:23,263 [INFO]           -> signals 2/8  conv 18  [rsi_reversal, bb_squeeze]
2026-04-01 22:25:29,764 [INFO]   [448]  SXT        (#448)  $0.016061  24h: +7.1%
2026-04-01 22:25:30,104 [INFO]           -> signals 2/8  conv 26  [btc_decoupling_6h, vol_spike_24h]
2026-04-01 22:25:36,605 [INFO]   [449]  CYS        (#449)  $0.30106  24h: -6.1%
2026-04-01 22:25:36,890 [INFO]           -> skip (no 1h Binance data)
2026-04-01 22:25:43,399 [INFO]   [450]  NMR        (#450)  $6.91  24h: +3.9%
2026-04-01 22:25:43,718 [INFO]           -> signals 4/8  conv 47  [btc_decoupling_6h, obv_turning, price_range_break, rsi_reversal]
2026-04-01 22:25:50,223 [INFO]   [451]  币安人生       (#451)  $0.047891  24h: +4.9%
2026-04-01 22:25:50,556 [INFO]           -> signals 1/8  conv 12  [vol_spike_24h]
2026-04-01 22:25:57,060 [INFO]   [454]  POPCAT     (#454)  $0.048252  24h: +0.6%
2026-04-01 22:25:57,358 [INFO]           -> skip (no 1h Binance data)
2026-04-01 22:26:03,859 [INFO]   [456]  BSB        (#456)  $0.22693  24h: +4.7%
2026-04-01 22:26:04,159 [INFO]           -> skip (no 1h Binance data)
2026-04-01 22:26:10,660 [INFO]   [459]  JELLYJELLY (#459)  $0.046746  24h: -10.5%
2026-04-01 22:26:10,958 [INFO]           -> skip (no 1h Binance data)
2026-04-01 22:26:17,459 [INFO]   [461]  MOODENG    (#461)  $0.046987  24h: +0.9%
2026-04-01 22:26:17,751 [INFO]           -> skip (no 1h Binance data)
2026-04-01 22:26:24,253 [INFO]   [462]  SC         (#462)  $0.00093084  24h: +2.4%
2026-04-01 22:26:24,587 [INFO]           -> signals 1/8  conv 12  [obv_turning]
2026-04-01 22:26:31,088 [INFO]   [464]  XCH        (#464)  $2.52  24h: -2.9%
2026-04-01 22:26:31,374 [INFO]           -> skip (no 1h Binance data)
2026-04-01 22:26:37,875 [INFO]   [465]  XVS        (#465)  $2.73  24h: -0.7%
2026-04-01 22:26:38,186 [INFO]           -> signals 2/8  conv 21  [obv_turning, rsi_reversal]
2026-04-01 22:26:44,687 [INFO]   [467]  GOHOME     (#467)  $87.06  24h: -0.4%
2026-04-01 22:26:44,981 [INFO]           -> skip (no 1h Binance data)
2026-04-01 22:26:51,492 [INFO]   [469]  XUSD       (#469)  $0.99995  24h: +0.0%
2026-04-01 22:26:51,864 [INFO]           -> signals 0/8  conv 0  [none]
2026-04-01 22:26:58,378 [INFO]   [471]  PCI        (#471)  $0.04392  24h: +2.6%
2026-04-01 22:26:58,684 [INFO]           -> skip (no 1h Binance data)
2026-04-01 22:27:05,184 [INFO]   [472]  UAI        (#472)  $0.18786  24h: -4.7%
2026-04-01 22:27:05,489 [INFO]           -> skip (no 1h Binance data)
2026-04-01 22:27:11,991 [INFO]   [473]  SN8        (#473)  $10.43  24h: +3.3%
2026-04-01 22:27:12,297 [INFO]           -> skip (no 1h Binance data)
2026-04-01 22:27:18,813 [INFO]   [474]  BABY       (#474)  $0.014386  24h: +1.6%
2026-04-01 22:27:19,161 [INFO]           -> signals 4/8  conv 47  [btc_decoupling_6h, obv_turning, price_range_break, rsi_reversal]
2026-04-01 22:27:25,662 [INFO]   [475]  TRADOOR    (#475)  $3.1  24h: -2.6%
2026-04-01 22:27:25,952 [INFO]           -> skip (no 1h Binance data)
2026-04-01 22:27:32,454 [INFO]   [476]  PURR       (#476)  $0.074513  24h: -2.2%
2026-04-01 22:27:32,737 [INFO]           -> skip (no 1h Binance data)
2026-04-01 22:27:39,238 [INFO]   [477]  PLLD       (#477)  $0.85423  24h: +0.7%
2026-04-01 22:27:39,529 [INFO]           -> skip (no 1h Binance data)
2026-04-01 22:27:46,029 [INFO]   [478]  PROVE      (#478)  $0.22711  24h: +1.0%
2026-04-01 22:27:46,358 [INFO]           -> signals 1/8  conv 9  [rsi_reversal]
2026-04-01 22:27:52,858 [INFO]   [480]  BTW        (#480)  $0.020018  24h: -1.0%
2026-04-01 22:27:53,154 [INFO]           -> skip (no 1h Binance data)
2026-04-01 22:27:59,655 [INFO]   [481]  UNP        (#481)  $0.15741  24h: +0.4%
2026-04-01 22:27:59,962 [INFO]           -> skip (no 1h Binance data)
2026-04-01 22:28:06,463 [INFO]   [482]  ROBO       (#482)  $0.019668  24h: -9.9%
2026-04-01 22:28:06,783 [INFO]           -> signals 1/8  conv 9  [rsi_reversal]
2026-04-01 22:28:13,285 [INFO]   [483]  MGG        (#483)  $0.0030181  24h: +0.1%
2026-04-01 22:28:13,575 [INFO]           -> skip (no 1h Binance data)
2026-04-01 22:28:20,076 [INFO]   [484]  SKL        (#484)  $0.0071179  24h: +1.4%
2026-04-01 22:28:20,386 [INFO]           -> signals 4/8  conv 47  [btc_decoupling_6h, obv_turning, vol_spike_24h, rsi_reversal]
2026-04-01 22:28:26,887 [INFO]   [486]  SN62       (#486)  $9.83  24h: +0.2%
2026-04-01 22:28:27,171 [INFO]           -> skip (no 1h Binance data)
2026-04-01 22:28:33,673 [INFO]   [488]  GUSD       (#488)  $0.99928  24h: +0.1%
2026-04-01 22:28:33,962 [INFO]           -> skip (no 1h Binance data)
2026-04-01 22:28:40,463 [INFO]   [489]  ZIG        (#489)  $0.030371  24h: +1.2%
2026-04-01 22:28:40,756 [INFO]           -> skip (no 1h Binance data)
2026-04-01 22:28:47,257 [INFO]   [490]  ALEO       (#490)  $0.042657  24h: +1.7%
2026-04-01 22:28:47,545 [INFO]           -> skip (no 1h Binance data)
2026-04-01 22:28:54,046 [INFO]   [491]  YZY        (#491)  $0.32865  24h: -0.5%
2026-04-01 22:28:54,341 [INFO]           -> skip (no 1h Binance data)
2026-04-01 22:29:00,842 [INFO]   [492]  IOTX       (#492)  $0.0045091  24h: -3.0%
2026-04-01 22:29:01,249 [INFO]           -> signals 2/8  conv 18  [rsi_reversal, bb_squeeze]
2026-04-01 22:29:07,751 [INFO]   [493]  ARDR       (#493)  $0.042598  24h: -0.1%
2026-04-01 22:29:08,071 [INFO]           -> signals 0/8  conv 0  [none]
2026-04-01 22:29:14,571 [INFO]   [495]  CRCLX      (#495)  $90.84  24h: -5.9%
2026-04-01 22:29:14,859 [INFO]           -> skip (no 1h Binance data)
2026-04-01 22:29:21,360 [INFO]   [497]  FB         (#497)  $0.42584  24h: +1.0%
2026-04-01 22:29:21,650 [INFO]           -> skip (no 1h Binance data)
2026-04-01 22:29:28,151 [INFO]   [498]  AVNT       (#498)  $0.13081  24h: -2.1%
2026-04-01 22:29:28,460 [INFO]           -> signals 3/8  conv 29  [obv_turning, rsi_reversal, bb_squeeze]
2026-04-01 22:29:34,964 [INFO]   [499]  MASK       (#499)  $0.41651  24h: +0.5%
2026-04-01 22:29:35,305 [INFO]           -> signals 3/8  conv 29  [obv_turning, rsi_reversal, bb_squeeze]
2026-04-01 22:29:41,807 [INFO] 
[4/4] Building ignition radar report...
2026-04-01 22:29:41,807 [INFO]   Low-volume skipped: 78
2026-04-01 22:29:41,807 [INFO]   WATCH NOW : 27
2026-04-01 22:29:41,808 [INFO]   ON RADAR  : 50
2026-04-01 22:29:41,832 [INFO] 
  Report -> C:\Users\bruno\OneDrive\Ambiente de Trabalho\Workspace\crypto scanner\crypto-scanner\outputs\scanner-results\ignition_radar_LATEST.txt
2026-04-01 22:29:41,832 [INFO]   JSON   -> C:\Users\bruno\OneDrive\Ambiente de Trabalho\Workspace\crypto scanner\crypto-scanner\outputs\scanner-results\ignition_radar_20260401_2229.json
2026-04-01 22:29:41,832 [INFO] 
================================================================================
  IGNITION RADAR v1.0 -- EARLY VOLUME / BREAKOUT WATCHLIST
  Generated: 2026-04-01 22:29:41  |  Regime: SIDEWAYS
================================================================================

MARKET CONTEXT
  BTC Price: $68,165  |  BTC 6h: -1.09%  |  BTC 24h: -0.17%

  NOTE: Watchlist only. No position sizing. These are early warnings.
  Confirm with alpha_scanner once RS builds (7d outperformance >=5%).

[WATCH NOW -- 27 coin(s)]
  #1   XPL     rank 146   price 0.106953       vol_spike 3.4x  signals: vol_spike_6h, whale_candle_recent, btc_decoupling_6h, obv_turning, price_range_break, vol_spike_24h   conv: 82
  #2   STO     rank 284   price 0.401851       vol_spike 5.6x  signals: vol_spike_6h, btc_decoupling_6h, obv_turning, price_range_break, vol_spike_24h   conv: 68
  #3   TWT     rank 187   price 0.40024        vol_spike 2.8x  signals: vol_spike_6h, btc_decoupling_6h, obv_turning, vol_spike_24h, rsi_reversal   conv: 65
  #4   IOTA    rank 144   price 0.059657       vol_spike 3.3x  signals: vol_spike_6h, btc_decoupling_6h, obv_turning, vol_spike_24h   conv: 56
  #5   ONT     rank 241   price 0.12537        vol_spike 2.9x  signals: vol_spike_6h, btc_decoupling_6h, obv_turning, vol_spike_24h   conv: 56
  #6   0G      rank 252   price 0.51075        vol_spike 6.5x  signals: vol_spike_6h, btc_decoupling_6h, price_range_break, vol_spike_24h   conv: 56
  #7   RUNE    rank 207   price 0.410884      signals: btc_decoupling_6h, obv_turning, vol_spike_24h, rsi_reversal   conv: 47
  #8   DGB     rank 320   price 0.00411576    signals: btc_decoupling_6h, obv_turning, price_range_break, rsi_reversal   conv: 47
  #9   NMR     rank 450   price 6.91          signals: btc_decoupling_6h, obv_turning, price_range_break, rsi_reversal   conv: 47
  #10  BABY    rank 474   price 0.0143859     signals: btc_decoupling_6h, obv_turning, price_range_break, rsi_reversal   conv: 47
  #11  SKL     rank 484   price 0.00711786    signals: btc_decoupling_6h, obv_turning, vol_spike_24h, rsi_reversal   conv: 47
  #12  S       rank 184   price 0.0456016      vol_spike 6.6x  signals: vol_spike_6h, obv_turning, vol_spike_24h   conv: 41
  #13  MET     rank 339   price 0.135069       vol_spike 3.0x  signals: vol_spike_6h, whale_candle_recent, rsi_reversal   conv: 41
  #14  QTUM    rank 265   price 0.944798      signals: btc_decoupling_6h, obv_turning, vol_spike_24h   conv: 38
  #15  RSR     rank 279   price 0.00151131    signals: whale_candle_recent, btc_decoupling_6h, rsi_reversal   conv: 38
  #16  XMR     rank 18    price 336.79        signals: btc_decoupling_6h, obv_turning, rsi_reversal   conv: 35
  #17  SKY     rank 47    price 0.076267      signals: btc_decoupling_6h, obv_turning, rsi_reversal   conv: 35
  #18  DUSK    rank 420   price 0.10747       signals: btc_decoupling_6h, obv_turning, rsi_reversal   conv: 35
  #19  GMX     rank 358   price 6.39          signals: btc_decoupling_6h, rsi_reversal, bb_squeeze   conv: 32
  #20  TON     rank 33    price 1.24          signals: obv_turning, rsi_reversal, bb_squeeze   conv: 29
  #21  WAL     rank 190   price 0.071386      signals: obv_turning, rsi_reversal, bb_squeeze   conv: 29
  #22  RVN     rank 278   price 0.00589238    signals: obv_turning, rsi_reversal, bb_squeeze   conv: 29
  #23  AMP     rank 297   price 0.00101525    signals: obv_turning, rsi_reversal, bb_squeeze   conv: 29
  #24  XVG     rank 325   price 0.00442466    signals: obv_turning, rsi_reversal, bb_squeeze   conv: 29
  #25  AXL     rank 416   price 0.0473308     signals: obv_turning, rsi_reversal, bb_squeeze   conv: 29
  #26  AVNT    rank 498   price 0.130809      signals: obv_turning, rsi_reversal, bb_squeeze   conv: 29
  #27  MASK    rank 499   price 0.41651       signals: obv_turning, rsi_reversal, bb_squeeze   conv: 29

[ON RADAR -- 50 coin(s)]
  #1   ZEC     rank 25    price 254.51        signals: whale_candle_recent, btc_decoupling_6h   conv: 29
  #2   ALGO    rank 70    price 0.10246        vol_spike 3.2x  signals: vol_spike_6h, vol_spike_24h   conv: 29
  #3   JUP     rank 94    price 0.15638        vol_spike 3.2x  signals: vol_spike_6h, vol_spike_24h   conv: 29
  #4   ELF     rank 366   price 0.078393      signals: whale_candle_recent, btc_decoupling_6h   conv: 29
  #5   BLUR    rank 379   price 0.0221977      vol_spike 3.3x  signals: vol_spike_6h, vol_spike_24h   conv: 29
  #6   ZRO     rank 98    price 1.96          signals: whale_candle_recent, obv_turning   conv: 26
  #7   HNT     rank 167   price 1.087         signals: btc_decoupling_6h, obv_turning   conv: 26
  #8   W       rank 299   price 0.0149518     signals: btc_decoupling_6h, obv_turning   conv: 26
  #9   SXT     rank 448   price 0.0160611     signals: btc_decoupling_6h, vol_spike_24h   conv: 26
  #10  AVAX    rank 28    price 9.12          signals: obv_turning, vol_spike_24h   conv: 24
  #11  CHZ     rank 103   price 0.0417901     signals: btc_decoupling_6h, bb_squeeze   conv: 24
  #12  GRT     rank 142   price 0.0243749     signals: obv_turning, vol_spike_24h   conv: 24
  #13  LIT     rank 156   price 0.872481      signals: btc_decoupling_6h, rsi_reversal   conv: 24
  #14  MANA    rank 185   price 0.087802      signals: obv_turning, vol_spike_24h   conv: 24
  #15  BANANAS31  rank 213   price 0.0133303     signals: btc_decoupling_6h, rsi_reversal   conv: 24
  #16  MINA    rank 318   price 0.058794      signals: obv_turning, vol_spike_24h   conv: 24
  #17  SPK     rank 427   price 0.0208244     signals: btc_decoupling_6h, rsi_reversal   conv: 24
  #18  QNT     rank 65    price 70.4          signals: obv_turning, rsi_reversal   conv: 21
  #19  APT     rank 80    price 0.897967      signals: obv_turning, bb_squeeze   conv: 21
  #20  PENGU   rank 105   price 0.00656416    signals: obv_turning, bb_squeeze   conv: 21
  #21  SUN     rank 118   price 0.0180208     signals: obv_turning, bb_squeeze   conv: 21
  #22  GNO     rank 120   price 123.62        signals: obv_turning, bb_squeeze   conv: 21
  #23  COMP    rank 194   price 16.69         signals: vol_spike_24h, rsi_reversal   conv: 21
  #24  SFP     rank 208   price 0.283446      signals: obv_turning, rsi_reversal   conv: 21
  #25  SENT    rank 223   price 0.0176382     signals: obv_turning, rsi_reversal   conv: 21
  #26  LPT     rank 261   price 2.08          signals: obv_turning, rsi_reversal   conv: 21
  #27  SNX     rank 273   price 0.285122      signals: obv_turning, rsi_reversal   conv: 21
  #28  ZRX     rank 287   price 0.105611      signals: obv_turning, rsi_reversal   conv: 21
  #29  HOT     rank 328   price 0.00040885    signals: obv_turning, bb_squeeze   conv: 21
  #30  ASTR    rank 365   price 0.00753833    signals: obv_turning, bb_squeeze   conv: 21
  #31  ORCA    rank 422   price 0.88241       signals: vol_spike_24h, bb_squeeze   conv: 21
  #32  SIGN    rank 429   price 0.0317565     signals: obv_turning, rsi_reversal   conv: 21
  #33  ME      rank 436   price 0.100148      signals: obv_turning, bb_squeeze   conv: 21
  #34  FLOW    rank 444   price 0.02977       signals: obv_turning, rsi_reversal   conv: 21
  #35  XVS     rank 465   price 2.73          signals: obv_turning, rsi_reversal   conv: 21
  #36  TRX     rank 8     price 0.315425      signals: rsi_reversal, bb_squeeze   conv: 18
  #37  AXS     rank 170   price 1.13          signals: rsi_reversal, bb_squeeze   conv: 18
  #38  CVX     rank 195   price 1.79          signals: rsi_reversal, bb_squeeze   conv: 18
  #39  JTO     rank 229   price 0.275501      signals: rsi_reversal, bb_squeeze   conv: 18
  #40  BARD    rank 258   price 0.347566      signals: rsi_reversal, bb_squeeze   conv: 18
  #41  AWE     rank 277   price 0.0491996     signals: rsi_reversal, bb_squeeze   conv: 18
  #42  CFG     rank 285   price 0.156099      signals: rsi_reversal, bb_squeeze   conv: 18
  #43  SUPER   rank 354   price 0.105255      signals: rsi_reversal, bb_squeeze   conv: 18
  #44  HOME    rank 363   price 0.0189826     signals: rsi_reversal, bb_squeeze   conv: 18
  #45  KAVA    rank 397   price 0.053498      signals: rsi_reversal, bb_squeeze   conv: 18
  #46  PLUME   rank 417   price 0.0101455     signals: rsi_reversal, bb_squeeze   conv: 18
  #47  SUSHI   rank 421   price 0.196499      signals: rsi_reversal, bb_squeeze   conv: 18
  #48  CELO    rank 445   price 0.081966      signals: rsi_reversal, bb_squeeze   conv: 18
  #49  ORDI    rank 447   price 2.32          signals: rsi_reversal, bb_squeeze   conv: 18
  #50  IOTX    rank 492   price 0.00450914    signals: rsi_reversal, bb_squeeze   conv: 18

----------------------------------------

2026-04-01 22:29:41,838 [INFO] 
  Done in 2592s.  27 WATCH NOW  |  50 ON RADAR.
2026-04-01 23:17:00,803 [INFO] 
2026-04-01 23:17:00,804 [INFO] ================================================================================
2026-04-01 23:17:00,805 [INFO]   IGNITION RADAR v1.0
2026-04-01 23:17:00,806 [INFO]   Early volume/breakout watchlist — catches moves before RS builds
2026-04-01 23:17:00,806 [INFO] ================================================================================
2026-04-01 23:17:00,807 [INFO] 
[1/4] Fetching BTC 1h data...
2026-04-01 23:17:01,910 [INFO]   BTC $68,141  |  6h -0.18%  |  24h -0.21%  |  Regime: SIDEWAYS
2026-04-01 23:17:01,911 [INFO] 
[2/4] Fetching top 500 coins from CoinGecko...
2026-04-01 23:17:02,398 [WARNING] Rate-limited — waiting 54s
2026-04-01 23:17:56,571 [WARNING] Rate-limited — waiting 0s
2026-04-01 23:17:56,671 [WARNING] Rate-limited — waiting 0s
2026-04-01 23:17:56,734 [WARNING] Rate-limited — waiting 0s
2026-04-01 23:17:56,818 [WARNING] Rate-limited — waiting 0s
2026-04-01 23:17:56,889 [WARNING] Rate-limited — waiting 0s
2026-04-01 23:17:56,991 [WARNING] Rate-limited — waiting 0s
2026-04-01 23:17:58,106 [INFO]   500 coins fetched
2026-04-01 23:17:58,294 [INFO] 
[3/4] Scanning for ignition setups on 1h data...

2026-04-01 23:17:58,322 [INFO] 
[4/4] Building ignition radar report...
2026-04-01 23:17:58,331 [INFO]   Low-volume skipped: 0
2026-04-01 23:17:58,356 [INFO]   WATCH NOW : 0
2026-04-01 23:17:58,529 [INFO]   ON RADAR  : 0
2026-04-01 23:17:58,730 [INFO] 
  Report -> C:\Users\bruno\OneDrive\Ambiente de Trabalho\Workspace\crypto scanner\crypto-scanner\outputs\scanner-results\ignition_radar_LATEST.txt
2026-04-01 23:17:58,736 [INFO]   JSON   -> C:\Users\bruno\OneDrive\Ambiente de Trabalho\Workspace\crypto scanner\crypto-scanner\outputs\scanner-results\ignition_radar_20260401_2317.json
2026-04-01 23:17:58,739 [INFO] 
================================================================================
  IGNITION RADAR v1.0 -- EARLY VOLUME / BREAKOUT WATCHLIST
  Generated: 2026-04-01 23:17:58  |  Regime: SIDEWAYS
================================================================================

MARKET CONTEXT
  BTC Price: $68,141  |  BTC 6h: -0.18%  |  BTC 24h: -0.21%

  NOTE: Watchlist only. No position sizing. These are early warnings.
  Confirm with alpha_scanner once RS builds (7d outperformance >=5%).

[WATCH NOW -- 0 coins]
  No coins reached the 3-signal threshold.

[ON RADAR -- 0 coins]
  No coins reached the 2-signal threshold.

----------------------------------------

2026-04-01 23:17:58,854 [INFO] 
  Done in 58s.  0 WATCH NOW  |  0 ON RADAR.
