2026-04-07 00:19:29,538 [INFO] 
2026-04-07 00:19:29,538 [INFO] ================================================================================
2026-04-07 00:19:29,539 [INFO]   CRYPTO MASTER ORCHESTRATOR v2.1
2026-04-07 00:19:29,539 [INFO]   18-signal engine | funding rate | corr filter | volume source tagging
2026-04-07 00:19:29,539 [INFO] ================================================================================
2026-04-07 00:19:29,539 [INFO]   Account: $96,700.00 USDT  |  Risk/trade: 1.5%  |  Max positions: 8
2026-04-07 00:19:29,539 [INFO] 
2026-04-07 00:19:29,539 [INFO] [1/5] Analyzing market regime...
2026-04-07 00:19:29,539 [INFO] Fetching market context (BTC + ETH + dominance)...
2026-04-07 00:19:34,746 [INFO]   BTC: $68,603 | 7d: +2.8%  ETH 7d: +3.3%  Dominance: 56.6% | Regime: 🟡 SIDEWAYS
2026-04-07 00:19:34,750 [INFO]   🟡 SIDEWAYS — conviction raised to 60, max position capped at 6.0%, stops tightened to 1.0× ATR
2026-04-07 00:19:34,750 [INFO] [2/5] Fetching BTC historical data...
2026-04-07 00:19:37,129 [INFO]   BTC data: OK
2026-04-07 00:19:41,634 [INFO] [3/5] Fetching top 1000 coins...
2026-04-07 00:19:41,634 [INFO] Fetching top 1000 coins by market cap...
2026-04-07 00:19:47,752 [INFO]   Fetched 1000 coins
2026-04-07 00:19:47,754 [INFO]   Fetched 1000 coins
2026-04-07 00:19:47,754 [INFO] [4/5] Scanning for high-conviction setups...
2026-04-07 00:19:47,756 [INFO]   Filters: Rank 50–600  |  Vol ≥ $500,000  |  Min conviction: 60
2026-04-07 00:19:47,756 [INFO] 
2026-04-07 00:19:47,759 [INFO]   Bybit filter active: 544 perp symbols loaded
2026-04-07 00:19:47,759 [INFO]   [  1]  AAVE      (# 53)  $92.97000      7d: -4.0%
2026-04-07 00:19:53,580 [INFO]           → conviction 18/100  |  signals 4/18
2026-04-07 00:19:58,087 [INFO]   [  2]  ETC       (# 58)  $8.40000       7d: +3.7%
2026-04-07 00:20:03,543 [INFO]           → conviction 22/100  |  signals 5/18
2026-04-07 00:20:08,043 [INFO]   [  3]  ONDO      (# 61)  $0.25565       7d: -3.1%
2026-04-07 00:20:13,503 [INFO]           → conviction 13/100  |  signals 3/18
2026-04-07 00:20:18,004 [INFO]   [  4]  QNT       (# 65)  $73.74000      7d: +5.6%
2026-04-07 00:20:19,047 [INFO]           → conviction 18/100  |  signals 3/18
2026-04-07 00:20:23,555 [INFO]   [  5]  ALGO      (# 66)  $0.11937       7d: +44.3%
2026-04-07 00:20:24,235 [INFO]           → conviction 27/100  |  signals 5/18
2026-04-07 00:20:28,736 [INFO]   [  6]  RENDER    (# 69)  $1.86000       7d: +10.2%
2026-04-07 00:20:29,406 [INFO]           → conviction 22/100  |  signals 5/18
2026-04-07 00:20:33,907 [INFO]   [  7]  POL       (# 70)  $0.08947       7d: -2.5%
2026-04-07 00:20:34,591 [INFO]           → conviction 9/100  |  signals 2/18
2026-04-07 00:20:39,095 [INFO]   [  8]  MORPHO    (# 72)  $1.57000       7d: +6.4%
2026-04-07 00:20:39,783 [INFO]           → conviction 42/100  |  signals 6/18
2026-04-07 00:20:44,284 [INFO]   [  9]  ATOM      (# 74)  $1.70000       7d: +1.7%
2026-04-07 00:20:44,961 [INFO]           → conviction 22/100  |  signals 5/18
2026-04-07 00:20:49,466 [INFO]   [ 10]  KAS       (# 75)  $0.03092       7d: -3.7%
2026-04-07 00:20:52,930 [INFO]           → conviction 18/100  |  signals 3/18
2026-04-07 00:20:57,433 [INFO]   [ 11]  NIGHT     (# 79)  $0.04057       7d: -6.8%
2026-04-07 00:20:58,120 [INFO]           → conviction 27/100  |  signals 5/18
2026-04-07 00:21:02,625 [INFO]   [ 12]  APT       (# 81)  $0.83621       7d: -6.4%
2026-04-07 00:21:03,904 [INFO]           → conviction 18/100  |  signals 4/18
2026-04-07 00:21:08,431 [INFO]   [ 13]  TRUMP     (# 82)  $2.84000       7d: -3.3%
2026-04-07 00:21:09,259 [INFO]           → conviction 22/100  |  signals 4/18
2026-04-07 00:21:13,918 [INFO]   [ 14]  FIL       (# 83)  $0.85345       7d: +4.3%
2026-04-07 00:21:14,969 [INFO]           → conviction 42/100  |  signals 6/18
2026-04-07 00:21:19,471 [INFO]   [ 15]  FLR       (# 84)  $0.00741       7d: -5.3%
2026-04-07 00:21:22,644 [INFO]           → conviction 13/100  |  signals 3/18
2026-04-07 00:21:27,146 [INFO]   [ 16]  VET       (# 88)  $0.00714       7d: +6.5%
2026-04-07 00:21:27,889 [INFO]           → conviction 13/100  |  signals 3/18
2026-04-07 00:21:32,392 [INFO]   [ 17]  XDC       (# 87)  $0.03080       7d: +1.1%
2026-04-07 00:21:35,670 [INFO]           → conviction 19/100  |  signals 4/18
2026-04-07 00:21:40,173 [INFO]   [ 18]  JST       (# 91)  $0.06534       7d: +8.5%
2026-04-07 00:21:40,938 [INFO]           → conviction 18/100  |  signals 4/18
2026-04-07 00:21:45,477 [INFO]   [ 19]  JUP       (# 92)  $0.15947       7d: +5.5%
2026-04-07 00:21:46,554 [INFO]           → conviction 27/100  |  signals 5/18
2026-04-07 00:21:51,064 [INFO]   [ 20]  ARB       (# 93)  $0.09363       7d: +3.0%
2026-04-07 00:21:51,848 [INFO]           → conviction 38/100  |  signals 5/18
2026-04-07 00:21:56,356 [INFO]   [ 21]  STABLE    (# 95)  $0.02540       7d: +4.7%
2026-04-07 00:22:00,679 [INFO]           → conviction 9/100  |  signals 2/18
2026-04-07 00:22:05,406 [INFO]   [ 22]  ZRO       (#101)  $1.79000       7d: -6.1%
2026-04-07 00:22:07,074 [INFO]           → conviction 9/100  |  signals 2/18
2026-04-07 00:22:11,587 [INFO]   [ 23]  DEXE      (#103)  $8.93000       7d: +13.1%
2026-04-07 00:22:13,192 [INFO]           → conviction 22/100  |  signals 5/18
2026-04-07 00:22:17,694 [INFO]   [ 24]  VIRTUAL   (#105)  $0.62726       7d: -2.9%
2026-04-07 00:22:18,412 [INFO]           → conviction 22/100  |  signals 4/18
2026-04-07 00:22:22,914 [INFO]   [ 25]  STX       (#106)  $0.21654       7d: -1.4%
2026-04-07 00:22:23,648 [INFO]           → conviction 18/100  |  signals 3/18
2026-04-07 00:22:28,151 [INFO]   [ 26]  PENGU     (#108)  $0.00628       7d: -1.9%
2026-04-07 00:22:28,948 [INFO]           → conviction 18/100  |  signals 4/18
2026-04-07 00:22:33,528 [INFO]   [ 27]  DASH      (#111)  $30.01000      7d: -6.7%
2026-04-07 00:22:34,402 [INFO]           → conviction 18/100  |  signals 4/18
2026-04-07 00:22:38,904 [INFO]   [ 28]  ETHFI     (#118)  $0.44037       7d: -4.7%
2026-04-07 00:22:39,643 [INFO]           → conviction 36/100  |  signals 7/18
2026-04-07 00:22:44,148 [INFO]   [ 29]  SUN       (#120)  $0.01733       7d: -2.7%
2026-04-07 00:22:44,828 [INFO]           → conviction 27/100  |  signals 5/18
2026-04-07 00:22:49,332 [INFO]   [ 30]  BSV       (#125)  $15.58000      7d: +14.0%
2026-04-07 00:22:52,728 [INFO]           → conviction 31/100  |  signals 7/18
2026-04-07 00:22:57,231 [INFO]   [ 31]  CRV       (#127)  $0.20617       7d: -5.1%
2026-04-07 00:22:57,914 [INFO]           → conviction 9/100  |  signals 2/18
2026-04-07 00:23:02,415 [INFO]   [ 32]  VVV       (#128)  $6.77000       7d: +8.8%
2026-04-07 00:23:05,780 [INFO]           → conviction 29/100  |  signals 6/18
2026-04-07 00:23:10,283 [INFO]   [ 33]  MON       (#129)  $0.02700       7d: +20.2%
2026-04-07 00:23:13,417 [INFO]           → conviction 13/100  |  signals 3/18
2026-04-07 00:23:17,926 [INFO]   [ 34]  AERO      (#130)  $0.30939       7d: -0.2%
2026-04-07 00:23:21,384 [INFO]           → conviction 20/100  |  signals 4/18
2026-04-07 00:23:25,885 [INFO]   [ 35]  2Z        (#133)  $0.08232       7d: +9.3%
2026-04-07 00:23:26,572 [INFO]           → conviction 36/100  |  signals 7/18
2026-04-07 00:23:31,076 [INFO]   [ 36]  INJ       (#132)  $2.85000       7d: -0.7%
2026-04-07 00:23:31,783 [INFO]           → conviction 13/100  |  signals 3/18
2026-04-07 00:23:36,285 [INFO]   [ 37]  XPL       (#131)  $0.11979       7d: +34.9%
2026-04-07 00:23:36,975 [INFO]           → conviction 27/100  |  signals 6/18
2026-04-07 00:23:41,477 [INFO]   [ 38]  LDO       (#140)  $0.30730       7d: -3.5%
2026-04-07 00:23:42,156 [INFO]           → conviction 13/100  |  signals 3/18
2026-04-07 00:23:46,657 [INFO]   [ 39]  TIA       (#142)  $0.28612       7d: -3.0%
2026-04-07 00:23:47,327 [INFO]           → conviction 18/100  |  signals 3/18
2026-04-07 00:23:51,832 [INFO]   [ 40]  JASMY     (#145)  $0.00520       7d: -2.3%
2026-04-07 00:23:52,543 [INFO]           → conviction 9/100  |  signals 2/18
2026-04-07 00:23:57,048 [INFO]   [ 41]  SPX       (#143)  $0.27599       7d: +4.5%
2026-04-07 00:24:00,761 [INFO]           → conviction 32/100  |  signals 7/18
2026-04-07 00:24:05,262 [INFO]   [ 42]  CFX       (#144)  $0.04947       7d: -7.2%
2026-04-07 00:24:05,933 [INFO]           → conviction 9/100  |  signals 2/18
2026-04-07 00:24:10,436 [INFO]   [ 43]  IOTA      (#149)  $0.05753       7d: +4.4%
2026-04-07 00:24:10,958 [INFO]           → conviction 9/100  |  signals 2/18
2026-04-07 00:24:10,959 [INFO]   [ 44]  SYRUP     (#150)  $0.21604       7d: +6.8%
2026-04-07 00:24:11,694 [INFO]           → conviction 22/100  |  signals 4/18
2026-04-07 00:24:16,195 [INFO]   [ 45]  ZBCN      (#153)  $0.00249       7d: +9.4%
2026-04-07 00:24:19,408 [INFO]           → conviction 9/100  |  signals 2/18
