2026-03-26 11:38:16,149 [INFO] 
2026-03-26 11:38:16,151 [INFO] ================================================================================
2026-03-26 11:38:16,151 [INFO]   CRYPTO MASTER ORCHESTRATOR v2.1
2026-03-26 11:38:16,151 [INFO]   18-signal engine | funding rate | corr filter | volume source tagging
2026-03-26 11:38:16,151 [INFO] ================================================================================
2026-03-26 11:38:16,151 [INFO]   Account: $96,700.00 USDT  |  Risk/trade: 1.5%  |  Max positions: 8
2026-03-26 11:38:16,151 [INFO] 
2026-03-26 11:38:16,153 [INFO] [1/5] Analyzing market regime...
2026-03-26 11:38:16,153 [INFO] Fetching market context (BTC)...
2026-03-26 11:38:17,257 [INFO]   BTC: $69,347 | 7d: -1.6% | Regime: 🟡 SIDEWAYS
2026-03-26 11:38:17,257 [INFO]   🟡 SIDEWAYS — conviction raised to 60, max position capped at 6.0%, stops tightened to 1.0× ATR
2026-03-26 11:38:17,259 [WARNING]   ⚠️  BTC dropping -3.6% today — conviction threshold raised by +5 to 65
2026-03-26 11:38:17,259 [INFO] [2/5] Fetching BTC historical data...
2026-03-26 11:38:18,223 [INFO]   BTC data: OK
2026-03-26 11:38:24,724 [INFO] [3/5] Fetching top 1000 coins...
2026-03-26 11:38:24,725 [INFO] Fetching top 1000 coins by market cap...
2026-03-26 11:38:24,783 [WARNING] Rate-limited — waiting 60s (attempt 1)
2026-03-26 11:39:28,107 [WARNING] Rate-limited — waiting 60s (attempt 1)
2026-03-26 11:40:33,764 [WARNING] Rate-limited — waiting 60s (attempt 1)
2026-03-26 11:41:35,480 [INFO]   Fetched 1000 coins
2026-03-26 11:41:35,487 [INFO]   Fetched 1000 coins
2026-03-26 11:41:35,487 [INFO] [4/5] Scanning for high-conviction setups...
2026-03-26 11:41:35,487 [INFO]   Filters: Rank 50–600  |  Vol ≥ $500,000  |  Min conviction: 65
2026-03-26 11:41:35,487 [INFO] 
2026-03-26 11:41:35,530 [INFO]   [  1]  AAVE      (# 50)  $106.46000     7d: -7.7%
2026-03-26 11:41:39,085 [INFO]           → conviction 18/100  |  signals 3/18
2026-03-26 11:41:45,587 [INFO]   [  2]  NEAR      (# 51)  $1.22000       7d: -10.2%
2026-03-26 11:41:46,271 [INFO]           → conviction 4/100  |  signals 1/18
2026-03-26 11:41:52,774 [INFO]   [  3]  BGB       (# 56)  $2.02000       7d: -5.4%
2026-03-26 11:41:54,580 [INFO]           → conviction 20/100  |  signals 5/18
2026-03-26 11:42:01,084 [INFO]   [  4]  ETC       (# 59)  $8.31000       7d: -1.5%
2026-03-26 11:42:01,764 [INFO]           → conviction 4/100  |  signals 1/18
2026-03-26 11:42:08,266 [INFO]   [  5]  ICP       (# 60)  $2.30000       7d: -9.6%
2026-03-26 11:42:08,923 [INFO]           → conviction 13/100  |  signals 2/18
2026-03-26 11:42:15,426 [INFO]   [  6]  ONDO      (# 61)  $0.25579       7d: -2.1%
2026-03-26 11:42:16,119 [INFO]           → conviction 22/100  |  signals 5/18
2026-03-26 11:42:22,622 [INFO]   [  7]  GT        (# 62)  $6.60000       7d: -4.7%
2026-03-26 11:42:24,537 [INFO]           → conviction 16/100  |  signals 5/18
2026-03-26 11:42:31,043 [INFO]   [  8]  QNT       (# 63)  $75.09000      7d: -1.6%
2026-03-26 11:42:31,740 [INFO]           → conviction 18/100  |  signals 3/18
2026-03-26 11:42:38,256 [INFO]   [  9]  KCS       (# 64)  $7.96000       7d: -0.6%
2026-03-26 11:42:39,387 [WARNING] Rate-limited — waiting 60s (attempt 1)
2026-03-26 11:43:42,792 [INFO]           → conviction 7/100  |  signals 2/18
2026-03-26 11:43:49,295 [INFO]   [ 10]  PUMP      (# 65)  $0.00177       7d: -6.6%
2026-03-26 11:43:51,138 [INFO]           → conviction 31/100  |  signals 6/18
2026-03-26 11:43:57,651 [INFO]   [ 11]  KAS       (# 67)  $0.03674       7d: -10.4%
2026-03-26 11:43:58,680 [WARNING] Rate-limited — waiting 60s (attempt 1)
2026-03-26 11:44:58,739 [WARNING] Request error: ('Connection aborted.', RemoteDisconnected('Remote end closed connection without response'))
2026-03-26 11:45:06,759 [INFO]           → conviction 11/100  |  signals 3/18
2026-03-26 11:45:13,265 [INFO]   [ 12]  POL       (# 68)  $0.09422       7d: -2.5%
2026-03-26 11:45:14,977 [INFO]           → conviction 22/100  |  signals 4/18
2026-03-26 11:45:21,485 [INFO]   [ 13]  WLD       (# 70)  $0.30489       7d: -11.3%
2026-03-26 11:45:22,137 [INFO]           → conviction 13/100  |  signals 2/18
2026-03-26 11:45:28,645 [INFO]   [ 14]  RENDER    (# 71)  $1.75000       7d: +3.1%
2026-03-26 11:45:29,333 [INFO]           → conviction 27/100  |  signals 6/18
2026-03-26 11:45:35,836 [INFO]   [ 15]  MORPHO    (# 72)  $1.63000       7d: -5.3%
2026-03-26 11:45:36,507 [INFO]           → conviction 9/100  |  signals 2/18
2026-03-26 11:45:43,009 [INFO]   [ 16]  NEXO      (# 73)  $0.89186       7d: -0.7%
2026-03-26 11:45:43,697 [INFO]           → conviction 9/100  |  signals 2/18
2026-03-26 11:45:50,201 [INFO]   [ 17]  ATOM      (# 76)  $1.71000       7d: -7.4%
2026-03-26 11:45:50,892 [INFO]           → conviction 9/100  |  signals 1/18
2026-03-26 11:45:57,397 [INFO]   [ 18]  ENA       (# 77)  $0.09860       7d: -4.6%
2026-03-26 11:45:58,087 [INFO]           → conviction 18/100  |  signals 4/18
2026-03-26 11:46:04,590 [INFO]   [ 19]  APT       (# 78)  $1.03000       7d: +6.4%
2026-03-26 11:46:05,367 [INFO]           → conviction 27/100  |  signals 5/18
2026-03-26 11:46:11,870 [INFO]   [ 20]  ALGO      (# 81)  $0.08430       7d: -5.9%
2026-03-26 11:46:12,651 [INFO]           → conviction 9/100  |  signals 1/18
2026-03-26 11:46:19,153 [INFO]   [ 21]  NIGHT     (# 82)  $0.04475       7d: -2.2%
2026-03-26 11:46:19,838 [INFO]           → conviction 31/100  |  signals 6/18
2026-03-26 11:46:26,339 [INFO]   [ 22]  TRUMP     (# 83)  $3.13000       7d: -9.4%
2026-03-26 11:46:27,043 [INFO]           → conviction 13/100  |  signals 2/18
2026-03-26 11:46:33,546 [INFO]   [ 23]  FIL       (# 84)  $0.88436       7d: -3.4%
2026-03-26 11:46:34,277 [INFO]           → conviction 18/100  |  signals 3/18
2026-03-26 11:46:40,780 [INFO]   [ 24]  FLR       (# 86)  $0.00784       7d: -7.0%
2026-03-26 11:46:43,469 [INFO]           → conviction 4/100  |  signals 1/18
2026-03-26 11:46:49,970 [INFO]   [ 25]  XDC       (# 88)  $0.03199       7d: -1.2%
2026-03-26 11:46:51,083 [WARNING] Rate-limited — waiting 60s (attempt 1)
2026-03-26 11:47:54,097 [INFO]           → conviction 13/100  |  signals 4/18
2026-03-26 11:48:00,603 [INFO]   [ 26]  BDX       (# 87)  $0.08354       7d: +4.5%
2026-03-26 11:48:03,481 [INFO]           → conviction 16/100  |  signals 4/18
2026-03-26 11:48:09,982 [INFO]   [ 27]  VET       (# 90)  $0.00680       7d: -6.3%
2026-03-26 11:48:10,641 [INFO]           → conviction 9/100  |  signals 1/18
2026-03-26 11:48:17,157 [INFO]   [ 28]  ARB       (# 92)  $0.09386       7d: -7.4%
2026-03-26 11:48:17,855 [INFO]           → conviction 13/100  |  signals 2/18
2026-03-26 11:48:24,358 [INFO]   [ 29]  STABLE    (# 94)  $0.02578       7d: -4.9%
2026-03-26 11:48:26,062 [INFO]           → conviction 16/100  |  signals 3/18
2026-03-26 11:48:32,567 [INFO]   [ 30]  FET       (# 95)  $0.23708       7d: +9.0%
2026-03-26 11:48:33,249 [INFO]           → conviction 44/100  |  signals 9/18
2026-03-26 11:48:39,751 [INFO]   [ 31]  JUP       (# 96)  $0.15034       7d: -7.9%
2026-03-26 11:48:40,508 [INFO]           → conviction 4/100  |  signals 1/18
2026-03-26 11:48:47,014 [INFO]   [ 32]  JST       (# 98)  $0.05853       7d: -0.0%
2026-03-26 11:48:47,677 [INFO]           → conviction 18/100  |  signals 4/18
2026-03-26 11:48:54,181 [INFO]   [ 33]  ZRO       (# 99)  $2.03000       7d: -2.5%
2026-03-26 11:48:54,851 [INFO]           → conviction 18/100  |  signals 3/18
2026-03-26 11:49:01,353 [INFO]   [ 34]  CAKE      (#103)  $1.40000       7d: -1.6%
2026-03-26 11:49:02,029 [INFO]           → conviction 18/100  |  signals 4/18
2026-03-26 11:49:08,531 [INFO]   [ 35]  VIRTUAL   (#104)  $0.69003       7d: -4.2%
2026-03-26 11:49:09,194 [INFO]           → conviction 18/100  |  signals 3/18
2026-03-26 11:49:15,696 [INFO]   [ 36]  PENGU     (#105)  $0.00689       7d: -4.7%
2026-03-26 11:49:16,401 [INFO]           → conviction 27/100  |  signals 5/18
2026-03-26 11:49:22,904 [INFO]   [ 37]  STX       (#106)  $0.23292       7d: -5.3%
2026-03-26 11:49:23,572 [INFO]           → conviction 13/100  |  signals 2/18
2026-03-26 11:49:30,076 [INFO]   [ 38]  DASH      (#108)  $32.68000      7d: +2.3%
2026-03-26 11:49:30,777 [INFO]           → conviction 13/100  |  signals 3/18
2026-03-26 11:49:37,279 [INFO]   [ 39]  ETHFI     (#109)  $0.52199       7d: -5.3%
2026-03-26 11:49:37,951 [INFO]           → conviction 18/100  |  signals 4/18
2026-03-26 11:49:44,456 [INFO]   [ 40]  XTZ       (#110)  $0.37250       7d: -5.6%
2026-03-26 11:49:45,125 [INFO]           → conviction 4/100  |  signals 1/18
2026-03-26 11:49:51,629 [INFO]   [ 41]  SEI       (#111)  $0.05883       7d: -8.6%
2026-03-26 11:49:52,337 [INFO]           → conviction 13/100  |  signals 2/18
2026-03-26 11:49:58,839 [INFO]   [ 42]  KITE      (#113)  $0.21555       7d: +18.2%
2026-03-26 11:49:59,512 [INFO]           → conviction 22/100  |  signals 4/18
2026-03-26 11:50:06,014 [INFO]   [ 43]  DCR       (#116)  $21.88000      7d: -18.4%
2026-03-26 11:50:06,682 [INFO]           → conviction 18/100  |  signals 4/18
2026-03-26 11:50:13,188 [INFO]   [ 44]  CHZ       (#119)  $0.03482       7d: -2.2%
2026-03-26 11:50:13,859 [INFO]           → conviction 4/100  |  signals 1/18
2026-03-26 11:50:20,362 [INFO]   [ 45]  DEXE      (#120)  $7.44000       7d: +22.8%
2026-03-26 11:50:21,057 [INFO]           → conviction 27/100  |  signals 6/18
2026-03-26 11:50:27,559 [INFO]   [ 46]  SUN       (#122)  $0.01727       7d: +0.8%
2026-03-26 11:50:28,237 [INFO]           → conviction 13/100  |  signals 3/18
2026-03-26 11:50:34,750 [INFO]   [ 47]  CRV       (#123)  $0.22094       7d: -7.0%
2026-03-26 11:50:35,422 [INFO]           → conviction 18/100  |  signals 4/18
2026-03-26 11:50:41,924 [INFO]   [ 48]  GNO       (#124)  $124.65000     7d: -6.6%
2026-03-26 11:50:42,601 [INFO]           → conviction 9/100  |  signals 2/18
2026-03-26 11:50:49,107 [INFO]   [ 49]  ADI       (#126)  $4.09000       7d: +24.5%
2026-03-26 11:50:51,991 [INFO]           → conviction 13/100  |  signals 4/18
2026-03-26 11:50:58,493 [INFO]   [ 50]  CFX       (#129)  $0.05871       7d: -5.3%
2026-03-26 11:50:59,179 [INFO]           → conviction 4/100  |  signals 1/18
2026-03-26 11:51:05,682 [INFO]   [ 51]  AERO      (#130)  $0.32554       7d: -0.8%
2026-03-26 11:51:06,847 [WARNING] Rate-limited — waiting 60s (attempt 1)
2026-03-26 11:52:09,883 [INFO]           → conviction 2/100  |  signals 1/18
2026-03-26 11:52:16,387 [INFO]   [ 52]  INJ       (#131)  $2.96000       7d: -1.9%
2026-03-26 11:52:18,200 [INFO]           → conviction 18/100  |  signals 3/18
2026-03-26 11:52:24,706 [INFO]   [ 53]  KAIA      (#132)  $0.04881       7d: -7.0%
2026-03-26 11:52:25,390 [INFO]           → conviction 4/100  |  signals 1/18
2026-03-26 11:52:31,892 [INFO]   [ 54]  TIA       (#133)  $0.31712       7d: -6.2%
2026-03-26 11:52:32,589 [INFO]           → conviction 9/100  |  signals 2/18
2026-03-26 11:52:39,090 [INFO]   [ 55]  VVV       (#134)  $6.27000       7d: +14.3%
2026-03-26 11:52:40,865 [INFO]           → conviction 20/100  |  signals 5/18
2026-03-26 11:52:47,368 [INFO]   [ 56]  BSV       (#136)  $13.88000      7d: -6.1%
2026-03-26 11:52:48,532 [WARNING] Rate-limited — waiting 60s (attempt 1)
2026-03-26 11:53:51,510 [INFO]           → conviction 13/100  |  signals 4/18
2026-03-26 11:53:58,016 [INFO]   [ 57]  SPX       (#139)  $0.28614       7d: -6.0%
2026-03-26 11:54:00,803 [INFO]           → conviction 13/100  |  signals 2/18
2026-03-26 11:54:07,305 [INFO]   [ 58]  MON       (#140)  $0.02431       7d: +6.5%
2026-03-26 11:54:09,091 [INFO]           → conviction 34/100  |  signals 6/18
2026-03-26 11:54:15,593 [INFO]   [ 59]  JASMY     (#142)  $0.00531       7d: -7.3%
2026-03-26 11:54:16,269 [INFO]           → conviction 9/100  |  signals 1/18
2026-03-26 11:55:24,610 [INFO]   [ 60]  GRT       (#143)  $0.02438       7d: -6.7%
2026-03-26 11:55:27,281 [INFO]           → conviction 9/100  |  signals 2/18
2026-03-26 11:55:33,784 [INFO]   [ 61]  KAG       (#145)  $68.07000      7d: -4.6%
2026-03-26 11:55:37,545 [INFO]           → conviction 7/100  |  signals 2/18
2026-03-26 11:55:44,048 [INFO]   [ 62]  SYRUP     (#146)  $0.21969       7d: -11.3%
2026-03-26 11:55:44,719 [INFO]           → conviction 13/100  |  signals 2/18
2026-03-26 11:55:51,221 [INFO]   [ 63]  2Z        (#147)  $0.07261       7d: -6.7%
2026-03-26 11:55:52,008 [INFO]           → conviction 13/100  |  signals 2/18
2026-03-26 11:55:58,510 [INFO]   [ 64]  IOTA      (#148)  $0.05745       7d: -8.3%
2026-03-26 11:55:59,182 [INFO]           → conviction 4/100  |  signals 1/18
2026-03-26 11:56:05,687 [INFO]   [ 65]  LDO       (#149)  $0.28673       7d: -5.0%
2026-03-26 11:56:06,336 [INFO]           → conviction 18/100  |  signals 3/18
2026-03-26 11:56:12,843 [INFO]   [ 66]  LIT       (#151)  $0.95284       7d: -16.0%
2026-03-26 11:56:13,535 [INFO]           → conviction 4/100  |  signals 1/18
2026-03-26 11:56:20,038 [INFO]   [ 67]  OP        (#154)  $0.10823       7d: -11.3%
2026-03-26 11:56:20,727 [INFO]           → conviction 4/100  |  signals 1/18
2026-03-26 11:56:27,233 [INFO]   [ 68]  ENS       (#155)  $5.85000       7d: -7.5%
2026-03-26 11:56:27,911 [INFO]           → conviction 4/100  |  signals 1/18
2026-03-26 11:56:34,414 [INFO]   [ 69]  ZBCN      (#156)  $0.00228       7d: +9.4%
2026-03-26 11:56:36,211 [INFO]           → conviction 16/100  |  signals 4/18
2026-03-26 11:56:42,713 [INFO]   [ 70]  9BIT      (#157)  $0.02720       7d: +9.1%
2026-03-26 11:56:43,076 [WARNING] Rate-limited — waiting 54s (attempt 1)
2026-03-26 11:57:37,230 [WARNING] Rate-limited — waiting 0s (attempt 2)
2026-03-26 11:57:37,296 [WARNING] Rate-limited — waiting 0s (attempt 3)
2026-03-26 11:57:38,596 [INFO]           → skip (insufficient data)
2026-03-26 11:57:45,104 [INFO]   [ 71]  PYTH      (#158)  $0.03877       7d: -15.3%
2026-03-26 11:57:47,108 [INFO]           → conviction 4/100  |  signals 1/18
2026-03-26 11:57:53,612 [INFO]   [ 72]  XPL       (#159)  $0.09363       7d: -9.4%
2026-03-26 11:57:54,391 [INFO]           → conviction 18/100  |  signals 4/18
2026-03-26 11:58:00,893 [INFO]   [ 73]  HNT       (#160)  $1.19000       7d: -10.9%
2026-03-26 11:58:53,990 [INFO]           → conviction 31/100  |  signals 7/18
2026-03-26 11:59:00,495 [INFO]   [ 74]  IP        (#162)  $0.61674       7d: -22.1%
2026-03-26 11:59:04,367 [INFO]           → conviction 22/100  |  signals 4/18
2026-03-26 11:59:10,870 [INFO]   [ 75]  TEL       (#165)  $0.00221       7d: -12.6%
2026-03-26 11:59:32,257 [INFO]           → conviction 9/100  |  signals 2/18
2026-03-26 11:59:38,779 [INFO]   [ 76]  B         (#167)  $0.20733       7d: -13.7%
2026-03-26 11:59:39,894 [WARNING] Rate-limited — waiting 60s (attempt 1)
2026-03-26 12:00:42,681 [INFO]           → conviction 16/100  |  signals 4/18
2026-03-26 12:00:49,190 [INFO]   [ 77]  SAND      (#168)  $0.07770       7d: -6.6%
2026-03-26 12:00:59,115 [INFO]           → conviction 18/100  |  signals 3/18
2026-03-26 12:01:05,647 [INFO]   [ 78]  TWT       (#170)  $0.48400       7d: -8.0%
2026-03-26 12:01:06,340 [INFO]           → conviction 0/100  |  signals 0/18
2026-03-26 12:01:12,843 [INFO]   [ 79]  PENDLE    (#171)  $1.21000       7d: -3.3%
2026-03-26 12:01:13,527 [INFO]           → conviction 22/100  |  signals 4/18
2026-03-26 12:01:20,045 [INFO]   [ 80]  STRK      (#172)  $0.03548       7d: -3.7%
2026-03-26 12:01:22,778 [INFO]           → conviction 13/100  |  signals 2/18
2026-03-26 12:01:29,367 [INFO]   [ 81]  AB        (#173)  $0.00200       7d: -4.6%
2026-03-26 12:02:07,467 [INFO]           → skip (flatliner: ATR 1.16% / BB 0.38%)
2026-03-26 12:02:13,969 [INFO]   [ 82]  XCN       (#174)  $0.00512       7d: -6.1%
2026-03-26 12:02:15,763 [INFO]           → conviction 7/100  |  signals 2/18
2026-03-26 12:02:22,265 [INFO]   [ 83]  REAL      (#175)  $0.06009       7d: +1.6%
2026-03-26 12:02:23,425 [WARNING] Rate-limited — waiting 60s (attempt 1)
2026-03-26 12:03:26,079 [INFO]           → conviction 13/100  |  signals 3/18
2026-03-26 12:03:32,600 [INFO]   [ 84]  NEO       (#177)  $2.66000       7d: -3.2%
2026-03-26 12:03:34,105 [INFO]           → conviction 18/100  |  signals 3/18
2026-03-26 12:03:40,607 [INFO]   [ 85]  VSN       (#178)  $0.05186       7d: -2.5%
2026-03-26 12:03:42,289 [INFO]           → conviction 9/100  |  signals 2/18
2026-03-26 12:03:48,810 [INFO]   [ 86]  WIF       (#179)  $0.18653       7d: +6.0%
2026-03-26 12:03:49,556 [INFO]           → conviction 18/100  |  signals 4/18
2026-03-26 12:03:56,069 [INFO]   [ 87]  AXS       (#183)  $1.06700       7d: -11.3%
2026-03-26 12:03:56,734 [INFO]           → conviction 18/100  |  signals 3/18
2026-03-26 12:04:03,236 [INFO]   [ 88]  COMP      (#184)  $18.69000      7d: +0.9%
2026-03-26 12:04:03,881 [INFO]           → conviction 9/100  |  signals 1/18
2026-03-26 12:04:10,385 [INFO]   [ 89]  WFI       (#185)  $2.19000       7d: -3.8%
2026-03-26 12:04:12,260 [INFO]           → conviction 9/100  |  signals 2/18
2026-03-26 12:04:18,766 [INFO]   [ 90]  GRASS     (#187)  $0.32993       7d: -17.3%
2026-03-26 12:04:19,875 [WARNING] Rate-limited — waiting 60s (attempt 1)
2026-03-26 12:05:22,620 [INFO]           → conviction 18/100  |  signals 4/18
2026-03-26 12:05:29,128 [INFO]   [ 91]  FARTCOIN  (#186)  $0.17921       7d: -7.1%
2026-03-26 12:05:31,480 [INFO]           → conviction 16/100  |  signals 4/18
2026-03-26 12:05:38,008 [INFO]   [ 92]  WAL       (#188)  $0.07786       7d: -2.2%
2026-03-26 12:05:38,869 [INFO]           → conviction 4/100  |  signals 1/18
2026-03-26 12:05:45,374 [INFO]   [ 93]  ZK        (#189)  $0.01814       7d: -6.3%
2026-03-26 12:05:46,182 [INFO]           → conviction 9/100  |  signals 2/18
2026-03-26 12:05:52,686 [INFO]   [ 94]  FF        (#190)  $0.07180       7d: +1.2%
2026-03-26 12:05:53,447 [INFO]           → conviction 18/100  |  signals 3/18
2026-03-26 12:05:59,955 [INFO]   [ 95]  H         (#191)  $0.09079       7d: -6.7%
2026-03-26 12:06:02,345 [INFO]           → conviction 0/100  |  signals 0/18
2026-03-26 12:06:08,928 [INFO]   [ 96]  MANA      (#192)  $0.08515       7d: -6.1%
2026-03-26 12:06:09,547 [INFO]           → conviction 18/100  |  signals 3/18
2026-03-26 12:06:16,062 [INFO]   [ 97]  THETA     (#196)  $0.15843       7d: -9.8%
2026-03-26 12:06:16,694 [INFO]           → conviction 18/100  |  signals 3/18
2026-03-26 12:06:23,212 [INFO]   [ 98]  RAY       (#198)  $0.58793       7d: -5.5%
2026-03-26 12:06:23,955 [INFO]           → conviction 9/100  |  signals 2/18
2026-03-26 12:06:30,456 [INFO]   [ 99]  S         (#199)  $0.04157       7d: -7.1%
2026-03-26 12:06:31,096 [INFO]           → conviction 0/100  |  signals 0/18
2026-03-26 12:06:37,620 [INFO]   [100]  BAT       (#201)  $0.10436       7d: +4.2%
2026-03-26 12:06:38,297 [INFO]           → conviction 18/100  |  signals 4/18
2026-03-26 12:06:44,799 [INFO]   [101]  CVX       (#203)  $1.66000       7d: -11.5%
2026-03-26 12:06:45,516 [INFO]           → conviction 9/100  |  signals 2/18
2026-03-26 12:06:52,066 [INFO]   [102]  ZANO      (#204)  $9.92000       7d: +32.5%
2026-03-26 12:06:54,034 [INFO]           → conviction 19/100  |  signals 3/18
2026-03-26 12:07:00,545 [INFO]   [103]  SFP       (#206)  $0.29465       7d: +1.5%
2026-03-26 12:07:01,276 [INFO]           → conviction 4/100  |  signals 1/18
2026-03-26 12:07:07,903 [INFO]   [104]  JTO       (#207)  $0.32317       7d: +9.0%
2026-03-26 12:07:08,647 [INFO]           → conviction 27/100  |  signals 5/18
2026-03-26 12:07:15,149 [INFO]   [105]  GALA      (#208)  $0.00304       7d: -10.1%
2026-03-26 12:07:15,986 [INFO]           → conviction 13/100  |  signals 2/18
2026-03-26 12:07:22,516 [INFO]   [106]  BANANAS31  (#211)  $0.01437       7d: +46.4%
2026-03-26 12:07:23,261 [INFO]           → conviction 22/100  |  signals 5/18
2026-03-26 12:07:29,768 [INFO]   [107]  ULTIMA    (#210)  $3802.63000    7d: -9.0%
2026-03-26 12:07:31,973 [INFO]           → conviction 4/100  |  signals 1/18
2026-03-26 12:07:38,476 [INFO]   [108]  RUNE      (#209)  $0.40913       7d: -2.5%
2026-03-26 12:07:39,102 [INFO]           → conviction 4/100  |  signals 1/18
2026-03-26 12:07:45,606 [INFO]   [109]  CRCLON    (#213)  $101.10000     7d: -23.1%
2026-03-26 12:07:47,449 [INFO]           → conviction 20/100  |  signals 5/18
2026-03-26 12:07:53,951 [INFO]   [110]  ATH       (#214)  $0.00743       7d: +8.3%
2026-03-26 12:07:55,094 [WARNING] Rate-limited — waiting 60s (attempt 1)
2026-03-26 12:08:57,726 [INFO]           → conviction 27/100  |  signals 5/18
2026-03-26 12:09:04,242 [INFO]   [111]  SENT      (#216)  $0.01886       7d: -6.2%
2026-03-26 12:09:05,860 [INFO]           → conviction 4/100  |  signals 1/18
2026-03-26 12:09:12,362 [INFO]   [112]  AKT       (#217)  $0.51531       7d: +3.6%
2026-03-26 12:09:14,190 [INFO]           → conviction 24/100  |  signals 5/18
2026-03-26 12:09:20,690 [INFO]   [113]  SN64      (#218)  $28.86000      7d: +31.2%
2026-03-26 12:09:22,495 [INFO]           → conviction 20/100  |  signals 5/18
2026-03-26 12:09:29,012 [INFO]   [114]  TRAC      (#219)  $0.30016       7d: -7.1%
2026-03-26 12:09:30,104 [WARNING] Rate-limited — waiting 60s (attempt 1)
2026-03-26 12:10:30,135 [WARNING] Request error: ('Connection aborted.', RemoteDisconnected('Remote end closed connection without response'))
2026-03-26 12:10:40,909 [INFO]           → conviction 0/100  |  signals 0/18
2026-03-26 12:10:47,414 [INFO]   [115]  1INCH     (#223)  $0.09173       7d: -5.7%
2026-03-26 12:10:49,528 [INFO]           → conviction 9/100  |  signals 2/18
2026-03-26 12:10:56,037 [INFO]   [116]  GLM       (#224)  $0.12812       7d: -3.7%
2026-03-26 12:10:56,730 [INFO]           → conviction 9/100  |  signals 2/18
2026-03-26 12:11:03,247 [INFO]   [117]  GOMINING  (#225)  $0.31333       7d: +1.1%
2026-03-26 12:11:05,116 [INFO]           → conviction 11/100  |  signals 3/18
2026-03-26 12:11:11,625 [INFO]   [118]  A         (#227)  $0.07730       7d: -2.1%
2026-03-26 12:11:40,947 [INFO]           → conviction 9/100  |  signals 1/18
2026-03-26 12:11:47,452 [INFO]   [119]  SOSO      (#228)  $0.40265       7d: -6.8%
2026-03-26 12:11:49,539 [INFO]           → conviction 4/100  |  signals 1/18
2026-03-26 12:11:56,115 [INFO]   [120]  IMX       (#231)  $0.14500       7d: -11.6%
2026-03-26 12:11:56,767 [INFO]           → conviction 9/100  |  signals 1/18
2026-03-26 12:12:03,271 [INFO]   [121]  WEMIX     (#233)  $0.26663       7d: -2.4%
2026-03-26 12:12:05,234 [INFO]           → conviction 11/100  |  signals 3/18
2026-03-26 12:12:11,744 [INFO]   [122]  EIGEN     (#236)  $0.18867       7d: -4.0%
2026-03-26 12:12:12,783 [INFO]           → conviction 4/100  |  signals 1/18
2026-03-26 12:12:19,290 [INFO]   [123]  AR        (#240)  $1.81000       7d: +4.5%
2026-03-26 12:12:19,977 [INFO]           → conviction 18/100  |  signals 4/18
2026-03-26 12:12:26,479 [INFO]   [124]  TIBBIR    (#242)  $0.11577       7d: -19.1%
2026-03-26 12:12:27,881 [WARNING] Rate-limited — waiting 60s (attempt 1)
2026-03-26 12:13:34,682 [INFO]           → conviction 4/100  |  signals 1/18
2026-03-26 12:13:41,207 [INFO]   [125]  EGLD      (#243)  $3.89000       7d: -4.2%
2026-03-26 12:13:43,120 [INFO]           → conviction 4/100  |  signals 1/18
2026-03-26 12:13:49,628 [INFO]   [126]  MELANIA   (#246)  $0.11943       7d: +4.6%
2026-03-26 12:13:51,872 [INFO]           → conviction 16/100  |  signals 4/18
2026-03-26 12:13:58,375 [INFO]   [127]  COW       (#247)  $0.20171       7d: -13.3%
2026-03-26 12:14:14,454 [INFO]           → conviction 13/100  |  signals 3/18
2026-03-26 12:14:20,956 [INFO]   [128]  SKR       (#248)  $0.01847       7d: -16.6%
2026-03-26 12:14:22,951 [INFO]           → conviction 9/100  |  signals 1/18
2026-03-26 12:14:29,452 [INFO]   [129]  BERA      (#249)  $0.48697       7d: -11.3%
2026-03-26 12:14:30,079 [INFO]           → conviction 9/100  |  signals 2/18
2026-03-26 12:14:36,580 [INFO]   [130]  RSR       (#251)  $0.00176       7d: +7.4%
2026-03-26 12:14:37,213 [INFO]           → conviction 31/100  |  signals 6/18
2026-03-26 12:14:43,723 [INFO]   [131]  EURCV     (#253)  $1.15000       7d: +0.6%
2026-03-26 12:14:45,583 [INFO]           → skip (flatliner: ATR 0.43% / BB 0.32%)
2026-03-26 12:14:52,241 [INFO]   [132]  SHFL      (#254)  $0.27484       7d: +12.9%
2026-03-26 12:14:53,686 [WARNING] Rate-limited — waiting 60s (attempt 1)
2026-03-26 12:16:00,744 [INFO]           → conviction 20/100  |  signals 5/18
2026-03-26 12:16:07,251 [INFO]   [133]  LPT       (#255)  $2.14000       7d: -4.8%
2026-03-26 12:16:08,740 [INFO]           → conviction 4/100  |  signals 1/18
2026-03-26 12:16:15,244 [INFO]   [134]  0G        (#257)  $0.49436       7d: -9.3%
2026-03-26 12:16:15,929 [INFO]           → conviction 13/100  |  signals 2/18
2026-03-26 12:16:22,438 [INFO]   [135]  BMX       (#258)  $0.30675       7d: +2.1%
2026-03-26 12:16:25,080 [INFO]           → conviction 17/100  |  signals 3/18
2026-03-26 12:16:31,595 [INFO]   [136]  GAS       (#259)  $1.55000       7d: -2.3%
2026-03-26 12:16:32,745 [INFO]           → conviction 18/100  |  signals 3/18
2026-03-26 12:16:39,272 [INFO]   [137]  SNX       (#262)  $0.29030       7d: -5.9%
2026-03-26 12:16:39,923 [INFO]           → conviction 9/100  |  signals 2/18
2026-03-26 12:16:46,453 [INFO]   [138]  AMP       (#266)  $0.00118       7d: -10.2%
2026-03-26 12:16:47,140 [INFO]           → conviction 13/100  |  signals 3/18
2026-03-26 12:16:53,642 [INFO]   [139]  ICNT      (#268)  $0.38672       7d: +1.6%
2026-03-26 12:16:55,562 [INFO]           → conviction 13/100  |  signals 4/18
2026-03-26 12:17:02,065 [INFO]   [140]  ZEN       (#270)  $5.44000       7d: -8.3%
2026-03-26 12:17:02,711 [INFO]           → conviction 9/100  |  signals 2/18
2026-03-26 12:17:09,213 [INFO]   [141]  FORM      (#272)  $0.25566       7d: +0.7%
2026-03-26 12:17:09,852 [INFO]           → conviction 9/100  |  signals 2/18
2026-03-26 12:17:16,355 [INFO]   [142]  AWE       (#275)  $0.05002       7d: -8.1%
2026-03-26 12:17:17,041 [INFO]           → conviction 47/100  |  signals 7/18
2026-03-26 12:17:23,548 [INFO]   [143]  SN4       (#278)  $21.15000      7d: +74.6%
2026-03-26 12:17:25,489 [INFO]           → conviction 20/100  |  signals 5/18
2026-03-26 12:17:32,152 [INFO]   [144]  YFI       (#281)  $2545.71000    7d: -7.9%
2026-03-26 12:17:34,929 [INFO]           → conviction 13/100  |  signals 3/18
2026-03-26 12:17:41,917 [INFO]   [145]  QTUM      (#282)  $0.85692       7d: -3.4%
2026-03-26 12:17:43,261 [INFO]           → conviction 4/100  |  signals 1/18
2026-03-26 12:17:49,774 [INFO]   [146]  RVN       (#284)  $0.00548       7d: -0.2%
2026-03-26 12:17:50,417 [INFO]           → conviction 9/100  |  signals 2/18
2026-03-26 12:17:56,920 [INFO]   [147]  W         (#288)  $0.01562       7d: -7.4%
2026-03-26 12:17:57,625 [INFO]           → conviction 4/100  |  signals 1/18
2026-03-26 12:18:04,126 [INFO]   [148]  GRX       (#289)  $9.20000       7d: -11.9%
2026-03-26 12:18:06,240 [INFO]           → conviction 2/100  |  signals 1/18
2026-03-26 12:18:12,742 [INFO]   [149]  BEAM      (#291)  $0.00174       7d: -12.5%
2026-03-26 12:18:13,375 [INFO]           → conviction 9/100  |  signals 2/18
2026-03-26 12:18:19,880 [INFO]   [150]  APE       (#292)  $0.08713       7d: -7.2%
2026-03-26 12:18:20,530 [INFO]           → conviction 13/100  |  signals 2/18
2026-03-26 12:18:27,031 [INFO]   [151]  ZRX       (#293)  $0.10116       7d: -5.2%
2026-03-26 12:18:28,289 [INFO]           → conviction 18/100  |  signals 3/18
2026-03-26 12:18:35,099 [INFO]   [152]  TFUEL     (#294)  $0.01172       7d: -8.5%
2026-03-26 12:18:36,083 [INFO]           → conviction 4/100  |  signals 1/18
2026-03-26 12:18:42,598 [INFO]   [153]  KMNO      (#298)  $0.01982       7d: -9.2%
2026-03-26 12:18:43,479 [INFO]           → conviction 9/100  |  signals 2/18
2026-03-26 12:18:50,007 [INFO]   [154]  LION      (#297)  $0.00273       7d: -9.8%
2026-03-26 12:18:51,812 [INFO]           → conviction 0/100  |  signals 0/18
2026-03-26 12:18:58,319 [INFO]   [155]  MAG7.SSI  (#299)  $0.49227       7d: -3.7%
2026-03-26 12:19:00,122 [WARNING] Rate-limited — waiting 60s (attempt 1)
2026-03-26 12:20:05,537 [INFO]           → conviction 0/100  |  signals 0/18
2026-03-26 12:20:12,072 [INFO]   [156]  ROSE      (#300)  $0.01103       7d: -9.7%
2026-03-26 12:20:18,179 [INFO]           → conviction 13/100  |  signals 2/18
2026-03-26 12:20:24,690 [INFO]   [157]  SAHARA    (#302)  $0.02620       7d: -1.0%
2026-03-26 12:20:25,494 [INFO]           → conviction 27/100  |  signals 5/18
2026-03-26 12:20:32,000 [INFO]   [158]  TOSHI     (#303)  $0.00020       7d: -9.4%
2026-03-26 12:20:34,170 [INFO]           → conviction 13/100  |  signals 2/18
2026-03-26 12:20:40,671 [INFO]   [159]  CFG       (#305)  $0.13845       7d: -6.1%
2026-03-26 12:20:41,545 [INFO]           → conviction 27/100  |  signals 5/18
2026-03-26 12:20:48,108 [INFO]   [160]  XVG       (#307)  $0.00477       7d: -4.2%
2026-03-26 12:20:49,066 [INFO]           → conviction 4/100  |  signals 1/18
2026-03-26 12:20:55,582 [INFO]   [161]  DBR       (#308)  $0.01662       7d: -5.4%
2026-03-26 12:20:57,605 [INFO]           → conviction 18/100  |  signals 4/18
2026-03-26 12:21:04,135 [INFO]   [162]  CTC       (#309)  $0.14794       7d: -10.2%
2026-03-26 12:21:05,287 [WARNING] Rate-limited — waiting 60s (attempt 1)
2026-03-26 12:22:10,769 [INFO]           → conviction 4/100  |  signals 1/18
2026-03-26 12:22:17,352 [INFO]   [163]  SUPER     (#310)  $0.12208       7d: +6.3%
2026-03-26 12:22:18,650 [INFO]           → conviction 40/100  |  signals 8/18
2026-03-26 12:22:25,166 [INFO]   [164]  KSM       (#311)  $4.29000       7d: -6.0%
2026-03-26 12:22:25,921 [INFO]           → conviction 0/100  |  signals 0/18
2026-03-26 12:22:32,426 [INFO]   [165]  ZIL       (#312)  $0.00385       7d: -7.9%
2026-03-26 12:22:33,065 [INFO]           → conviction 9/100  |  signals 1/18
2026-03-26 12:22:39,568 [INFO]   [166]  HOT       (#315)  $0.00043       7d: -5.4%
2026-03-26 12:22:40,336 [INFO]           → conviction 13/100  |  signals 2/18
2026-03-26 12:22:46,844 [INFO]   [167]  UB        (#318)  $0.03032       7d: -2.8%
2026-03-26 12:22:48,769 [INFO]           → conviction 11/100  |  signals 3/18
2026-03-26 12:22:55,291 [INFO]   [168]  DOG       (#317)  $0.00075       7d: -6.6%
2026-03-26 12:22:57,659 [INFO]           → conviction 4/100  |  signals 1/18
2026-03-26 12:23:04,171 [INFO]   [169]  SN120     (#320)  $27.41000      7d: +45.9%
2026-03-26 12:23:05,287 [WARNING] Rate-limited — waiting 60s (attempt 1)
2026-03-26 12:24:09,361 [INFO]           → conviction 20/100  |  signals 5/18
2026-03-26 12:24:15,874 [INFO]   [170]  AIOZ      (#323)  $0.06006       7d: -9.4%
2026-03-26 12:24:18,704 [INFO]           → conviction 18/100  |  signals 4/18
2026-03-26 12:24:25,206 [INFO]   [171]  DGB       (#324)  $0.00407       7d: +2.4%
2026-03-26 12:24:25,883 [INFO]           → conviction 18/100  |  signals 4/18
2026-03-26 12:24:32,384 [INFO]   [172]  NXPC      (#325)  $0.28614       7d: -1.2%
2026-03-26 12:24:33,598 [INFO]           → conviction 4/100  |  signals 1/18
2026-03-26 12:24:40,099 [INFO]   [173]  LINEA     (#327)  $0.00313       7d: -3.9%
2026-03-26 12:24:40,737 [INFO]           → conviction 9/100  |  signals 2/18
2026-03-26 12:24:47,237 [INFO]   [174]  TURBO     (#330)  $0.00105       7d: +4.7%
2026-03-26 12:24:47,867 [INFO]           → conviction 18/100  |  signals 3/18
2026-03-26 12:24:54,397 [INFO]   [175]  GWEI      (#331)  $0.04129       7d: +1.2%
2026-03-26 12:24:56,560 [INFO]           → conviction 11/100  |  signals 3/18
2026-03-26 12:25:03,456 [INFO]   [176]  MINA      (#332)  $0.05633       7d: -4.3%
2026-03-26 12:25:04,808 [INFO]           → conviction 18/100  |  signals 3/18
2026-03-26 12:25:11,497 [INFO]   [177]  KTA       (#333)  $0.14208       7d: -17.7%
2026-03-26 12:25:14,450 [INFO]           → conviction 4/100  |  signals 1/18
2026-03-26 12:25:20,959 [INFO]   [178]  BEAT      (#336)  $0.50536       7d: -13.2%
2026-03-26 12:25:21,325 [WARNING] Rate-limited — waiting 60s (attempt 1)
2026-03-26 12:26:24,785 [INFO]           → conviction 9/100  |  signals 2/18
2026-03-26 12:26:31,288 [INFO]   [179]  SAFE      (#339)  $0.09860       7d: -6.6%
2026-03-26 12:26:34,301 [INFO]           → conviction 4/100  |  signals 1/18
2026-03-26 12:26:40,802 [INFO]   [180]  HOME      (#341)  $0.02032       7d: -5.4%
2026-03-26 12:26:41,464 [INFO]           → conviction 4/100  |  signals 1/18
2026-03-26 12:26:47,964 [INFO]   [181]  DYDX      (#342)  $0.08411       7d: -4.0%
2026-03-26 12:26:48,606 [INFO]           → conviction 22/100  |  signals 5/18
2026-03-26 12:26:55,116 [INFO]   [182]  T         (#343)  $0.00624       7d: -5.2%
2026-03-26 12:26:55,907 [INFO]           → conviction 13/100  |  signals 2/18
2026-03-26 12:27:02,424 [INFO]   [183]  ZORA      (#344)  $0.01555       7d: -7.8%
2026-03-26 12:27:04,339 [INFO]           → conviction 9/100  |  signals 2/18
2026-03-26 12:27:10,841 [INFO]   [184]  METAL     (#346)  $0.13437       7d: +2.5%
2026-03-26 12:27:11,421 [WARNING] Rate-limited — waiting 60s (attempt 1)
2026-03-26 12:28:14,686 [INFO]           → conviction 18/100  |  signals 4/18
2026-03-26 12:28:21,198 [INFO]   [185]  DEEP      (#347)  $0.02733       7d: -11.5%
2026-03-26 12:28:24,242 [INFO]           → conviction 9/100  |  signals 1/18
2026-03-26 12:28:30,745 [INFO]   [186]  ZETA      (#348)  $0.05196       7d: +2.0%
2026-03-26 12:28:31,853 [WARNING] Rate-limited — waiting 60s (attempt 1)
2026-03-26 14:07:10,414 [INFO]           → conviction 13/100  |  signals 3/18
2026-03-26 14:07:17,176 [INFO]   [187]  MET       (#349)  $0.13282       7d: -13.1%
2026-03-26 14:07:20,441 [INFO]           → conviction 31/100  |  signals 6/18
2026-03-26 14:07:27,085 [INFO]   [188]  CKB       (#353)  $0.00140       7d: -6.9%
2026-03-26 14:07:28,662 [INFO]           → conviction 18/100  |  signals 4/18
2026-03-26 14:07:35,165 [INFO]   [189]  ASTR      (#354)  $0.00788       7d: +3.4%
2026-03-26 14:07:37,646 [INFO]           → conviction 31/100  |  signals 6/18
2026-03-26 14:07:44,148 [INFO]   [190]  MBG       (#356)  $0.36089       7d: +5.7%
2026-03-26 14:07:46,271 [INFO]           → conviction 26/100  |  signals 5/18
2026-03-26 14:07:52,786 [INFO]   [191]  RAVE      (#357)  $0.27922       7d: +4.9%
2026-03-26 14:07:54,623 [INFO]           → conviction 9/100  |  signals 2/18
2026-03-26 14:08:01,138 [INFO]   [192]  XPR       (#358)  $0.00232       7d: -0.4%
2026-03-26 15:08:42,253 [INFO] 
2026-03-26 15:08:42,254 [INFO] ================================================================================
2026-03-26 15:08:42,254 [INFO]   CRYPTO MASTER ORCHESTRATOR v2.1
2026-03-26 15:08:42,254 [INFO]   18-signal engine | funding rate | corr filter | volume source tagging
2026-03-26 15:08:42,254 [INFO] ================================================================================
2026-03-26 15:08:42,254 [INFO]   Account: $96,700.00 USDT  |  Risk/trade: 1.5%  |  Max positions: 8
2026-03-26 15:08:42,254 [INFO] 
2026-03-26 15:08:42,254 [INFO] [1/5] Analyzing market regime...
2026-03-26 15:08:42,254 [INFO] Fetching market context (BTC)...
2026-03-26 15:08:43,165 [INFO]   BTC: $69,319 | 7d: -0.3% | Regime: 🟡 SIDEWAYS
2026-03-26 15:08:43,169 [INFO]   🟡 SIDEWAYS — conviction raised to 60, max position capped at 6.0%, stops tightened to 1.0× ATR
2026-03-26 15:08:43,169 [INFO] [2/5] Fetching BTC historical data...
2026-03-26 15:08:43,196 [INFO]   BTC data: OK
2026-03-26 15:08:49,699 [INFO] [3/5] Fetching top 1000 coins...
2026-03-26 15:08:49,699 [INFO] Fetching top 1000 coins by market cap...
2026-03-26 15:08:55,337 [WARNING] Rate-limited — waiting 60s (attempt 1)
2026-03-26 15:09:55,365 [WARNING] Request error: ('Connection aborted.', RemoteDisconnected('Remote end closed connection without response'))
2026-03-26 15:10:02,448 [INFO]   Fetched 1000 coins
2026-03-26 15:10:02,450 [INFO]   Fetched 1000 coins
2026-03-26 15:10:02,450 [INFO] [4/5] Scanning for high-conviction setups...
2026-03-26 15:10:02,450 [INFO]   Filters: Rank 50–600  |  Vol ≥ $500,000  |  Min conviction: 60
2026-03-26 15:10:02,454 [INFO] 
2026-03-26 15:10:02,459 [INFO]   [  1]  AAVE      (# 50)  $106.35000     7d: -5.0%
2026-03-26 15:10:04,162 [INFO]           → conviction 18/100  |  signals 3/18
2026-03-26 15:10:04,164 [INFO]   [  2]  NEAR      (# 51)  $1.23000       7d: -8.2%
2026-03-26 15:10:04,504 [INFO]           → conviction 4/100  |  signals 1/18
2026-03-26 15:10:04,506 [INFO]   [  3]  BGB       (# 55)  $2.02000       7d: -5.1%
2026-03-26 15:10:04,854 [INFO]           → conviction 20/100  |  signals 5/18
2026-03-26 15:10:04,855 [INFO]   [  4]  ETC       (# 59)  $8.30000       7d: -0.3%
2026-03-26 15:10:05,198 [INFO]           → conviction 4/100  |  signals 1/18
2026-03-26 15:10:05,198 [INFO]   [  5]  ONDO      (# 60)  $0.26415       7d: +2.5%
2026-03-26 15:10:05,535 [INFO]           → conviction 31/100  |  signals 6/18
2026-03-26 15:10:05,536 [INFO]   [  6]  ICP       (# 61)  $2.31000       7d: -7.9%
2026-03-26 15:10:05,968 [INFO]           → conviction 13/100  |  signals 2/18
2026-03-26 15:10:05,968 [INFO]   [  7]  GT        (# 62)  $6.61000       7d: -1.8%
2026-03-26 15:10:06,366 [INFO]           → conviction 16/100  |  signals 5/18
2026-03-26 15:10:06,366 [INFO]   [  8]  QNT       (# 63)  $74.40000      7d: -3.2%
2026-03-26 15:10:06,714 [INFO]           → conviction 18/100  |  signals 3/18
2026-03-26 15:10:06,714 [INFO]   [  9]  KCS       (# 64)  $8.04000       7d: +1.9%
2026-03-26 15:10:07,084 [INFO]           → conviction 7/100  |  signals 2/18
2026-03-26 15:10:07,084 [INFO]   [ 10]  PUMP      (# 65)  $0.00177       7d: -3.3%
2026-03-26 15:10:07,497 [INFO]           → conviction 22/100  |  signals 5/18
2026-03-26 15:10:07,497 [INFO]   [ 11]  KAS       (# 67)  $0.03684       7d: -6.6%
2026-03-26 15:10:07,850 [INFO]           → conviction 11/100  |  signals 3/18
2026-03-26 15:10:07,850 [INFO]   [ 12]  POL       (# 68)  $0.09430       7d: -0.6%
2026-03-26 15:10:08,214 [INFO]           → conviction 22/100  |  signals 4/18
2026-03-26 15:10:08,214 [INFO]   [ 13]  WLD       (# 70)  $0.29994       7d: -10.3%
2026-03-26 15:10:08,558 [INFO]           → conviction 13/100  |  signals 2/18
2026-03-26 15:10:08,558 [INFO]   [ 14]  RENDER    (# 71)  $1.77000       7d: +7.6%
2026-03-26 15:10:08,912 [INFO]           → conviction 27/100  |  signals 6/18
2026-03-26 15:10:08,914 [INFO]   [ 15]  NEXO      (# 72)  $0.90014       7d: +1.6%
2026-03-26 15:10:09,338 [INFO]           → conviction 9/100  |  signals 2/18
2026-03-26 15:10:09,338 [INFO]   [ 16]  MORPHO    (# 73)  $1.63000       7d: -3.3%
2026-03-26 15:10:09,683 [INFO]           → conviction 9/100  |  signals 2/18
2026-03-26 15:10:09,683 [INFO]   [ 17]  ATOM      (# 75)  $1.71000       7d: -6.9%
2026-03-26 15:10:10,063 [INFO]           → conviction 9/100  |  signals 1/18
2026-03-26 15:10:10,063 [INFO]   [ 18]  ENA       (# 76)  $0.09827       7d: -4.5%
2026-03-26 15:10:10,407 [INFO]           → conviction 18/100  |  signals 4/18
2026-03-26 15:10:10,409 [INFO]   [ 19]  APT       (# 77)  $1.04200       7d: +9.5%
2026-03-26 15:10:10,750 [INFO]           → conviction 27/100  |  signals 5/18
2026-03-26 15:10:10,750 [INFO]   [ 20]  NIGHT     (# 79)  $0.04676       7d: +4.4%
2026-03-26 15:10:11,183 [INFO]           → conviction 22/100  |  signals 5/18
2026-03-26 15:10:11,183 [INFO]   [ 21]  ALGO      (# 80)  $0.08467       7d: -4.4%
2026-03-26 15:10:11,527 [INFO]           → conviction 9/100  |  signals 1/18
2026-03-26 15:10:11,529 [INFO]   [ 22]  TRUMP     (# 82)  $3.14000       7d: -7.5%
2026-03-26 15:10:11,874 [INFO]           → conviction 13/100  |  signals 2/18
2026-03-26 15:10:11,878 [INFO]   [ 23]  FIL       (# 84)  $0.88701       7d: -1.1%
2026-03-26 15:10:12,234 [INFO]           → conviction 18/100  |  signals 3/18
2026-03-26 15:10:12,234 [INFO]   [ 24]  FLR       (# 86)  $0.00785       7d: -6.4%
2026-03-26 15:10:12,619 [INFO]           → conviction 4/100  |  signals 1/18
2026-03-26 15:10:12,619 [INFO]   [ 25]  BDX       (# 87)  $0.08359       7d: +4.1%
2026-03-26 15:10:12,964 [INFO]           → conviction 16/100  |  signals 4/18
2026-03-26 15:10:12,964 [INFO]   [ 26]  XDC       (# 88)  $0.03186       7d: -0.9%
2026-03-26 15:10:13,327 [INFO]           → conviction 13/100  |  signals 4/18
2026-03-26 15:10:13,329 [INFO]   [ 27]  VET       (# 89)  $0.00687       7d: -4.3%
2026-03-26 15:10:13,674 [INFO]           → conviction 9/100  |  signals 1/18
2026-03-26 15:10:13,676 [INFO]   [ 28]  ARB       (# 92)  $0.09476       7d: -4.2%
2026-03-26 15:10:14,025 [INFO]           → conviction 13/100  |  signals 2/18
2026-03-26 15:10:14,033 [INFO]   [ 29]  FET       (# 94)  $0.24331       7d: +16.8%
2026-03-26 15:10:14,395 [INFO]           → conviction 44/100  |  signals 9/18
2026-03-26 15:10:14,395 [INFO]   [ 30]  STABLE    (# 95)  $0.02541       7d: -7.4%
2026-03-26 15:10:14,749 [INFO]           → conviction 16/100  |  signals 3/18
2026-03-26 15:10:14,749 [INFO]   [ 31]  ZRO       (# 96)  $2.09000       7d: +1.6%
2026-03-26 15:10:15,118 [INFO]           → conviction 9/100  |  signals 2/18
2026-03-26 15:10:15,125 [INFO]   [ 32]  JUP       (# 97)  $0.15044       7d: -6.2%
2026-03-26 15:10:15,502 [INFO]           → conviction 4/100  |  signals 1/18
2026-03-26 15:10:15,504 [INFO]   [ 33]  JST       (# 99)  $0.05667       7d: -5.8%
2026-03-26 15:10:15,873 [INFO]           → conviction 27/100  |  signals 5/18
2026-03-26 15:10:15,874 [INFO]   [ 34]  CAKE      (#103)  $1.41000       7d: +0.0%
2026-03-26 15:10:16,307 [INFO]           → conviction 27/100  |  signals 5/18
2026-03-26 15:10:16,307 [INFO]   [ 35]  VIRTUAL   (#104)  $0.69588       7d: -1.5%
2026-03-26 15:10:16,652 [INFO]           → conviction 18/100  |  signals 3/18
2026-03-26 15:10:16,652 [INFO]   [ 36]  PENGU     (#105)  $0.00696       7d: -1.7%
2026-03-26 15:10:17,016 [INFO]           → conviction 27/100  |  signals 5/18
2026-03-26 15:10:17,016 [INFO]   [ 37]  STX       (#106)  $0.23330       7d: -4.8%
2026-03-26 15:10:17,389 [INFO]           → conviction 13/100  |  signals 2/18
2026-03-26 15:10:17,389 [INFO]   [ 38]  DASH      (#107)  $32.99000      7d: +4.7%
2026-03-26 15:10:17,778 [INFO]           → conviction 13/100  |  signals 3/18
2026-03-26 15:10:17,778 [INFO]   [ 39]  ETHFI     (#109)  $0.52792       7d: -0.6%
2026-03-26 15:10:18,152 [INFO]           → conviction 18/100  |  signals 4/18
2026-03-26 15:10:18,154 [INFO]   [ 40]  XTZ       (#110)  $0.37367       7d: -2.9%
2026-03-26 15:10:18,513 [INFO]           → conviction 4/100  |  signals 1/18
2026-03-26 15:10:18,515 [INFO]   [ 41]  SEI       (#111)  $0.05897       7d: -7.4%
2026-03-26 15:10:18,864 [INFO]           → conviction 13/100  |  signals 2/18
2026-03-26 15:10:18,865 [INFO]   [ 42]  DCR       (#114)  $22.23000      7d: -15.8%
2026-03-26 15:10:19,200 [INFO]           → conviction 18/100  |  signals 4/18
2026-03-26 15:10:19,200 [INFO]   [ 43]  KITE      (#115)  $0.21155       7d: +10.0%
2026-03-26 15:10:19,589 [INFO]           → conviction 22/100  |  signals 4/18
2026-03-26 15:10:19,591 [INFO]   [ 44]  CHZ       (#118)  $0.03486       7d: -2.1%
2026-03-26 15:10:19,936 [INFO]           → conviction 4/100  |  signals 1/18
2026-03-26 15:10:19,936 [INFO]   [ 45]  DEXE      (#120)  $7.39000       7d: +18.4%
2026-03-26 15:10:20,284 [INFO]           → conviction 27/100  |  signals 6/18
2026-03-26 15:10:20,284 [INFO]   [ 46]  SUN       (#122)  $0.01734       7d: -0.1%
2026-03-26 15:10:20,718 [INFO]           → conviction 22/100  |  signals 4/18
2026-03-26 15:10:20,721 [INFO]   [ 47]  CRV       (#123)  $0.22225       7d: -4.7%
2026-03-26 15:10:21,124 [INFO]           → conviction 18/100  |  signals 4/18
2026-03-26 15:10:21,124 [INFO]   [ 48]  GNO       (#125)  $123.90000     7d: -5.5%
2026-03-26 15:10:21,477 [INFO]           → conviction 9/100  |  signals 2/18
2026-03-26 15:10:21,479 [INFO]   [ 49]  CFX       (#129)  $0.05958       7d: -3.3%
2026-03-26 15:10:21,814 [INFO]           → conviction 4/100  |  signals 1/18
2026-03-26 15:10:21,816 [INFO]   [ 50]  AERO      (#130)  $0.33043       7d: +2.4%
2026-03-26 15:10:22,157 [INFO]           → conviction 2/100  |  signals 1/18
2026-03-26 15:10:22,157 [INFO]   [ 51]  INJ       (#131)  $2.96000       7d: -0.5%
2026-03-26 15:10:22,507 [INFO]           → conviction 18/100  |  signals 3/18
2026-03-26 15:10:22,507 [INFO]   [ 52]  KAIA      (#132)  $0.04895       7d: -4.8%
2026-03-26 15:10:22,861 [INFO]           → conviction 4/100  |  signals 1/18
2026-03-26 15:10:22,861 [INFO]   [ 53]  TIA       (#133)  $0.31900       7d: -5.4%
2026-03-26 15:10:23,271 [INFO]           → conviction 9/100  |  signals 2/18
2026-03-26 15:10:23,273 [INFO]   [ 54]  VVV       (#135)  $6.19000       7d: +15.5%
2026-03-26 15:10:23,674 [INFO]           → conviction 20/100  |  signals 5/18
2026-03-26 15:10:23,674 [INFO]   [ 55]  BSV       (#136)  $13.86000      7d: -4.3%
2026-03-26 15:10:24,170 [INFO]           → conviction 13/100  |  signals 4/18
2026-03-26 15:10:24,175 [INFO]   [ 56]  SPX       (#139)  $0.28785       7d: -4.3%
2026-03-26 15:10:24,520 [INFO]           → conviction 13/100  |  signals 2/18
2026-03-26 15:10:24,520 [INFO]   [ 57]  JASMY     (#140)  $0.00534       7d: -5.6%
2026-03-26 15:10:24,865 [INFO]           → conviction 9/100  |  signals 1/18
2026-03-26 15:10:24,865 [INFO]   [ 58]  GRT       (#141)  $0.02446       7d: -5.3%
2026-03-26 15:10:25,213 [INFO]           → conviction 9/100  |  signals 2/18
2026-03-26 15:10:25,213 [INFO]   [ 59]  MON       (#143)  $0.02411       7d: +9.5%
2026-03-26 15:10:25,597 [INFO]           → conviction 34/100  |  signals 6/18
2026-03-26 15:10:25,597 [INFO]   [ 60]  KAG       (#145)  $68.96000      7d: -1.4%
2026-03-26 15:10:26,029 [INFO]           → conviction 7/100  |  signals 2/18
2026-03-26 15:10:26,031 [INFO]   [ 61]  2Z        (#146)  $0.07383       7d: -4.2%
2026-03-26 15:10:26,389 [INFO]           → conviction 4/100  |  signals 1/18
2026-03-26 15:10:26,389 [INFO]   [ 62]  SYRUP     (#147)  $0.22066       7d: -9.2%
2026-03-26 15:10:26,746 [INFO]           → conviction 13/100  |  signals 2/18
2026-03-26 15:10:26,746 [INFO]   [ 63]  IOTA      (#148)  $0.05789       7d: -6.4%
2026-03-26 15:10:27,084 [INFO]           → conviction 4/100  |  signals 1/18
2026-03-26 15:10:27,084 [INFO]   [ 64]  LDO       (#149)  $0.28848       7d: -2.3%
2026-03-26 15:10:27,440 [INFO]           → conviction 18/100  |  signals 3/18
2026-03-26 15:10:27,440 [INFO]   [ 65]  LIT       (#151)  $0.94746       7d: -15.4%
2026-03-26 15:10:27,798 [INFO]           → conviction 4/100  |  signals 1/18
2026-03-26 15:10:27,800 [INFO]   [ 66]  BTSE      (#152)  $1.44000       7d: -11.0%
2026-03-26 15:10:30,684 [INFO]           → conviction 9/100  |  signals 2/18
2026-03-26 15:10:37,195 [INFO]   [ 67]  OP        (#154)  $0.10893       7d: -10.0%
2026-03-26 15:10:37,549 [INFO]           → conviction 4/100  |  signals 1/18
2026-03-26 15:10:37,551 [INFO]   [ 68]  ENS       (#156)  $5.89000       7d: -5.4%
2026-03-26 15:10:37,898 [INFO]           → conviction 4/100  |  signals 1/18
2026-03-26 15:10:37,898 [INFO]   [ 69]  9BIT      (#158)  $0.02742       7d: +10.9%
2026-03-26 15:10:39,014 [WARNING] Rate-limited — waiting 60s (attempt 1)
2026-03-26 15:11:42,199 [INFO]           → conviction 11/100  |  signals 3/18
2026-03-26 15:11:48,705 [INFO]   [ 70]  PYTH      (#159)  $0.03888       7d: -12.8%
2026-03-26 15:11:49,063 [INFO]           → conviction 4/100  |  signals 1/18
2026-03-26 15:11:49,065 [INFO]   [ 71]  XPL       (#160)  $0.09363       7d: -6.9%
2026-03-26 15:11:49,426 [INFO]           → conviction 18/100  |  signals 4/18
2026-03-26 15:11:49,428 [INFO]   [ 72]  HNT       (#161)  $1.20000       7d: -7.6%
2026-03-26 15:11:49,791 [INFO]           → conviction 31/100  |  signals 7/18
2026-03-26 15:11:49,793 [INFO]   [ 73]  IP        (#163)  $0.61442       7d: -20.8%
2026-03-26 15:11:50,175 [INFO]           → conviction 22/100  |  signals 4/18
2026-03-26 15:11:50,177 [INFO]   [ 74]  TEL       (#165)  $0.00222       7d: -10.0%
2026-03-26 15:11:50,533 [INFO]           → conviction 9/100  |  signals 2/18
2026-03-26 15:11:50,535 [INFO]   [ 75]  B         (#167)  $0.20820       7d: -13.3%
2026-03-26 15:11:50,891 [INFO]           → conviction 16/100  |  signals 4/18
2026-03-26 15:11:50,891 [INFO]   [ 76]  SAND      (#168)  $0.07769       7d: -4.6%
2026-03-26 15:11:51,272 [INFO]           → conviction 18/100  |  signals 3/18
2026-03-26 15:11:51,274 [INFO]   [ 77]  TWT       (#170)  $0.48728       7d: -5.3%
2026-03-26 15:11:51,652 [INFO]           → conviction 0/100  |  signals 0/18
2026-03-26 15:11:51,652 [INFO]   [ 78]  PENDLE    (#171)  $1.22000       7d: -1.8%
2026-03-26 15:11:52,055 [INFO]           → conviction 22/100  |  signals 4/18
2026-03-26 15:11:52,055 [INFO]   [ 79]  STRK      (#172)  $0.03562       7d: -2.7%
2026-03-26 15:11:52,412 [INFO]           → conviction 13/100  |  signals 2/18
2026-03-26 15:11:52,413 [INFO]   [ 80]  AB        (#173)  $0.00200       7d: -4.5%
2026-03-26 15:11:52,772 [INFO]           → skip (flatliner: ATR 1.16% / BB 0.38%)
2026-03-26 15:11:52,772 [INFO]   [ 81]  XCN       (#174)  $0.00512       7d: -4.4%
2026-03-26 15:11:53,128 [INFO]           → conviction 7/100  |  signals 2/18
2026-03-26 15:11:53,130 [INFO]   [ 82]  REAL      (#175)  $0.06005       7d: +3.3%
2026-03-26 15:11:53,470 [INFO]           → conviction 13/100  |  signals 3/18
2026-03-26 15:11:53,470 [INFO]   [ 83]  NEO       (#177)  $2.67000       7d: -1.1%
2026-03-26 15:11:53,810 [INFO]           → conviction 18/100  |  signals 3/18
2026-03-26 15:11:53,811 [INFO]   [ 84]  WIF       (#178)  $0.18843       7d: +8.0%
2026-03-26 15:11:54,155 [INFO]           → conviction 18/100  |  signals 4/18
2026-03-26 15:11:54,155 [INFO]   [ 85]  VSN       (#180)  $0.05139       7d: -2.5%
2026-03-26 15:11:54,500 [INFO]           → conviction 9/100  |  signals 2/18
2026-03-26 15:11:54,500 [INFO]   [ 86]  AXS       (#183)  $1.07700       7d: -8.3%
2026-03-26 15:11:54,885 [INFO]           → conviction 18/100  |  signals 3/18
2026-03-26 15:11:54,886 [INFO]   [ 87]  COMP      (#184)  $18.84000      7d: +2.0%
2026-03-26 15:11:55,236 [INFO]           → conviction 9/100  |  signals 1/18
2026-03-26 15:11:55,236 [INFO]   [ 88]  FARTCOIN  (#185)  $0.17904       7d: -7.8%
2026-03-26 15:11:55,566 [INFO]           → conviction 16/100  |  signals 4/18
2026-03-26 15:11:55,568 [INFO]   [ 89]  WFI       (#186)  $2.19000       7d: -2.2%
2026-03-26 15:11:55,914 [INFO]           → conviction 9/100  |  signals 2/18
2026-03-26 15:11:55,914 [INFO]   [ 90]  ZK        (#187)  $0.01832       7d: -3.7%
2026-03-26 15:11:56,309 [INFO]           → conviction 9/100  |  signals 2/18
2026-03-26 15:11:56,310 [INFO]   [ 91]  GRASS     (#188)  $0.32161       7d: -14.5%
2026-03-26 15:11:56,650 [INFO]           → conviction 18/100  |  signals 4/18
2026-03-26 15:11:56,651 [INFO]   [ 92]  WAL       (#189)  $0.07757       7d: -1.6%
2026-03-26 15:11:56,998 [INFO]           → conviction 4/100  |  signals 1/18
2026-03-26 15:11:56,999 [INFO]   [ 93]  FF        (#190)  $0.07084       7d: +0.4%
2026-03-26 15:11:57,348 [INFO]           → conviction 18/100  |  signals 3/18
2026-03-26 15:11:57,348 [INFO]   [ 94]  MANA      (#191)  $0.08532       7d: -4.5%
2026-03-26 15:11:57,692 [INFO]           → conviction 18/100  |  signals 3/18
2026-03-26 15:11:57,693 [INFO]   [ 95]  H         (#194)  $0.08838       7d: -9.3%
2026-03-26 15:11:58,038 [INFO]           → conviction 0/100  |  signals 0/18
2026-03-26 15:11:58,039 [INFO]   [ 96]  S         (#195)  $0.04197       7d: -4.5%
2026-03-26 15:11:58,422 [INFO]           → conviction 0/100  |  signals 0/18
2026-03-26 15:11:58,423 [INFO]   [ 97]  RAY       (#196)  $0.59053       7d: -3.2%
2026-03-26 15:11:58,764 [INFO]           → conviction 9/100  |  signals 2/18
2026-03-26 15:11:58,765 [INFO]   [ 98]  THETA     (#199)  $0.15846       7d: -8.4%
2026-03-26 15:11:59,111 [INFO]           → conviction 18/100  |  signals 3/18
2026-03-26 15:11:59,111 [INFO]   [ 99]  CVX       (#201)  $1.70000       7d: -7.1%
2026-03-26 15:11:59,462 [INFO]           → conviction 9/100  |  signals 2/18
2026-03-26 15:11:59,463 [INFO]   [100]  BAT       (#202)  $0.10357       7d: +6.4%
2026-03-26 15:11:59,827 [INFO]           → conviction 18/100  |  signals 4/18
2026-03-26 15:11:59,827 [INFO]   [101]  ZANO      (#205)  $9.78000       7d: +21.3%
2026-03-26 15:12:00,179 [INFO]           → conviction 19/100  |  signals 3/18
2026-03-26 15:12:00,181 [INFO]   [102]  SFP       (#206)  $0.29393       7d: +1.1%
2026-03-26 15:12:00,535 [INFO]           → conviction 4/100  |  signals 1/18
2026-03-26 15:12:00,536 [INFO]   [103]  JTO       (#207)  $0.32326       7d: +10.3%
2026-03-26 15:12:00,892 [INFO]           → conviction 27/100  |  signals 5/18
2026-03-26 15:12:00,892 [INFO]   [104]  GALA      (#208)  $0.00305       7d: -8.5%
2026-03-26 15:12:01,243 [INFO]           → conviction 13/100  |  signals 2/18
2026-03-26 15:12:01,244 [INFO]   [105]  RUNE      (#209)  $0.40938       7d: -2.0%
2026-03-26 15:12:01,592 [INFO]           → conviction 4/100  |  signals 1/18
2026-03-26 15:12:01,593 [INFO]   [106]  ULTIMA    (#210)  $3758.77000    7d: -10.0%
2026-03-26 15:12:01,932 [INFO]           → conviction 4/100  |  signals 1/18
2026-03-26 15:12:01,932 [INFO]   [107]  CRCLON    (#213)  $101.32000     7d: -18.6%
2026-03-26 15:12:02,276 [INFO]           → conviction 20/100  |  signals 5/18
2026-03-26 15:12:02,276 [INFO]   [108]  SN64      (#212)  $29.85000      7d: +38.1%
2026-03-26 15:12:02,625 [INFO]           → conviction 20/100  |  signals 5/18
2026-03-26 15:12:02,626 [INFO]   [109]  ATH       (#214)  $0.00757       7d: +10.7%
2026-03-26 15:12:02,986 [INFO]           → conviction 27/100  |  signals 5/18
2026-03-26 15:12:02,986 [INFO]   [110]  SENT      (#216)  $0.01899       7d: -4.3%
2026-03-26 15:12:03,335 [INFO]           → conviction 4/100  |  signals 1/18
2026-03-26 15:12:03,335 [INFO]   [111]  BANANAS31  (#215)  $0.01377       7d: +49.9%
2026-03-26 15:12:03,667 [INFO]           → conviction 22/100  |  signals 5/18
2026-03-26 15:12:03,669 [INFO]   [112]  TRAC      (#219)  $0.30163       7d: -4.9%
2026-03-26 15:12:04,073 [INFO]           → conviction 0/100  |  signals 0/18
2026-03-26 15:12:04,073 [INFO]   [113]  AKT       (#218)  $0.51451       7d: +2.0%
2026-03-26 15:12:04,409 [INFO]           → conviction 24/100  |  signals 5/18
2026-03-26 15:12:04,409 [INFO]   [114]  FLUID     (#220)  $1.70000       7d: -22.7%
2026-03-26 15:12:07,254 [INFO]           → conviction 13/100  |  signals 2/18
2026-03-26 15:12:13,759 [INFO]   [115]  GLM       (#222)  $0.13079       7d: -0.1%
2026-03-26 15:12:14,108 [INFO]           → conviction 9/100  |  signals 2/18
2026-03-26 15:12:14,108 [INFO]   [116]  1INCH     (#224)  $0.09221       7d: -3.4%
2026-03-26 15:12:14,493 [INFO]           → conviction 9/100  |  signals 2/18
2026-03-26 15:12:14,495 [INFO]   [117]  SOSO      (#228)  $0.40489       7d: -5.9%
2026-03-26 15:12:14,924 [INFO]           → conviction 4/100  |  signals 1/18
2026-03-26 15:12:14,924 [INFO]   [118]  A         (#229)  $0.07707       7d: -4.7%
2026-03-26 15:12:15,287 [INFO]           → conviction 9/100  |  signals 1/18
2026-03-26 15:12:15,287 [INFO]   [119]  IMX       (#230)  $0.14690       7d: -9.7%
2026-03-26 15:12:15,639 [INFO]           → conviction 9/100  |  signals 1/18
2026-03-26 15:12:15,639 [INFO]   [120]  EIGEN     (#236)  $0.18865       7d: -1.6%
2026-03-26 15:12:15,972 [INFO]           → conviction 4/100  |  signals 1/18
2026-03-26 15:12:15,972 [INFO]   [121]  TIBBIR    (#239)  $0.11934       7d: -14.4%
2026-03-26 15:12:16,364 [INFO]           → conviction 4/100  |  signals 1/18
2026-03-26 15:12:16,364 [INFO]   [122]  AR        (#241)  $1.81000       7d: +7.6%
2026-03-26 15:12:16,705 [INFO]           → conviction 18/100  |  signals 4/18
2026-03-26 15:12:16,706 [INFO]   [123]  WEMIX     (#242)  $0.25551       7d: -4.3%
2026-03-26 15:12:17,040 [INFO]           → conviction 11/100  |  signals 3/18
2026-03-26 15:12:17,041 [INFO]   [124]  EGLD      (#243)  $3.92000       7d: -2.6%
2026-03-26 15:12:17,462 [INFO]           → conviction 4/100  |  signals 1/18
2026-03-26 15:12:17,464 [INFO]   [125]  MELANIA   (#245)  $0.12035       7d: +6.1%
2026-03-26 15:12:17,919 [INFO]           → conviction 16/100  |  signals 4/18
2026-03-26 15:12:17,921 [INFO]   [126]  PIEVERSE  (#247)  $0.52835       7d: -7.1%
2026-03-26 15:12:21,298 [INFO]           → conviction 13/100  |  signals 3/18
2026-03-26 15:12:27,800 [INFO]   [127]  COW       (#248)  $0.20061       7d: -12.9%
2026-03-26 15:12:28,141 [INFO]           → conviction 13/100  |  signals 3/18
2026-03-26 15:12:28,141 [INFO]   [128]  SKR       (#249)  $0.01845       7d: -14.0%
2026-03-26 15:12:28,587 [INFO]           → conviction 9/100  |  signals 1/18
2026-03-26 15:12:28,592 [INFO]   [129]  BERA      (#250)  $0.48035       7d: -11.5%
2026-03-26 15:12:28,952 [INFO]           → conviction 9/100  |  signals 2/18
2026-03-26 15:12:28,955 [INFO]   [130]  SHFL      (#252)  $0.27596       7d: +16.3%
2026-03-26 15:12:29,337 [INFO]           → conviction 20/100  |  signals 5/18
2026-03-26 15:12:29,338 [INFO]   [131]  RSR       (#253)  $0.00172       7d: +9.0%
2026-03-26 15:12:29,766 [INFO]           → conviction 31/100  |  signals 6/18
2026-03-26 15:12:29,766 [INFO]   [132]  EURCV     (#254)  $1.15000       7d: +0.3%
2026-03-26 15:12:30,175 [INFO]           → skip (flatliner: ATR 0.43% / BB 0.32%)
2026-03-26 15:12:30,176 [INFO]   [133]  LPT       (#255)  $2.16000       7d: -3.1%
2026-03-26 15:12:30,559 [INFO]           → conviction 4/100  |  signals 1/18
2026-03-26 15:12:30,566 [INFO]   [134]  0G        (#256)  $0.49766       7d: -6.0%
2026-03-26 15:12:30,989 [INFO]           → conviction 13/100  |  signals 2/18
2026-03-26 15:12:30,997 [INFO]   [135]  BMX       (#258)  $0.30614       7d: +1.2%
2026-03-26 15:12:31,353 [INFO]           → conviction 17/100  |  signals 3/18
2026-03-26 15:12:31,354 [INFO]   [136]  GAS       (#259)  $1.55000       7d: -1.2%
2026-03-26 15:12:31,691 [INFO]           → conviction 18/100  |  signals 3/18
2026-03-26 15:12:31,692 [INFO]   [137]  SNX       (#263)  $0.29052       7d: -5.2%
2026-03-26 15:12:32,040 [INFO]           → conviction 9/100  |  signals 2/18
2026-03-26 15:12:32,041 [INFO]   [138]  PMUSD     (#264)  $0.99440       7d: -0.0%
2026-03-26 15:12:33,354 [WARNING] Rate-limited — waiting 60s (attempt 1)
2026-03-26 15:13:36,654 [INFO]           → conviction 13/100  |  signals 4/18
2026-03-26 15:13:43,159 [INFO]   [139]  FORM      (#265)  $0.26074       7d: +4.1%
2026-03-26 15:13:43,539 [INFO]           → conviction 9/100  |  signals 2/18
2026-03-26 15:13:43,541 [INFO]   [140]  AMP       (#268)  $0.00117       7d: -9.0%
2026-03-26 15:13:43,879 [INFO]           → conviction 13/100  |  signals 3/18
2026-03-26 15:13:43,881 [INFO]   [141]  ZEN       (#270)  $5.48000       7d: -5.2%
2026-03-26 15:13:44,231 [INFO]           → conviction 9/100  |  signals 2/18
2026-03-26 15:13:44,235 [INFO]   [142]  AWE       (#274)  $0.04972       7d: -6.7%
2026-03-26 15:13:44,585 [INFO]           → conviction 47/100  |  signals 7/18
2026-03-26 15:13:44,587 [INFO]   [143]  ICNT      (#275)  $0.38055       7d: -6.1%
2026-03-26 15:13:44,929 [INFO]           → conviction 13/100  |  signals 4/18
2026-03-26 15:13:44,930 [INFO]   [144]  KAITO     (#276)  $0.38867       7d: +9.3%
2026-03-26 15:13:46,545 [INFO]           → conviction 13/100  |  signals 3/18
2026-03-26 15:13:53,047 [INFO]   [145]  YFI       (#280)  $2569.03000    7d: -5.5%
2026-03-26 15:13:53,394 [INFO]           → conviction 13/100  |  signals 3/18
2026-03-26 15:13:53,397 [INFO]   [146]  QTUM      (#282)  $0.85272       7d: -2.8%
2026-03-26 15:13:53,746 [INFO]           → conviction 4/100  |  signals 1/18
2026-03-26 15:13:53,748 [INFO]   [147]  RVN       (#283)  $0.00552       7d: +1.0%
2026-03-26 15:13:54,091 [INFO]           → conviction 9/100  |  signals 2/18
2026-03-26 15:13:54,093 [INFO]   [148]  USDA      (#284)  $0.99653       7d: -0.3%
2026-03-26 15:13:56,015 [INFO]           → skip (flatliner: ATR 0.57% / BB 0.12%)
2026-03-26 15:14:02,519 [INFO]   [149]  W         (#288)  $0.01565       7d: -5.6%
2026-03-26 15:14:02,868 [INFO]           → conviction 4/100  |  signals 1/18
2026-03-26 15:14:02,869 [INFO]   [150]  GRX       (#289)  $9.19000       7d: -10.5%
2026-03-26 15:14:03,208 [INFO]           → conviction 2/100  |  signals 1/18
2026-03-26 15:14:03,210 [INFO]   [151]  ZRX       (#291)  $0.10243       7d: -2.0%
2026-03-26 15:14:03,553 [INFO]           → conviction 18/100  |  signals 3/18
2026-03-26 15:14:03,555 [INFO]   [152]  APE       (#290)  $0.08821       7d: -5.2%
2026-03-26 15:14:03,913 [INFO]           → conviction 13/100  |  signals 2/18
2026-03-26 15:14:03,913 [INFO]   [153]  BEAM      (#293)  $0.00175       7d: -11.2%
2026-03-26 15:14:04,255 [INFO]           → conviction 9/100  |  signals 2/18
2026-03-26 15:14:04,256 [INFO]   [154]  TFUEL     (#295)  $0.01177       7d: -7.4%
2026-03-26 15:14:04,622 [INFO]           → conviction 4/100  |  signals 1/18
2026-03-26 15:14:04,626 [INFO]   [155]  ROSE      (#298)  $0.01116       7d: -7.7%
2026-03-26 15:14:04,972 [INFO]           → conviction 13/100  |  signals 2/18
2026-03-26 15:14:04,972 [INFO]   [156]  KMNO      (#297)  $0.01986       7d: -6.3%
2026-03-26 15:14:05,327 [INFO]           → conviction 9/100  |  signals 2/18
2026-03-26 15:14:05,327 [INFO]   [157]  LION      (#301)  $0.00271       7d: -9.3%
2026-03-26 15:14:05,672 [INFO]           → conviction 0/100  |  signals 0/18
2026-03-26 15:14:05,673 [INFO]   [158]  SAHARA    (#300)  $0.02666       7d: -1.2%
2026-03-26 15:14:06,025 [INFO]           → conviction 27/100  |  signals 5/18
2026-03-26 15:14:06,026 [INFO]   [159]  DRV       (#299)  $0.08334       7d: -22.3%
2026-03-26 15:14:07,926 [INFO]           → conviction 9/100  |  signals 2/18
2026-03-26 15:14:14,428 [INFO]   [160]  MAG7.SSI  (#302)  $0.49187       7d: -2.0%
2026-03-26 15:14:14,781 [INFO]           → conviction 0/100  |  signals 0/18
2026-03-26 15:14:14,787 [INFO]   [161]  TOSHI     (#304)  $0.00020       7d: -7.8%
2026-03-26 15:14:15,152 [INFO]           → conviction 13/100  |  signals 2/18
2026-03-26 15:14:15,152 [INFO]   [162]  BEAT      (#303)  $0.59623       7d: +1.0%
2026-03-26 15:14:15,490 [INFO]           → conviction 9/100  |  signals 2/18
2026-03-26 15:14:15,490 [INFO]   [163]  CFG       (#307)  $0.13971       7d: -5.7%
2026-03-26 15:14:15,845 [INFO]           → conviction 27/100  |  signals 5/18
2026-03-26 15:14:15,847 [INFO]   [164]  XVG       (#308)  $0.00485       7d: -2.9%
2026-03-26 15:14:16,182 [INFO]           → conviction 4/100  |  signals 1/18
2026-03-26 15:14:16,183 [INFO]   [165]  DBR       (#309)  $0.01675       7d: -4.9%
2026-03-26 15:14:16,525 [INFO]           → conviction 18/100  |  signals 4/18
2026-03-26 15:14:16,525 [INFO]   [166]  CTC       (#310)  $0.14879       7d: -8.6%
2026-03-26 15:14:16,861 [INFO]           → conviction 4/100  |  signals 1/18
2026-03-26 15:14:16,902 [INFO]   [167]  KSM       (#312)  $4.34000       7d: -4.4%
2026-03-26 15:14:17,325 [INFO]           → conviction 0/100  |  signals 0/18
2026-03-26 15:14:17,325 [INFO]   [168]  LINEA     (#311)  $0.00312       7d: -3.0%
2026-03-26 15:14:17,675 [INFO]           → conviction 9/100  |  signals 2/18
2026-03-26 15:14:17,676 [INFO]   [169]  SN120     (#313)  $28.43000      7d: +51.2%
2026-03-26 15:14:18,010 [INFO]           → conviction 20/100  |  signals 5/18
2026-03-26 15:14:18,010 [INFO]   [170]  ZIL       (#314)  $0.00387       7d: -7.4%
2026-03-26 15:14:18,351 [INFO]           → conviction 9/100  |  signals 1/18
2026-03-26 15:14:18,353 [INFO]   [171]  DOG       (#317)  $0.00076       7d: -2.4%
2026-03-26 15:14:18,679 [INFO]           → conviction 4/100  |  signals 1/18
2026-03-26 15:14:18,690 [INFO]   [172]  SUPER     (#315)  $0.11978       7d: +6.3%
2026-03-26 15:14:19,025 [INFO]           → conviction 40/100  |  signals 8/18
2026-03-26 15:14:19,025 [INFO]   [173]  UB        (#325)  $0.03028       7d: -3.8%
2026-03-26 15:14:19,391 [INFO]           → conviction 11/100  |  signals 3/18
2026-03-26 15:14:19,391 [INFO]   [174]  HOT       (#319)  $0.00043       7d: -6.6%
2026-03-26 15:14:19,737 [INFO]           → conviction 13/100  |  signals 2/18
2026-03-26 15:14:19,737 [INFO]   [175]  AIOZ      (#321)  $0.06061       7d: -7.5%
2026-03-26 15:14:20,072 [INFO]           → conviction 18/100  |  signals 4/18
2026-03-26 15:14:20,094 [INFO]   [176]  DGB       (#324)  $0.00411       7d: +5.8%
2026-03-26 15:14:20,472 [INFO]           → conviction 18/100  |  signals 4/18
2026-03-26 15:14:20,473 [INFO]   [177]  GWEI      (#326)  $0.04225       7d: +3.3%
2026-03-26 15:14:20,823 [INFO]           → conviction 11/100  |  signals 3/18
2026-03-26 15:14:20,825 [INFO]   [178]  CORE      (#328)  $0.06842       7d: -11.4%
2026-03-26 15:14:21,172 [WARNING] Rate-limited — waiting 54s (attempt 1)
2026-03-26 15:15:15,236 [WARNING] Rate-limited — waiting 0s (attempt 2)
2026-03-26 15:15:15,303 [WARNING] Rate-limited — waiting 0s (attempt 3)
2026-03-26 15:15:15,583 [INFO]           → skip (insufficient data)
2026-03-26 15:15:22,087 [INFO]   [179]  TURBO     (#330)  $0.00106       7d: +7.0%
2026-03-26 15:15:22,443 [INFO]           → conviction 18/100  |  signals 3/18
2026-03-26 15:15:22,445 [INFO]   [180]  NXPC      (#332)  $0.28195       7d: -0.3%
2026-03-26 15:15:22,795 [INFO]           → conviction 4/100  |  signals 1/18
2026-03-26 15:15:22,795 [INFO]   [181]  KTA       (#329)  $0.14351       7d: -12.9%
2026-03-26 15:15:23,145 [INFO]           → conviction 4/100  |  signals 1/18
2026-03-26 15:15:23,145 [INFO]   [182]  META      (#333)  $3.20000       7d: -3.6%
2026-03-26 15:15:26,099 [INFO]           → conviction 4/100  |  signals 1/18
2026-03-26 15:15:32,600 [INFO]   [183]  MINA      (#334)  $0.05649       7d: -4.9%
2026-03-26 15:15:33,049 [INFO]           → conviction 18/100  |  signals 3/18
2026-03-26 15:15:33,052 [INFO]   [184]  DYDX      (#335)  $0.08711       7d: +0.6%
2026-03-26 15:15:33,458 [INFO]           → conviction 22/100  |  signals 5/18
2026-03-26 15:15:33,462 [INFO]   [185]  SAFE      (#338)  $0.09893       7d: -6.1%
2026-03-26 15:15:33,828 [INFO]           → conviction 4/100  |  signals 1/18
2026-03-26 15:15:33,828 [INFO]   [186]  FOGO      (#342)  $0.01846       7d: -11.3%
2026-03-26 15:15:34,517 [INFO]           → conviction 22/100  |  signals 5/18
2026-03-26 15:15:41,019 [INFO]   [187]  ZORA      (#343)  $0.01562       7d: -6.6%
2026-03-26 15:15:41,382 [INFO]           → conviction 9/100  |  signals 2/18
2026-03-26 15:15:41,385 [INFO]   [188]  T         (#344)  $0.00625       7d: -4.6%
2026-03-26 15:15:41,740 [INFO]           → conviction 13/100  |  signals 2/18
2026-03-26 15:15:41,745 [INFO]   [189]  ZETA      (#347)  $0.05269       7d: +4.9%
2026-03-26 15:15:42,079 [INFO]           → conviction 13/100  |  signals 3/18
2026-03-26 15:15:42,079 [INFO]   [190]  HOME      (#346)  $0.02008       7d: -7.5%
2026-03-26 15:15:42,429 [INFO]           → conviction 4/100  |  signals 1/18
2026-03-26 15:15:42,430 [INFO]   [191]  CKB       (#348)  $0.00141       7d: -4.1%
2026-03-26 15:15:42,788 [INFO]           → conviction 18/100  |  signals 4/18
2026-03-26 15:15:42,788 [INFO]   [192]  DEEP      (#349)  $0.02726       7d: -10.9%
2026-03-26 15:15:43,137 [INFO]           → conviction 9/100  |  signals 1/18
2026-03-26 15:15:43,147 [INFO]   [193]  CYS       (#356)  $0.42942       7d: -21.4%
2026-03-26 15:15:45,128 [INFO]           → conviction 7/100  |  signals 2/18
2026-03-26 15:15:51,631 [INFO]   [194]  RAVE      (#352)  $0.28309       7d: +11.5%
2026-03-26 15:15:52,004 [INFO]           → conviction 9/100  |  signals 2/18
2026-03-26 15:15:52,006 [INFO]   [195]  XPR       (#355)  $0.00235       7d: +0.3%
2026-03-26 15:15:52,349 [WARNING] Rate-limited — waiting 60s (attempt 1)
2026-03-26 15:16:55,777 [INFO]           → conviction 20/100  |  signals 6/18
2026-03-26 15:17:02,281 [INFO]   [196]  ASTR      (#354)  $0.00786       7d: +4.8%
2026-03-26 15:17:02,621 [INFO]           → conviction 31/100  |  signals 6/18
2026-03-26 15:17:02,621 [INFO]   [197]  SKYAI     (#357)  $0.06717       7d: +51.4%
2026-03-26 15:17:05,401 [INFO]           → conviction 13/100  |  signals 4/18
2026-03-26 15:17:11,918 [INFO]   [198]  MBG       (#359)  $0.36083       7d: +4.0%
2026-03-26 15:17:12,261 [INFO]           → conviction 26/100  |  signals 5/18
2026-03-26 15:17:12,261 [INFO]   [199]  METAL     (#360)  $0.13103       7d: -0.9%
2026-03-26 15:17:12,595 [INFO]           → conviction 18/100  |  signals 4/18
2026-03-26 15:17:12,596 [INFO]   [200]  WMTX      (#362)  $0.07797       7d: -15.1%
2026-03-26 15:17:12,957 [WARNING] Rate-limited — waiting 60s (attempt 1)
2026-03-26 15:18:16,798 [INFO]           → conviction 20/100  |  signals 5/18
2026-03-26 15:18:23,300 [INFO]   [201]  GMX       (#363)  $6.37000       7d: -1.9%
2026-03-26 15:18:25,018 [INFO]           → conviction 18/100  |  signals 3/18
2026-03-26 15:18:31,531 [INFO]   [202]  BRETT     (#364)  $0.00663       7d: -5.2%
2026-03-26 15:18:31,879 [WARNING] Rate-limited — waiting 57s (attempt 1)
2026-03-26 15:19:28,948 [WARNING] Rate-limited — waiting 0s (attempt 2)
2026-03-26 15:19:29,006 [WARNING] Rate-limited — waiting 0s (attempt 3)
2026-03-26 15:19:30,464 [INFO]           → skip (insufficient data)
2026-03-26 15:19:36,982 [INFO]   [203]  MOVE      (#365)  $0.01870       7d: -8.8%
2026-03-26 15:19:39,715 [INFO]           → conviction 9/100  |  signals 2/18
2026-03-26 15:19:46,218 [INFO]   [204]  ELF       (#366)  $0.08018       7d: -3.1%
2026-03-26 15:19:46,910 [INFO]           → conviction 22/100  |  signals 5/18
2026-03-26 15:19:53,413 [INFO]   [205]  TAG       (#370)  $0.00060       7d: -0.6%
2026-03-26 15:19:55,552 [INFO]           → conviction 4/100  |  signals 1/18
2026-03-26 15:20:02,059 [INFO]   [206]  RON       (#368)  $0.08502       7d: -7.6%
2026-03-26 15:20:03,866 [INFO]           → conviction 0/100  |  signals 0/18
2026-03-26 15:20:10,374 [INFO]   [207]  BTW       (#372)  $0.02936       7d: -16.0%
2026-03-26 15:20:12,036 [INFO]           → conviction 13/100  |  signals 4/18
2026-03-26 15:20:18,540 [INFO]   [208]  ALCH      (#373)  $0.07483       7d: -11.0%
2026-03-26 15:20:18,900 [WARNING] Rate-limited — waiting 60s (attempt 1)
2026-03-26 15:21:22,932 [INFO]           → conviction 2/100  |  signals 1/18
2026-03-26 15:21:29,435 [INFO]   [209]  TRIA      (#375)  $0.02938       7d: -23.7%
2026-03-26 15:21:32,281 [INFO]           → conviction 11/100  |  signals 3/18
2026-03-26 15:21:38,784 [INFO]   [210]  NPC       (#376)  $0.00780       7d: -10.0%
2026-03-26 15:21:39,140 [WARNING] Rate-limited — waiting 60s (attempt 1)
2026-03-26 15:22:42,957 [INFO]           → conviction 7/100  |  signals 2/18
2026-03-26 15:22:49,470 [INFO]   [211]  APES      (#377)  $0.06975       7d: -0.3%
2026-03-26 15:22:52,331 [INFO]           → conviction 11/100  |  signals 3/18
2026-03-26 15:22:58,833 [INFO]   [212]  VELO      (#378)  $0.00357       7d: -8.4%
2026-03-26 15:23:00,818 [INFO]           → conviction 13/100  |  signals 3/18
2026-03-26 15:23:07,323 [INFO]   [213]  CCD       (#381)  $0.00517       7d: +21.6%
2026-03-26 15:23:07,667 [WARNING] Rate-limited — waiting 60s (attempt 1)
2026-03-26 15:24:11,458 [INFO]           → conviction 20/100  |  signals 5/18
2026-03-26 15:24:17,965 [INFO]   [214]  PYTHIA    (#382)  $0.06133       7d: +0.8%
2026-03-26 15:24:20,897 [INFO]           → conviction 28/100  |  signals 6/18
2026-03-26 15:24:27,424 [INFO]   [215]  MANTRA    (#390)  $0.01237       7d: -12.7%
2026-03-26 15:24:28,135 [INFO]           → conviction 36/100  |  signals 7/18
2026-03-26 15:24:34,640 [INFO]   [216]  MYX       (#393)  $0.31461       7d: -0.5%
2026-03-26 15:24:35,665 [WARNING] Rate-limited — waiting 60s (attempt 1)
2026-03-26 15:25:38,787 [INFO]           → conviction 13/100  |  signals 3/18
2026-03-26 15:25:45,298 [INFO]   [217]  AZTEC     (#395)  $0.01998       7d: -7.3%
2026-03-26 15:25:48,650 [INFO]           → conviction 7/100  |  signals 2/18
2026-03-26 15:25:55,158 [INFO]   [218]  EURI      (#397)  $1.15000       7d: +0.3%
2026-03-26 15:25:55,834 [INFO]           → skip (flatliner: ATR 0.25% / BB 0.21%)
2026-03-26 15:26:02,340 [INFO]   [219]  ESPORTS   (#399)  $0.38664       7d: +29.2%
2026-03-26 15:26:04,668 [INFO]           → conviction 30/100  |  signals 6/18
2026-03-26 15:26:11,170 [INFO]   [220]  DUSK      (#400)  $0.11639       7d: +36.9%
2026-03-26 15:26:11,834 [INFO]           → conviction 22/100  |  signals 4/18
2026-03-26 15:26:18,335 [INFO]   [221]  ARKM      (#401)  $0.10203       7d: -4.6%
2026-03-26 15:26:18,992 [INFO]           → conviction 18/100  |  signals 3/18
2026-03-26 15:26:25,496 [INFO]   [222]  UPUMP     (#404)  $0.00178       7d: -3.2%
2026-03-26 15:26:27,474 [INFO]           → conviction 16/100  |  signals 4/18
2026-03-26 15:26:33,974 [INFO]   [223]  BAN       (#406)  $0.05671       7d: +13.9%
2026-03-26 15:26:34,316 [WARNING] Rate-limited — waiting 60s (attempt 1)
2026-03-26 15:27:38,442 [INFO]           → conviction 22/100  |  signals 5/18
2026-03-26 15:27:44,965 [INFO]   [224]  KAVA      (#403)  $0.05243       7d: -3.0%
2026-03-26 15:27:46,549 [INFO]           → conviction 9/100  |  signals 2/18
2026-03-26 15:27:53,052 [INFO]   [225]  HSK       (#407)  $0.16162       7d: +2.2%
2026-03-26 15:27:55,198 [INFO]           → conviction 11/100  |  signals 3/18
2026-03-26 15:28:01,700 [INFO]   [226]  POLYX     (#410)  $0.04410       7d: -4.8%
2026-03-26 15:28:02,355 [INFO]           → conviction 13/100  |  signals 2/18
2026-03-26 15:28:08,867 [INFO]   [227]  AXL       (#411)  $0.04830       7d: -6.8%
2026-03-26 15:28:09,530 [INFO]           → conviction 27/100  |  signals 5/18
2026-03-26 15:28:16,033 [INFO]   [228]  VTHO      (#412)  $0.00056       7d: -6.1%
2026-03-26 15:28:16,686 [INFO]           → conviction 4/100  |  signals 1/18
2026-03-26 15:28:23,189 [INFO]   [229]  ORCA      (#413)  $0.90595       7d: -0.1%
2026-03-26 15:28:23,848 [INFO]           → conviction 0/100  |  signals 0/18
2026-03-26 15:28:30,352 [INFO]   [230]  ROBO      (#409)  $0.02491       7d: -3.3%
2026-03-26 15:28:31,013 [INFO]           → conviction 36/100  |  signals 7/18
2026-03-26 15:28:37,516 [INFO]   [231]  ALEO      (#414)  $0.05547       7d: -8.1%
2026-03-26 15:28:39,321 [INFO]           → conviction 0/100  |  signals 0/18
2026-03-26 15:28:45,825 [INFO]   [232]  SN51      (#415)  $14.25000      7d: +41.7%
2026-03-26 15:28:47,716 [INFO]           → conviction 22/100  |  signals 6/18
2026-03-26 15:28:54,221 [INFO]   [233]  SIGN      (#421)  $0.03280       7d: -24.9%
2026-03-26 15:28:54,858 [INFO]           → conviction 18/100  |  signals 3/18
2026-03-26 15:29:01,362 [INFO]   [234]  PLUME     (#418)  $0.01009       7d: -8.7%
2026-03-26 15:29:02,015 [INFO]           → conviction 31/100  |  signals 6/18
2026-03-26 15:29:08,517 [INFO]   [235]  SOON      (#420)  $0.11646       7d: -15.7%
2026-03-26 15:29:10,482 [INFO]           → conviction 0/100  |  signals 0/18
2026-03-26 15:29:16,985 [INFO]   [236]  MOCA      (#423)  $0.01310       7d: -8.8%
2026-03-26 15:29:18,117 [WARNING] Rate-limited — waiting 60s (attempt 1)
2026-03-26 15:30:18,177 [WARNING] Request error: ('Connection aborted.', RemoteDisconnected('Remote end closed connection without response'))
2026-03-26 15:30:26,549 [INFO]           → conviction 13/100  |  signals 4/18
2026-03-26 15:30:33,054 [INFO]   [237]  XYO       (#425)  $0.00383       7d: -1.0%
2026-03-26 15:30:35,983 [INFO]           → conviction 7/100  |  signals 2/18
2026-03-26 15:30:42,487 [INFO]   [238]  CSPR      (#424)  $0.00339       7d: +9.7%
2026-03-26 15:30:44,235 [INFO]           → conviction 11/100  |  signals 3/18
2026-03-26 15:30:50,748 [INFO]   [239]  SUSHI     (#426)  $0.19502       7d: -3.4%
2026-03-26 15:30:51,418 [INFO]           → conviction 9/100  |  signals 2/18
2026-03-26 15:30:57,924 [INFO]   [240]  MEW       (#427)  $0.00060       7d: -0.9%
2026-03-26 15:30:58,275 [WARNING] Rate-limited — waiting 60s (attempt 1)
2026-03-26 15:32:02,193 [INFO]           → conviction 4/100  |  signals 1/18
2026-03-26 15:32:08,698 [INFO]   [241]  ARIA      (#438)  $0.28903       7d: +45.0%
2026-03-26 15:32:11,777 [INFO]           → conviction 20/100  |  signals 5/18
2026-03-26 15:32:18,279 [INFO]   [242]  ZAMA      (#429)  $0.02390       7d: +7.7%
2026-03-26 15:32:18,930 [INFO]           → conviction 31/100  |  signals 6/18
2026-03-26 15:32:25,434 [INFO]   [243]  XCH       (#430)  $2.88000       7d: +8.0%
2026-03-26 15:32:26,541 [WARNING] Rate-limited — waiting 60s (attempt 1)
2026-03-26 15:33:29,570 [INFO]           → conviction 27/100  |  signals 7/18
2026-03-26 15:33:36,075 [INFO]   [244]  JELLYJELLY  (#431)  $0.05219       7d: -4.1%
2026-03-26 15:33:38,891 [INFO]           → conviction 4/100  |  signals 1/18
2026-03-26 15:33:45,393 [INFO]   [245]  PROVE     (#435)  $0.26640       7d: -1.2%
2026-03-26 15:33:46,069 [INFO]           → conviction 31/100  |  signals 6/18
2026-03-26 15:33:52,571 [INFO]   [246]  COAI      (#436)  $0.27557       7d: -8.1%
2026-03-26 15:33:54,558 [INFO]           → conviction 0/100  |  signals 0/18
2026-03-26 15:34:01,062 [INFO]   [247]  FLOW      (#433)  $0.03138       7d: -2.9%
2026-03-26 15:34:01,732 [INFO]           → conviction 13/100  |  signals 3/18
2026-03-26 15:34:08,239 [INFO]   [248]  SPK       (#434)  $0.02059       7d: -7.8%
2026-03-26 15:34:08,995 [INFO]           → conviction 13/100  |  signals 2/18
2026-03-26 15:34:15,500 [INFO]   [249]  SN62      (#439)  $11.75000      7d: +30.5%
2026-03-26 15:34:17,510 [INFO]           → conviction 22/100  |  signals 6/18
2026-03-26 15:34:24,013 [INFO]   [250]  BLUR      (#440)  $0.01847       7d: -4.5%
2026-03-26 15:34:24,689 [INFO]           → conviction 0/100  |  signals 0/18
2026-03-26 15:34:31,191 [INFO]   [251]  TSLAX     (#441)  $379.61000     7d: -0.4%
2026-03-26 15:34:32,335 [WARNING] Rate-limited — waiting 60s (attempt 1)
2026-03-26 15:35:35,294 [INFO]           → conviction 7/100  |  signals 2/18
2026-03-26 15:35:41,796 [INFO]   [252]  ME        (#442)  $0.10319       7d: -8.2%
2026-03-26 15:35:43,500 [INFO]           → conviction 4/100  |  signals 1/18
2026-03-26 15:35:50,003 [INFO]   [253]  ONT       (#446)  $0.05403       7d: +27.4%
2026-03-26 15:35:50,661 [INFO]           → conviction 22/100  |  signals 4/18
2026-03-26 15:35:57,171 [INFO]   [254]  REQ       (#445)  $0.06759       7d: +2.7%
2026-03-26 15:35:57,833 [INFO]           → conviction 4/100  |  signals 1/18
2026-03-26 15:36:04,338 [INFO]   [255]  POPCAT    (#449)  $0.05062       7d: -3.4%
2026-03-26 15:36:06,648 [INFO]           → conviction 9/100  |  signals 2/18
2026-03-26 15:36:13,153 [INFO]   [256]  CELO      (#450)  $0.08319       7d: +2.3%
2026-03-26 15:36:13,806 [INFO]           → conviction 27/100  |  signals 5/18
2026-03-26 15:36:20,311 [INFO]   [257]  Q         (#451)  $0.01243       7d: -9.8%
2026-03-26 15:36:22,333 [INFO]           → conviction 4/100  |  signals 1/18
2026-03-26 15:36:28,839 [INFO]   [258]  PCI       (#452)  $0.04853       7d: -5.8%
2026-03-26 15:36:29,967 [WARNING] Rate-limited — waiting 60s (attempt 1)
2026-03-26 15:37:32,997 [INFO]           → conviction 4/100  |  signals 1/18
2026-03-26 15:37:39,500 [INFO]   [259]  SN8       (#453)  $11.52000      7d: +32.3%
2026-03-26 15:37:42,458 [INFO]           → conviction 16/100  |  signals 4/18
2026-03-26 15:37:48,963 [INFO]   [260]  SXT       (#454)  $0.01634       7d: -6.0%
2026-03-26 15:37:49,641 [INFO]           → conviction 18/100  |  signals 3/18
2026-03-26 15:37:56,146 [INFO]   [261]  SC        (#455)  $0.00099       7d: -3.3%
2026-03-26 15:37:56,805 [INFO]           → conviction 4/100  |  signals 1/18
2026-03-26 15:38:03,309 [INFO]   [262]  ORDI      (#458)  $2.32000       7d: -5.9%
2026-03-26 15:38:03,984 [INFO]           → conviction 4/100  |  signals 1/18
2026-03-26 15:38:10,488 [INFO]   [263]  SN44      (#459)  $11.20000      7d: +41.1%
2026-03-26 15:38:12,423 [INFO]           → conviction 22/100  |  signals 6/18
2026-03-26 15:38:18,925 [INFO]   [264]  IOTX      (#460)  $0.00507       7d: +3.0%
2026-03-26 15:38:19,563 [INFO]           → conviction 13/100  |  signals 2/18
2026-03-26 15:38:26,066 [INFO]   [265]  NMR       (#465)  $6.84000       7d: -6.4%
2026-03-26 15:38:26,717 [INFO]           → conviction 4/100  |  signals 1/18
2026-03-26 15:38:33,224 [INFO]   [266]  VENOM     (#466)  $0.02206       7d: -6.1%
2026-03-26 15:38:35,236 [INFO]           → skip (flatliner: ATR 0.36% / BB 0.26%)
2026-03-26 15:38:41,741 [INFO]   [267]  GOHOME    (#467)  $90.17000      7d: -2.2%
2026-03-26 15:38:42,856 [WARNING] Rate-limited — waiting 60s (attempt 1)
2026-03-26 15:39:45,904 [INFO]           → conviction 0/100  |  signals 0/18
2026-03-26 15:39:52,407 [INFO]   [268]  ANKR      (#470)  $0.00471       7d: -1.4%
2026-03-26 15:39:53,980 [INFO]           → conviction 4/100  |  signals 1/18
2026-03-26 15:40:00,482 [INFO]   [269]  MOODENG   (#471)  $0.04725       7d: -4.3%
2026-03-26 15:40:02,846 [INFO]           → conviction 0/100  |  signals 0/18
2026-03-26 15:40:09,357 [INFO]   [270]  币安人生      (#473)  $0.04657       7d: -21.9%
2026-03-26 15:40:10,022 [INFO]           → conviction 4/100  |  signals 1/18
2026-03-26 15:40:16,525 [INFO]   [271]  AVNT      (#472)  $0.14578       7d: -2.6%
2026-03-26 15:40:17,181 [INFO]           → conviction 44/100  |  signals 9/18
2026-03-26 15:40:23,684 [INFO]   [272]  ESP       (#474)  $0.08947       7d: -5.0%
2026-03-26 15:40:24,377 [INFO]           → conviction 13/100  |  signals 2/18
2026-03-26 15:40:30,888 [INFO]   [273]  XVS       (#482)  $2.68000       7d: -10.4%
2026-03-26 15:40:31,544 [INFO]           → conviction 13/100  |  signals 2/18
2026-03-26 15:40:38,047 [INFO]   [274]  CRCLX     (#484)  $100.58000     7d: -19.7%
2026-03-26 15:40:40,057 [INFO]           → conviction 22/100  |  signals 6/18
2026-03-26 15:40:46,563 [INFO]   [275]  ARDR      (#488)  $0.04406       7d: -2.5%
2026-03-26 15:40:47,207 [INFO]           → conviction 4/100  |  signals 1/18
2026-03-26 15:40:53,716 [INFO]   [276]  DRIFT     (#489)  $0.07526       7d: -8.2%
2026-03-26 15:40:54,897 [WARNING] Rate-limited — waiting 60s (attempt 1)
2026-03-26 15:41:58,163 [INFO]           → conviction 9/100  |  signals 2/18
2026-03-26 15:42:04,669 [INFO]   [277]  WAVES     (#490)  $0.43661       7d: -3.6%
2026-03-26 15:42:06,437 [INFO]           → conviction 33/100  |  signals 4/18
2026-03-26 15:42:12,957 [INFO]   [278]  SN9       (#491)  $10.86000      7d: +56.2%
2026-03-26 15:42:14,867 [INFO]           → conviction 20/100  |  signals 5/18
2026-03-26 15:42:21,370 [INFO]   [279]  FB        (#493)  $0.44182       7d: -1.4%
2026-03-26 15:42:23,269 [INFO]           → conviction 7/100  |  signals 2/18
2026-03-26 15:42:29,772 [INFO]   [280]  MASK      (#494)  $0.43166       7d: -3.3%
2026-03-26 15:42:30,457 [INFO]           → conviction 9/100  |  signals 1/18
2026-03-26 15:42:36,962 [INFO]   [281]  ZIG       (#495)  $0.03060       7d: -9.3%
2026-03-26 15:42:38,104 [WARNING] Rate-limited — waiting 60s (attempt 1)
2026-03-26 15:43:41,089 [INFO]           → conviction 13/100  |  signals 4/18
2026-03-26 15:43:47,592 [INFO]   [282]  ARC       (#500)  $0.04294       7d: +1.5%
2026-03-26 15:43:50,580 [INFO]           → conviction 16/100  |  signals 4/18
2026-03-26 15:43:57,084 [INFO]   [283]  TRB       (#498)  $15.45000      7d: -3.3%
2026-03-26 15:43:57,746 [INFO]           → conviction 4/100  |  signals 1/18
2026-03-26 15:44:04,249 [INFO]   [284]  IDOL      (#502)  $0.02378       7d: -10.1%
2026-03-26 15:44:06,171 [INFO]           → conviction 9/100  |  signals 2/18
2026-03-26 15:44:12,674 [INFO]   [285]  ORBS      (#503)  $0.00853       7d: -11.5%
2026-03-26 15:44:13,795 [WARNING] Rate-limited — waiting 60s (attempt 1)
2026-03-26 15:45:16,797 [INFO]           → conviction 13/100  |  signals 3/18
2026-03-26 15:45:23,300 [INFO]   [286]  LUNA      (#504)  $0.05906       7d: -3.1%
2026-03-26 15:45:24,966 [INFO]           → conviction 9/100  |  signals 2/18
2026-03-26 15:45:31,469 [INFO]   [287]  BORA      (#506)  $0.03602       7d: -0.8%
2026-03-26 15:45:33,421 [INFO]           → conviction 11/100  |  signals 3/18
2026-03-26 15:45:39,922 [INFO]   [288]  PNUT      (#508)  $0.04130       7d: -6.4%
2026-03-26 15:45:40,655 [INFO]           → conviction 9/100  |  signals 1/18
2026-03-26 15:45:47,157 [INFO]   [289]  SN75      (#509)  $10.52000      7d: +19.7%
2026-03-26 15:45:48,856 [INFO]           → conviction 16/100  |  signals 4/18
2026-03-26 15:45:55,360 [INFO]   [290]  EDU       (#510)  $0.06700       7d: -15.8%
2026-03-26 15:45:56,042 [INFO]           → conviction 29/100  |  signals 3/18
2026-03-26 15:46:02,547 [INFO]   [291]  VANA      (#512)  $1.32000       7d: -5.7%
2026-03-26 15:46:03,220 [INFO]           → conviction 22/100  |  signals 4/18
2026-03-26 15:46:09,725 [INFO]   [292]  BABY      (#516)  $0.01315       7d: +1.7%
2026-03-26 15:46:10,392 [INFO]           → conviction 9/100  |  signals 2/18
2026-03-26 15:46:16,895 [INFO]   [293]  OPEN      (#524)  $0.18414       7d: +22.9%
2026-03-26 15:46:17,572 [INFO]           → conviction 51/100  |  signals 8/18
2026-03-26 15:46:24,077 [INFO]   [294]  API3      (#522)  $0.27787       7d: -1.8%
2026-03-26 15:46:24,738 [INFO]           → conviction 27/100  |  signals 6/18
2026-03-26 15:46:31,241 [INFO]   [295]  ALT       (#526)  $0.00665       7d: -10.0%
2026-03-26 15:46:31,920 [INFO]           → conviction 13/100  |  signals 2/18
2026-03-26 15:46:38,427 [INFO]   [296]  NAORIS    (#523)  $0.06563       7d: +2.6%
2026-03-26 15:46:40,359 [INFO]           → conviction 24/100  |  signals 6/18
2026-03-26 15:46:46,866 [INFO]   [297]  RED       (#529)  $0.11763       7d: -9.3%
2026-03-26 15:46:47,551 [INFO]           → conviction 9/100  |  signals 2/18
2026-03-26 15:46:54,057 [INFO]   [298]  BP        (#534)  $0.15655     
2026-03-26 15:46:54,932 [INFO]           → skip (insufficient data)
2026-03-26 15:47:01,435 [INFO]   [299]  IRYS      (#532)  $0.01955       7d: +7.0%
2026-03-26 15:47:03,330 [INFO]           → conviction 13/100  |  signals 4/18
2026-03-26 15:47:09,832 [INFO]   [300]  ICX       (#533)  $0.03556       7d: -2.5%
2026-03-26 15:47:10,507 [INFO]           → conviction 9/100  |  signals 2/18
2026-03-26 15:47:17,020 [INFO]   [301]  SNT       (#536)  $0.00974       7d: -3.1%
2026-03-26 15:47:17,689 [INFO]           → conviction 22/100  |  signals 5/18
2026-03-26 15:47:24,192 [INFO]   [302]  AMIKO     (#537)  $0.04862       7d: +61.9%
2026-03-26 15:47:26,156 [INFO]           → conviction 18/100  |  signals 5/18
2026-03-26 15:47:32,659 [INFO]   [303]  KGEN      (#538)  $0.19328       7d: -2.6%
2026-03-26 15:47:33,003 [WARNING] Rate-limited — waiting 60s (attempt 1)
2026-03-26 15:48:37,043 [INFO]           → conviction 11/100  |  signals 3/18
2026-03-26 15:48:43,546 [INFO]   [304]  BIRB      (#542)  $0.13229       7d: -14.9%
2026-03-26 15:48:46,552 [INFO]           → conviction 2/100  |  signals 1/18
2026-03-26 15:48:53,061 [INFO]   [305]  SKL       (#543)  $0.00623       7d: -3.9%
2026-03-26 15:48:53,719 [INFO]           → conviction 0/100  |  signals 0/18
2026-03-26 15:49:00,225 [INFO]   [306]  PUNDIX    (#546)  $0.14514       7d: -3.6%
2026-03-26 15:49:00,888 [INFO]           → conviction 4/100  |  signals 1/18
2026-03-26 15:49:07,391 [INFO]   [307]  APEX      (#549)  $0.26930       7d: -4.0%
2026-03-26 15:49:09,228 [INFO]           → conviction 7/100  |  signals 2/18
2026-03-26 15:49:15,737 [INFO]   [308]  UMA       (#547)  $0.41064       7d: -5.0%
2026-03-26 15:49:16,389 [INFO]           → conviction 0/100  |  signals 0/18
2026-03-26 15:49:22,891 [INFO]   [309]  BNKR      (#550)  $0.00037       7d: -13.8%
2026-03-26 15:49:24,010 [WARNING] Rate-limited — waiting 60s (attempt 1)
2026-03-26 15:50:27,103 [INFO]           → conviction 0/100  |  signals 0/18
2026-03-26 15:50:33,606 [INFO]   [310]  RPL       (#551)  $1.66000       7d: -12.2%
2026-03-26 15:50:35,381 [INFO]           → conviction 18/100  |  signals 3/18
2026-03-26 15:50:41,890 [INFO]   [311]  BAND      (#553)  $0.21307       7d: -5.0%
2026-03-26 15:50:42,599 [INFO]           → conviction 4/100  |  signals 1/18
2026-03-26 15:50:49,109 [INFO]   [312]  NOT       (#558)  $0.00036       7d: -5.7%
2026-03-26 15:50:49,793 [INFO]           → conviction 9/100  |  signals 1/18
2026-03-26 15:50:56,298 [INFO]   [313]  EGL1      (#559)  $0.03737       7d: -1.1%
2026-03-26 15:50:58,185 [INFO]           → conviction 0/100  |  signals 0/18
2026-03-26 15:51:04,697 [INFO]   [314]  JCT       (#560)  $0.00307       7d: +40.4%
2026-03-26 15:51:06,617 [INFO]           → conviction 18/100  |  signals 4/18
2026-03-26 15:51:13,122 [INFO]   [315]  LA        (#561)  $0.18653       7d: -21.0%
2026-03-26 15:51:13,770 [INFO]           → conviction 13/100  |  signals 2/18
2026-03-26 15:51:20,278 [INFO]   [316]  MEME      (#564)  $0.00057       7d: +1.3%
2026-03-26 15:51:20,947 [INFO]           → conviction 22/100  |  signals 5/18
2026-03-26 15:51:27,450 [INFO]   [317]  RIF       (#565)  $0.03564       7d: -9.6%
2026-03-26 15:51:28,105 [INFO]           → conviction 4/100  |  signals 1/18
2026-03-26 15:51:34,612 [INFO]   [318]  TRADOOR   (#572)  $2.47000       7d: +10.1%
2026-03-26 15:51:37,135 [INFO]           → conviction 39/100  |  signals 9/18
2026-03-26 15:51:43,642 [INFO]   [319]  PRL       (#567)  $0.20174     
2026-03-26 15:51:44,481 [INFO]           → skip (insufficient data)
2026-03-26 15:51:50,986 [INFO]   [320]  SN56      (#573)  $8.30000       7d: +60.0%
2026-03-26 15:51:51,324 [WARNING] Rate-limited — waiting 60s (attempt 1)
2026-03-26 15:52:55,115 [INFO]           → conviction 26/100  |  signals 5/18
2026-03-26 15:53:01,619 [INFO]   [321]  IOST      (#575)  $0.00108       7d: -5.2%
2026-03-26 15:53:03,305 [INFO]           → conviction 4/100  |  signals 1/18
2026-03-26 15:53:09,810 [INFO]   [322]  GUN       (#577)  $0.02072       7d: +21.9%
2026-03-26 15:53:10,460 [INFO]           → conviction 13/100  |  signals 2/18
2026-03-26 15:53:16,964 [INFO]   [323]  SNEK      (#579)  $0.00046       7d: -5.6%
2026-03-26 15:53:18,855 [INFO]           → conviction 4/100  |  signals 1/18
2026-03-26 15:53:25,359 [INFO]   [324]  USELESS   (#578)  $0.03406       7d: -7.0%
2026-03-26 15:53:27,011 [INFO]           → conviction 13/100  |  signals 3/18
2026-03-26 15:53:33,514 [INFO]   [325]  PEAQ      (#580)  $0.01739       7d: +11.8%
2026-03-26 15:53:34,623 [WARNING] Rate-limited — waiting 60s (attempt 1)
2026-03-26 16:30:22,904 [WARNING] Request error: ('Connection aborted.', ConnectionResetError(10054, 'An existing connection was forcibly closed by the remote host', None, 10054, None))
2026-03-26 18:36:59,124 [INFO]           → conviction 7/100  |  signals 2/18
2026-03-26 18:37:05,649 [INFO]   [326]  ILV       (#581)  $3.57000       7d: -7.0%
2026-03-26 18:37:08,845 [INFO]           → conviction 9/100  |  signals 1/18
2026-03-26 18:37:15,352 [INFO]   [327]  VEREM     (#582)  $13.54000      7d: +39.6%
2026-03-26 18:37:17,419 [INFO]           → conviction 32/100  |  signals 6/18
2026-03-26 18:37:23,929 [INFO]   [328]  BSB       (#585)  $0.16199       7d: +43.7%
2026-03-26 18:37:25,750 [INFO]           → conviction 28/100  |  signals 6/18
2026-03-26 18:37:32,252 [INFO]   [329]  IO        (#584)  $0.11182       7d: +3.0%
2026-03-26 18:37:32,923 [INFO]           → conviction 22/100  |  signals 5/18
2026-03-26 18:37:39,425 [INFO]   [330]  COTI      (#588)  $0.01231       7d: -7.0%
2026-03-26 18:37:40,119 [INFO]           → conviction 0/100  |  signals 0/18
2026-03-26 18:37:46,622 [INFO]   [331]  GPS       (#589)  $0.00762       7d: -0.3%
2026-03-26 18:37:47,296 [INFO]           → conviction 9/100  |  signals 2/18
2026-03-26 18:37:53,798 [INFO]   [332]  SQD       (#591)  $0.03243       7d: -6.5%
2026-03-26 18:37:54,926 [WARNING] Rate-limited — waiting 60s (attempt 1)
2026-03-26 18:38:55,026 [WARNING] Request error: ('Connection aborted.', RemoteDisconnected('Remote end closed connection without response'))
2026-03-26 18:39:03,648 [INFO]           → conviction 7/100  |  signals 2/18
2026-03-26 18:39:10,151 [INFO]   [333]  SSV       (#590)  $2.28000       7d: -13.6%
2026-03-26 18:39:12,032 [INFO]           → conviction 18/100  |  signals 3/18
2026-03-26 18:39:18,535 [INFO]   [334]  PEOPLE    (#593)  $0.00658       7d: -0.4%
2026-03-26 18:39:19,274 [INFO]           → conviction 4/100  |  signals 1/18
2026-03-26 18:39:25,776 [INFO]   [335]  POWR      (#595)  $0.06267       7d: -0.9%
2026-03-26 18:39:26,455 [INFO]           → conviction 22/100  |  signals 5/18
2026-03-26 18:39:32,958 [INFO]   [336]  AUCTION   (#594)  $4.58000       7d: -7.9%
2026-03-26 18:39:33,722 [INFO]           → conviction 9/100  |  signals 1/18
2026-03-26 18:39:40,224 [INFO]   [337]  SPYON     (#598)  $655.72000     7d: -0.8%
2026-03-26 18:39:42,134 [INFO]           → skip (flatliner: ATR 0.47% / BB 0.33%)
2026-03-26 18:39:48,636 [INFO]   [338]  APR       (#596)  $0.15227       7d: -17.9%
2026-03-26 18:39:50,432 [INFO]           → conviction 16/100  |  signals 4/18
2026-03-26 18:39:56,936 [INFO]   [339]  ARK       (#599)  $0.16828       7d: -3.1%
2026-03-26 18:39:59,892 [INFO]           → conviction 4/100  |  signals 1/18
2026-03-26 18:40:06,430 [INFO] 
[5/5] Building trade plan report...
2026-03-26 18:40:06,431 [INFO]   Raw candidates found: 0
2026-03-26 18:40:06,453 [INFO] 
================================================================================
  CRYPTO MASTER ORCHESTRATOR — TRADE PLAN REPORT
  Generated: 2026-03-26 18:40:06
================================================================================

  ⚠️  SCAN DATA IS 211 MINUTES OLD.
  Verify current price is within 2% of entry before placing orders.
  If price has moved past TP1, skip the trade entirely.

MARKET CONTEXT
----------------------------------------
  BTC Price    :  $   69,319.00
  BTC 7-day    :     -0.33%
  BTC 24-hour  :     -2.35%
  Regime       :  🟡 SIDEWAYS

  🟡 SIDEWAYS — Thresholds tightened for safety:
     Conviction ≥ 60  |  Max position 6.0%  |  Stops 1.0× ATR
     Missing a trade is better than losing capital in chop.

ACCOUNT
----------------------------------------
  Balance       : $   96,700.00 USDT
  Risk / trade  : 1.5%  ($1,450 USDT per trade)
  Max positions : 8
  Max heat      : 12.0%

================================================================================
  NO QUALIFYING SETUPS FOUND

  All scanned tokens failed to meet the minimum conviction threshold.
  This means market conditions are not favorable right now.

  RECOMMENDATION: Stay in USDT. Wait for the next scan.
  Patience is a trading edge. Forcing trades loses money.
================================================================================

WATCHLIST  — tokens building momentum, not ready to enter yet
----------------------------------------
  ⏳ = qualified this scan but needs 1 more confirmation scan before entry.
  Monitor all. Enter only after a fresh scan confirms conviction ≥ threshold.

  #     SYMBOL     RANK         PRICE      7d%   CONV  SIGS  KEY SIGNALS
  ----  ---------  ----  ------------  -------  -----  ----  ------------------------------
  1     🔶OPEN      #524  $0.18414        +22.9%    51     8  whale_candles, rs_vs_btc, bb_squeeze +5
  2     🔶AWE       #274  $0.04972         -6.7%    47     7  whale_candles, cmf, vol_expansion +4
  3     🔶FET       # 94  $0.24331        +16.8%    44     9  funding_neg, rs_vs_btc, stealth_accum +6
  4     🔶AVNT      #472  $0.14578         -2.6%    44     9  funding_neg, vol_expansion, bb_squeeze +6
  5     🔶SUPER     #315  $0.11978         +6.3%    40     8  funding_neg, rs_vs_btc, cmf +5
  6     🔶TRADOOR   #572  $2.47000        +10.1%    39     9  whale_candles, rs_vs_btc, cmf +6
  7     🔹MANTRA    #390  $0.01237        -12.7%    36     7  funding_neg, stealth_accum, vol_expansion +4
  8     🔹ROBO      #409  $0.02491         -3.3%    36     7  funding_neg, vol_expansion, bb_squeeze +4
  9     🔹MON       #143  $0.02411         +9.5%    34     6  whale_candles, funding_neg, rs_vs_btc +3
  10    🔹WAVES     #490  $0.43661         -3.6%    33     4  whale_candles, rsi_ignition, atr_expanding +1

--------------------------------------------------------------------------------
2026-03-26 18:40:06,475 [INFO] 
  Report  → C:\Users\bruno\OneDrive\Ambiente de Trabalho\Workspace\crypto scanner\crypto-scanner\outputs\scanner-results\master_trade_plan_LATEST.txt
2026-03-26 18:40:06,477 [INFO]   JSON    → C:\Users\bruno\OneDrive\Ambiente de Trabalho\Workspace\crypto scanner\crypto-scanner\outputs\scanner-results\master_trade_plan_LATEST.json
2026-03-26 18:40:06,478 [INFO]   Log     → C:\Users\bruno\OneDrive\Ambiente de Trabalho\Workspace\crypto scanner\crypto-scanner\outputs\logs\orchestrator_20260326.log
2026-03-26 18:40:06,478 [INFO] 
  Done.  0 high-conviction setup(s) found.
