2026-03-22 10:16:29,319 [INFO] 
2026-03-22 10:16:29,319 [INFO] ================================================================================
2026-03-22 10:16:29,320 [INFO]   SHORT SCANNER v1.0
2026-03-22 10:16:29,320 [INFO]   Scanning for high-conviction BEARISH setups on Binance perps
2026-03-22 10:16:29,320 [INFO] ================================================================================
2026-03-22 10:16:29,320 [INFO] 
[1/5] Analyzing market regime...
2026-03-22 10:16:29,344 [INFO]   BTC $68,662  |  7d -3.94%  |  Regime: SIDEWAYS
2026-03-22 10:16:29,346 [INFO]   Min conviction for shorts: 42
2026-03-22 10:16:29,347 [INFO] 
[2/5] Fetching Binance perp symbols...
2026-03-22 10:16:30,352 [INFO]   544 active USDT perp markets found
2026-03-22 10:16:30,353 [INFO] 
[3/5] Fetching top coins from CoinGecko...
2026-03-22 10:16:30,848 [WARNING] Rate-limited — waiting 60s
2026-03-22 10:17:31,333 [WARNING] Rate-limited — waiting 28s
2026-03-22 10:17:59,455 [WARNING] Rate-limited — waiting 0s
2026-03-22 10:17:59,523 [WARNING] Rate-limited — waiting 0s
2026-03-22 10:17:59,590 [WARNING] Rate-limited — waiting 60s
2026-03-22 10:19:00,114 [WARNING] Rate-limited — waiting 57s
2026-03-22 10:19:57,183 [WARNING] Rate-limited — waiting 0s
2026-03-22 10:19:58,167 [INFO]   400 coins fetched
2026-03-22 10:19:58,167 [INFO] 
[4/5] Scanning for bearish setups (min conviction 42)...

2026-03-22 10:19:58,168 [INFO] 
[5/5] Building short scan report...
2026-03-22 10:19:58,168 [INFO]   Short setups found: 0
2026-03-22 10:19:58,198 [INFO] 
  Report → C:\Users\bruno\OneDrive\Ambiente de Trabalho\Workspace\crypto scanner\crypto-scanner\outputs\scanner-results\short_scan_LATEST.txt
2026-03-22 10:19:58,199 [INFO]   JSON   → C:\Users\bruno\OneDrive\Ambiente de Trabalho\Workspace\crypto scanner\crypto-scanner\outputs\scanner-results\short_scan_LATEST.json
2026-03-22 10:19:58,199 [INFO] 
================================================================================
  SHORT SCANNER v1.0 — BEARISH TRADE PLAN
  Generated: 2026-03-22 10:19:58
================================================================================

MARKET CONTEXT
----------------------------------------
  BTC Price    :  $    68,661.99
  BTC 7-day    :       -3.94%
  BTC 24-hour  :       -2.79%
  Regime       :  🟡 SIDEWAYS

  🟡 SIDEWAYS — Selective shorts only. Min conviction ≥ 42.

ACCOUNT
----------------------------------------
  Balance       : $    96,700.00 USDT
  Risk / trade  : 1.5%  ($1,450 USDT per trade)
  Max positions : 6
  Max heat      : 9.0%

================================================================================
  NO QUALIFYING SHORT SETUPS FOUND

  No tokens met the minimum conviction threshold for shorting.
  This is normal — clear short setups are rarer than long setups.
================================================================================

----------------------------------------
2026-03-22 10:19:58,200 [INFO] 
  Done.  0 short setup(s) found.
2026-03-22 16:18:09,298 [INFO] 
2026-03-22 16:18:09,298 [INFO] ================================================================================
2026-03-22 16:18:09,298 [INFO]   SHORT SCANNER v1.0
2026-03-22 16:18:09,298 [INFO]   Scanning for high-conviction BEARISH setups on Binance perps
2026-03-22 16:18:09,298 [INFO] ================================================================================
2026-03-22 16:18:09,306 [INFO] 
[1/5] Analyzing market regime...
2026-03-22 16:18:09,355 [INFO]   BTC $68,812  |  7d -3.83%  |  Regime: SIDEWAYS
2026-03-22 16:18:09,355 [INFO]   Min conviction for shorts: 42
2026-03-22 16:18:09,355 [INFO] 
[2/5] Fetching Binance perp symbols...
2026-03-22 16:18:10,759 [INFO]   544 active USDT perp markets found
2026-03-22 16:18:10,763 [INFO] 
[3/5] Fetching top coins from CoinGecko...
2026-03-22 16:18:12,532 [INFO]   400 coins fetched
2026-03-22 16:18:12,538 [INFO] 
[4/5] Scanning for bearish setups (min conviction 42)...

2026-03-22 16:18:12,538 [INFO]   [51]  ASTER      (#51)  $0.67008  7d: -6.3%
2026-03-22 16:18:14,433 [INFO]           → conviction 10/100  |  signals 2/13
2026-03-22 16:18:20,939 [INFO]   [52]  AAVE       (#52)  $107.32000  7d: -5.0%
2026-03-22 16:18:21,642 [INFO]           → conviction 26/100  |  signals 4/13
2026-03-22 16:18:28,145 [INFO]   [57]  ICP        (#57)  $2.40000  7d: -9.9%
2026-03-22 16:18:28,842 [INFO]           → conviction 18/100  |  signals 3/13
2026-03-22 16:18:35,343 [INFO]   [60]  ETC        (#60)  $8.13000  7d: -2.0%
2026-03-22 16:18:36,041 [INFO]           → conviction 12/100  |  signals 2/13
2026-03-22 16:18:42,547 [INFO]   [62]  ONDO       (#62)  $0.24860  7d: -6.1%
2026-03-22 16:18:43,250 [INFO]           → conviction 18/100  |  signals 3/13
2026-03-22 16:18:49,753 [INFO]   [64]  QNT        (#64)  $73.34000  7d: +10.0%
2026-03-22 16:18:50,102 [INFO]           → conviction 18/100  |  signals 3/13
2026-03-22 16:18:56,606 [INFO]   [65]  PUMP       (#65)  $0.00180  7d: -8.8%
2026-03-22 16:18:57,294 [INFO]           → conviction 12/100  |  signals 2/13
2026-03-22 16:19:03,798 [INFO]   [68]  KAS        (#68)  $0.03644  7d: +20.2%
2026-03-22 16:19:04,305 [INFO]           → skip (insufficient OHLCV data)
2026-03-22 16:19:10,810 [INFO]   [69]  POL        (#69)  $0.09325  7d: -3.2%
2026-03-22 16:19:11,566 [INFO]           → conviction 8/100  |  signals 1/13
2026-03-22 16:19:18,070 [INFO]   [71]  WLD        (#71)  $0.31376  7d: -12.5%
2026-03-22 16:19:18,793 [INFO]           → conviction 18/100  |  signals 2/13
2026-03-22 16:19:25,298 [INFO]   [72]  MORPHO     (#72)  $1.67000  7d: -10.3%
2026-03-22 16:19:26,082 [INFO]           → conviction 14/100  |  signals 2/13
2026-03-22 16:19:32,586 [INFO]   [73]  ATOM       (#73)  $1.80000  7d: -2.9%
2026-03-22 16:19:33,275 [INFO]           → conviction 10/100  |  signals 2/13
2026-03-22 16:19:39,778 [INFO]   [75]  RENDER     (#75)  $1.65000  7d: -10.7%
2026-03-22 16:19:40,471 [INFO]           → conviction 14/100  |  signals 2/13
2026-03-22 16:19:46,978 [INFO]   [76]  ENA        (#76)  $0.09797  7d: -9.4%
2026-03-22 16:19:47,692 [INFO]           → conviction 12/100  |  signals 2/13
2026-03-22 16:19:54,196 [INFO]   [79]  ALGO       (#79)  $0.08622  7d: -5.8%
2026-03-22 16:19:54,986 [INFO]           → conviction 4/100  |  signals 1/13
2026-03-22 16:20:01,489 [INFO]   [81]  TRUMP      (#81)  $3.19000  7d: -19.8%
2026-03-22 16:20:02,877 [INFO]           → conviction 18/100  |  signals 3/13
2026-03-22 16:20:09,380 [INFO]   [82]  APT        (#82)  $0.93251  7d: +1.3%
2026-03-22 16:20:09,758 [INFO]           → conviction 12/100  |  signals 2/13
2026-03-22 16:20:16,259 [INFO]   [84]  NIGHT      (#84)  $0.04267  7d: -15.9%
2026-03-22 16:20:16,929 [INFO]           → conviction 14/100  |  signals 2/13
2026-03-22 16:20:23,431 [INFO]   [86]  FIL        (#86)  $0.87814  7d: -0.8%
2026-03-22 16:20:23,785 [INFO]           → conviction 16/100  |  signals 2/13
2026-03-22 16:20:30,289 [INFO]   [89]  VET        (#89)  $0.00697  7d: -4.6%
2026-03-22 16:20:30,994 [INFO]           → conviction 4/100  |  signals 1/13
2026-03-22 16:20:37,502 [INFO]   [92]  ARB        (#92)  $0.09367  7d: -7.9%
2026-03-22 16:20:38,203 [INFO]           → conviction 12/100  |  signals 2/13
2026-03-22 16:20:44,709 [INFO]   [94]  JST        (#94)  $0.06118  7d: +13.1%
2026-03-22 16:20:45,069 [INFO]           → conviction 26/100  |  signals 3/13
2026-03-22 16:20:51,575 [INFO]   [95]  STABLE     (#95)  $0.02548  7d: -12.3%
2026-03-22 16:20:53,236 [INFO]           → skip (insufficient OHLCV data)
2026-03-22 16:20:59,739 [INFO]   [96]  JUP        (#96)  $0.15331  7d: -3.8%
2026-03-22 16:21:00,422 [INFO]           → conviction 10/100  |  signals 2/13
2026-03-22 16:21:06,924 [INFO]   [97]  RIVER      (#97)  $27.26000  7d: +16.0%
2026-03-22 16:21:07,419 [INFO]           → skip (insufficient OHLCV data)
2026-03-22 16:21:13,926 [INFO]   [99]  ZRO        (#99)  $1.98000  7d: -3.6%
2026-03-22 16:21:14,684 [INFO]           → conviction 18/100  |  signals 3/13
2026-03-22 16:21:21,190 [INFO]   [101]  FET        (#101)  $0.21077  7d: +8.8%
2026-03-22 16:21:21,599 [INFO]           → conviction 12/100  |  signals 2/13
2026-03-22 16:21:28,100 [INFO]   [104]  CAKE       (#104)  $1.36000  7d: -7.1%
2026-03-22 16:42:02,921 [INFO]           → conviction 12/100  |  signals 2/13
2026-03-22 18:25:01,566 [INFO]   [105]  ETHFI      (#105)  $0.55836  7d: +3.0%
2026-03-22 18:25:13,566 [INFO]           → conviction 14/100  |  signals 2/13
2026-03-22 18:25:20,070 [INFO]   [106]  VIRTUAL    (#106)  $0.66488  7d: -8.4%
2026-03-22 18:25:22,126 [INFO]           → conviction 12/100  |  signals 2/13
2026-03-22 18:25:28,629 [INFO]   [107]  STX        (#107)  $0.23576  7d: -7.0%
2026-03-22 18:25:29,357 [INFO]           → conviction 12/100  |  signals 2/13
2026-03-22 18:25:35,859 [INFO]   [108]  PENGU      (#108)  $0.00680  7d: -7.0%
2026-03-22 18:25:36,573 [INFO]           → conviction 12/100  |  signals 2/13
2026-03-22 18:25:43,079 [INFO]   [111]  XTZ        (#111)  $0.38288  7d: -0.6%
2026-03-22 18:25:43,519 [INFO]           → conviction 8/100  |  signals 1/13
2026-03-22 18:25:50,022 [INFO]   [113]  DASH       (#113)  $32.14000  7d: -3.9%
2026-03-22 18:25:50,911 [INFO]           → conviction 0/100  |  signals 0/13
2026-03-22 18:25:57,413 [INFO]   [114]  SEI        (#114)  $0.06002  7d: -10.3%
2026-03-22 18:25:58,156 [INFO]           → conviction 18/100  |  signals 3/13
2026-03-22 18:26:04,659 [INFO]   [115]  KITE       (#115)  $0.21812  7d: -1.2%
2026-03-22 18:26:05,553 [INFO]           → conviction 24/100  |  signals 3/13
2026-03-22 18:26:12,057 [INFO]   [118]  CHZ        (#118)  $0.03512  7d: -6.6%
2026-03-22 18:26:12,753 [INFO]           → conviction 12/100  |  signals 2/13
2026-03-22 18:26:19,269 [INFO]   [119]  SUN        (#119)  $0.01879  7d: +14.5%
2026-03-22 18:26:19,657 [INFO]           → conviction 16/100  |  signals 3/13
2026-03-22 18:26:26,159 [INFO]   [126]  CRV        (#126)  $0.21912  7d: -7.4%
2026-03-22 18:26:27,016 [INFO]           → conviction 18/100  |  signals 3/13
2026-03-22 18:26:33,519 [INFO]   [127]  DEXE       (#127)  $6.92000  7d: +33.8%
2026-03-22 18:26:33,900 [INFO]           → conviction 16/100  |  signals 3/13
2026-03-22 18:26:40,403 [INFO]   [129]  CFX        (#129)  $0.06165  7d: -3.3%
2026-03-22 18:26:40,770 [INFO]           → conviction 12/100  |  signals 2/13
2026-03-22 18:26:47,284 [INFO]   [130]  INJ        (#130)  $2.99000  7d: -2.2%
2026-03-22 18:26:47,992 [INFO]           → conviction 12/100  |  signals 2/13
2026-03-22 18:26:54,505 [INFO]   [131]  KAIA       (#131)  $0.05093  7d: -5.3%
2026-03-22 18:26:55,257 [INFO]           → conviction 18/100  |  signals 3/13
2026-03-22 18:27:01,759 [INFO]   [132]  AERO       (#132)  $0.30845  7d: -6.7%
2026-03-22 18:27:03,708 [INFO]           → skip (insufficient OHLCV data)
2026-03-22 18:27:10,211 [INFO]   [133]  BSV        (#133)  $14.16000  7d: -5.1%
2026-03-22 18:27:10,802 [INFO]           → skip (insufficient OHLCV data)
2026-03-22 18:27:17,306 [INFO]   [134]  TIA        (#134)  $0.31692  7d: -9.3%
2026-03-22 18:27:18,116 [INFO]           → conviction 18/100  |  signals 3/13
2026-03-22 18:27:24,620 [INFO]   [136]  SPX        (#136)  $0.29590  7d: -3.5%
2026-03-22 18:27:25,127 [INFO]           → skip (insufficient OHLCV data)
2026-03-22 18:27:31,643 [INFO]   [138]  VVV        (#138)  $6.10000  7d: -1.2%
2026-03-22 18:27:32,170 [INFO]           → skip (insufficient OHLCV data)
2026-03-22 18:27:38,674 [INFO]   [139]  SYRUP      (#139)  $0.23125  7d: -14.2%
2026-03-22 18:27:39,455 [INFO]           → conviction 18/100  |  signals 3/13
2026-03-22 18:27:45,964 [INFO]   [140]  GRT        (#140)  $0.02481  7d: -7.5%
2026-03-22 18:27:47,146 [INFO]           → conviction 18/100  |  signals 3/13
2026-03-22 18:27:53,649 [INFO]   [141]  JASMY      (#141)  $0.00539  7d: -6.2%
2026-03-22 18:27:54,885 [INFO]           → conviction 12/100  |  signals 2/13
2026-03-22 18:28:01,392 [INFO]   [145]  IOTA       (#145)  $0.05865  7d: -8.3%
2026-03-22 18:28:02,360 [INFO]           → conviction 18/100  |  signals 3/13
2026-03-22 18:28:54,444 [INFO]   [146]  2Z         (#146)  $0.07340  7d: -13.4%
2026-03-22 18:28:58,380 [INFO]           → conviction 12/100  |  signals 2/13
2026-03-22 18:29:04,881 [INFO]   [147]  LIT        (#147)  $1.01600  7d: -6.9%
2026-03-22 18:29:05,736 [INFO]           → conviction 8/100  |  signals 1/13
2026-03-22 18:29:12,248 [INFO]   [149]  IP         (#149)  $0.70056  7d: -10.4%
2026-03-22 18:29:19,653 [INFO]           → skip (insufficient OHLCV data)
2026-03-22 18:29:26,162 [INFO]   [150]  OP         (#150)  $0.11627  7d: -7.5%
2026-03-22 18:29:26,907 [INFO]           → conviction 12/100  |  signals 2/13
2026-03-22 18:29:33,409 [INFO]   [151]  LDO        (#151)  $0.28648  7d: -5.2%
2026-03-22 18:29:34,222 [INFO]           → conviction 12/100  |  signals 2/13
2026-03-22 18:29:40,729 [INFO]   [154]  MON        (#154)  $0.02133  7d: -6.5%
2026-03-22 18:29:41,247 [INFO]           → skip (insufficient OHLCV data)
2026-03-22 18:29:47,749 [INFO]   [155]  ENS        (#155)  $5.96000  7d: -2.3%
2026-03-22 18:29:48,551 [INFO]           → conviction 20/100  |  signals 3/13
2026-03-22 18:29:55,056 [INFO]   [156]  PYTH       (#156)  $0.03918  7d: -18.5%
2026-03-22 18:29:55,801 [INFO]           → conviction 33/100  |  signals 5/13
2026-03-22 18:30:02,304 [INFO]   [158]  B          (#158)  $0.21715  7d: +19.7%
2026-03-22 18:30:02,916 [INFO]           → skip (insufficient OHLCV data)
2026-03-22 18:30:09,418 [INFO]   [163]  SAND       (#163)  $0.07812  7d: -6.0%
2026-03-22 18:30:10,180 [INFO]           → conviction 20/100  |  signals 3/13
2026-03-22 18:30:16,682 [INFO]   [164]  TWT        (#164)  $0.49913  7d: -3.8%
2026-03-22 18:30:17,421 [INFO]           → conviction 4/100  |  signals 1/13
2026-03-22 18:30:23,929 [INFO]   [165]  XPL        (#165)  $0.09267  7d: -14.0%
2026-03-22 18:30:24,694 [INFO]           → conviction 12/100  |  signals 2/13
2026-03-22 18:30:31,200 [INFO]   [167]  STRK       (#167)  $0.03617  7d: -8.6%
2026-03-22 18:30:31,897 [INFO]           → conviction 29/100  |  signals 3/13
2026-03-22 18:30:38,402 [INFO]   [171]  PENDLE     (#171)  $1.19000  7d: -6.6%
2026-03-22 18:30:39,116 [INFO]           → conviction 18/100  |  signals 3/13
2026-03-22 18:30:45,620 [INFO]   [176]  AXS        (#176)  $1.12000  7d: -7.4%
2026-03-22 18:30:46,658 [INFO]           → conviction 18/100  |  signals 3/13
2026-03-22 18:30:53,162 [INFO]   [178]  FARTCOIN   (#178)  $0.18818  7d: +15.1%
2026-03-22 18:30:54,093 [INFO]           → skip (insufficient OHLCV data)
2026-03-22 18:31:00,594 [INFO]   [182]  NEO        (#182)  $2.61000  7d: -10.1%
2026-03-22 18:31:01,320 [INFO]           → conviction 12/100  |  signals 2/13
2026-03-22 18:31:07,822 [INFO]   [183]  COMP       (#183)  $18.81000  7d: +1.8%
2026-03-22 18:31:08,365 [INFO]           → conviction 8/100  |  signals 1/13
2026-03-22 18:31:14,867 [INFO]   [184]  H          (#184)  $0.09800  7d: -22.9%
2026-03-22 18:31:15,384 [INFO]           → skip (insufficient OHLCV data)
2026-03-22 18:31:21,886 [INFO]   [185]  GRASS      (#185)  $0.32943  7d: -7.8%
2026-03-22 18:31:22,379 [INFO]           → skip (insufficient OHLCV data)
2026-03-22 18:31:28,881 [INFO]   [187]  WAL        (#187)  $0.07803  7d: -1.6%
2026-03-22 18:31:29,624 [INFO]           → conviction 12/100  |  signals 2/13
2026-03-22 18:31:36,129 [INFO]   [188]  WIF        (#188)  $0.17414  7d: +4.6%
2026-03-22 18:31:36,546 [INFO]           → conviction 22/100  |  signals 3/13
2026-03-22 18:31:43,051 [INFO]   [190]  FF         (#190)  $0.07193  7d: -2.6%
2026-03-22 18:31:43,800 [INFO]           → conviction 2/100  |  signals 1/13
2026-03-22 18:31:50,302 [INFO]   [191]  ZK         (#191)  $0.01791  7d: -7.4%
2026-03-22 18:31:51,078 [INFO]           → conviction 12/100  |  signals 2/13
2026-03-22 18:31:57,581 [INFO]   [193]  MANA       (#193)  $0.08439  7d: -7.9%
2026-03-22 18:31:58,335 [INFO]           → conviction 12/100  |  signals 2/13
2026-03-22 18:32:04,841 [INFO]   [195]  THETA      (#195)  $0.16156  7d: -9.1%
2026-03-22 18:32:05,563 [INFO]           → conviction 20/100  |  signals 3/13
2026-03-22 18:32:12,066 [INFO]   [196]  S          (#196)  $0.04274  7d: -7.2%
2026-03-22 18:32:12,867 [INFO]           → conviction 18/100  |  signals 3/13
2026-03-22 18:32:19,370 [INFO]   [197]  CVX        (#197)  $1.75000  7d: -11.6%
2026-03-22 18:32:20,265 [INFO]           → conviction 18/100  |  signals 3/13
2026-03-22 18:32:26,766 [INFO]   [201]  FLUID      (#201)  $1.97000  7d: -13.7%
2026-03-22 18:32:28,601 [INFO]           → skip (insufficient OHLCV data)
2026-03-22 18:32:35,104 [INFO]   [204]  AKT        (#204)  $0.57581  7d: +33.5%
2026-03-22 18:32:35,606 [INFO]           → skip (insufficient OHLCV data)
2026-03-22 18:32:42,108 [INFO]   [207]  GALA       (#207)  $0.00310  7d: -10.2%
2026-03-22 18:32:42,816 [INFO]           → conviction 22/100  |  signals 3/13
2026-03-22 18:32:49,321 [INFO]   [209]  SFP        (#209)  $0.29302  7d: +2.5%
2026-03-22 18:32:49,742 [INFO]           → conviction 26/100  |  signals 4/13
2026-03-22 18:32:56,247 [INFO]   [210]  SENT       (#210)  $0.01972  7d: -7.9%
2026-03-22 18:32:57,029 [INFO]           → conviction 22/100  |  signals 3/13
2026-03-22 18:33:03,533 [INFO]   [211]  ATH        (#211)  $0.00778  7d: +23.2%
2026-03-22 18:33:04,033 [INFO]           → skip (insufficient OHLCV data)
2026-03-22 18:33:10,539 [INFO]   [212]  RUNE       (#212)  $0.40270  7d: -9.8%
2026-03-22 18:33:11,231 [INFO]           → conviction 12/100  |  signals 2/13
2026-03-22 18:33:17,735 [INFO]   [213]  BAT        (#213)  $0.09364  7d: -6.6%
2026-03-22 18:33:18,442 [INFO]           → conviction 18/100  |  signals 3/13
2026-03-22 18:33:24,945 [INFO]   [216]  BANANAS31  (#216)  $0.01358  7d: +39.0%
2026-03-22 18:33:25,310 [INFO]           → conviction 8/100  |  signals 2/13
2026-03-22 18:33:31,815 [INFO]   [219]  IMX        (#219)  $0.15930  7d: -4.2%
2026-03-22 18:33:32,530 [INFO]           → conviction 33/100  |  signals 5/13
2026-03-22 18:33:39,033 [INFO]   [222]  1INCH      (#222)  $0.09206  7d: -6.0%
2026-03-22 18:33:39,744 [INFO]           → conviction 12/100  |  signals 2/13
2026-03-22 18:33:46,245 [INFO]   [224]  GLM        (#224)  $0.12892  7d: -2.9%
2026-03-22 18:33:46,973 [INFO]           → conviction 6/100  |  signals 1/13
2026-03-22 18:33:53,484 [INFO]   [225]  JTO        (#225)  $0.28513  7d: +1.6%
2026-03-22 18:33:53,843 [INFO]           → conviction 14/100  |  signals 2/13
2026-03-22 18:34:00,349 [INFO]   [226]  SKR        (#226)  $0.02102  7d: -7.3%
2026-03-22 18:34:00,917 [INFO]           → skip (insufficient OHLCV data)
2026-03-22 18:34:07,427 [INFO]   [228]  A          (#228)  $0.07796  7d: -5.9%
2026-03-22 18:34:08,250 [INFO]           → conviction 12/100  |  signals 2/13
2026-03-22 18:34:14,755 [INFO]   [236]  EIGEN      (#236)  $0.19059  7d: -5.9%
2026-03-22 18:34:15,463 [INFO]           → conviction 8/100  |  signals 1/13
2026-03-22 18:34:21,966 [INFO]   [237]  BERA       (#237)  $0.53300  7d: -19.7%
2026-03-22 18:34:22,687 [INFO]           → conviction 8/100  |  signals 1/13
2026-03-22 18:34:29,196 [INFO]   [238]  COW        (#238)  $0.21600  7d: -5.9%
2026-03-22 18:34:29,900 [INFO]           → conviction 18/100  |  signals 3/13
2026-03-22 18:34:36,411 [INFO]   [240]  EGLD       (#240)  $3.95000  7d: -8.1%
2026-03-22 18:34:37,182 [INFO]           → conviction 12/100  |  signals 2/13
2026-03-22 18:34:43,692 [INFO]   [241]  PIEVERSE   (#241)  $0.53359  7d: +4.3%
2026-03-22 18:34:44,206 [INFO]           → skip (insufficient OHLCV data)
2026-03-22 18:34:50,718 [INFO]   [247]  AR         (#247)  $1.69000  7d: -8.1%
2026-03-22 18:34:51,479 [INFO]           → conviction 8/100  |  signals 1/13
2026-03-22 18:34:57,993 [INFO]   [248]  0G         (#248)  $0.51602  7d: -9.5%
2026-03-22 18:34:58,702 [INFO]           → conviction 20/100  |  signals 3/13
2026-03-22 18:35:05,209 [INFO]   [249]  MELANIA    (#249)  $0.11500  7d: -2.4%
2026-03-22 18:35:05,707 [INFO]           → skip (insufficient OHLCV data)
2026-03-22 18:35:12,213 [INFO]   [252]  LPT        (#252)  $2.17000  7d: -5.0%
2026-03-22 18:35:12,936 [INFO]           → conviction 12/100  |  signals 2/13
2026-03-22 18:35:19,441 [INFO]   [256]  SNX        (#256)  $0.29675  7d: -7.3%
2026-03-22 18:35:20,214 [INFO]           → conviction 12/100  |  signals 2/13
2026-03-22 18:35:26,719 [INFO]   [266]  CYS        (#266)  $0.60877  7d: +40.5%
2026-03-22 18:35:27,239 [INFO]           → skip (insufficient OHLCV data)
2026-03-22 18:35:33,744 [INFO]   [268]  GAS        (#268)  $1.52000  7d: -6.2%
2026-03-22 18:35:34,568 [INFO]           → conviction 18/100  |  signals 3/13
2026-03-22 18:35:41,072 [INFO]   [269]  AWE        (#269)  $0.05083  7d: -3.2%
2026-03-22 18:35:41,773 [INFO]           → conviction 26/100  |  signals 4/13
2026-03-22 18:35:48,275 [INFO]   [271]  ZEN        (#271)  $5.49000  7d: -8.9%
2026-03-22 18:35:49,046 [INFO]           → conviction 12/100  |  signals 2/13
2026-03-22 18:35:55,548 [INFO]   [272]  RSR        (#272)  $0.00157  7d: -12.6%
2026-03-22 18:35:56,243 [INFO]           → conviction 18/100  |  signals 3/13
2026-03-22 18:36:02,746 [INFO]   [274]  FORM       (#274)  $0.25383  7d: -7.0%
2026-03-22 18:36:03,479 [INFO]           → conviction 8/100  |  signals 1/13
2026-03-22 18:36:09,983 [INFO]   [279]  TRIA       (#279)  $0.04301  7d: +51.8%
2026-03-22 18:36:10,474 [INFO]           → skip (insufficient OHLCV data)
2026-03-22 18:36:16,984 [INFO]   [280]  W          (#280)  $0.01652  7d: -1.4%
2026-03-22 18:36:17,722 [INFO]           → conviction 22/100  |  signals 3/13
2026-03-22 18:36:24,224 [INFO]   [283]  YFI        (#283)  $2585.66000  7d: -0.3%
2026-03-22 18:36:25,177 [INFO]           → conviction 26/100  |  signals 4/13
2026-03-22 18:36:31,680 [INFO]   [286]  RVN        (#286)  $0.00556  7d: +2.1%
2026-03-22 18:36:32,383 [INFO]           → conviction 18/100  |  signals 2/13
2026-03-22 18:36:38,886 [INFO]   [287]  QTUM       (#287)  $0.84483  7d: -9.1%
2026-03-22 18:36:39,575 [INFO]           → conviction 26/100  |  signals 4/13
2026-03-22 18:36:46,083 [INFO]   [288]  KMNO       (#288)  $0.02111  7d: +1.6%
2026-03-22 18:36:46,952 [INFO]           → conviction 8/100  |  signals 1/13
2026-03-22 18:36:53,463 [INFO]   [293]  APE        (#293)  $0.08942  7d: -7.7%
2026-03-22 18:36:54,261 [INFO]           → conviction 12/100  |  signals 2/13
2026-03-22 18:37:00,766 [INFO]   [295]  ROSE       (#295)  $0.01162  7d: -8.0%
2026-03-22 18:37:01,480 [INFO]           → conviction 20/100  |  signals 3/13
2026-03-22 18:37:07,984 [INFO]   [296]  KAITO      (#296)  $0.36073  7d: -0.5%
2026-03-22 18:37:08,831 [INFO]           → conviction 14/100  |  signals 2/13
2026-03-22 18:37:15,361 [INFO]   [301]  ZRX        (#301)  $0.10073  7d: -5.5%
2026-03-22 18:37:16,548 [INFO]           → conviction 18/100  |  signals 3/13
2026-03-22 18:37:23,061 [INFO]   [302]  SIGN       (#302)  $0.05164  7d: +21.2%
2026-03-22 18:37:23,725 [INFO]           → conviction 26/100  |  signals 4/13
2026-03-22 18:37:30,228 [INFO]   [304]  TOSHI      (#304)  $0.00020  7d: -7.2%
2026-03-22 18:37:31,686 [INFO]           → skip (insufficient OHLCV data)
2026-03-22 18:37:38,197 [INFO]   [312]  ICNT       (#312)  $0.32031  7d: -17.3%
2026-03-22 18:37:38,698 [INFO]           → skip (insufficient OHLCV data)
2026-03-22 18:37:45,222 [INFO]   [313]  SAHARA     (#313)  $0.02774  7d: +15.2%
2026-03-22 18:37:46,537 [INFO]           → conviction 26/100  |  signals 3/13
2026-03-22 18:37:53,055 [INFO]   [314]  UB         (#314)  $0.03170  7d: -2.6%
2026-03-22 18:37:53,567 [INFO]           → skip (insufficient OHLCV data)
2026-03-22 18:38:00,130 [INFO]   [315]  ZIL        (#315)  $0.00395  7d: -5.6%
2026-03-22 18:38:01,246 [INFO]           → conviction 22/100  |  signals 3/13
2026-03-22 18:38:07,756 [INFO]   [316]  XVG        (#316)  $0.00477  7d: -11.2%
2026-03-22 18:38:08,765 [INFO]           → conviction 12/100  |  signals 2/13
2026-03-22 18:38:15,341 [INFO]   [317]  HOT        (#317)  $0.00044  7d: +7.2%
2026-03-22 18:38:16,004 [INFO]           → conviction 33/100  |  signals 4/13
2026-03-22 18:38:22,561 [INFO]   [318]  KSM        (#318)  $4.36000  7d: -2.1%
2026-03-22 18:38:23,531 [INFO]           → conviction 8/100  |  signals 1/13
2026-03-22 18:38:30,034 [INFO]   [321]  CFG        (#321)  $0.13371  7d: +11.8%
2026-03-22 18:38:30,545 [INFO]           → skip (insufficient OHLCV data)
2026-03-22 18:38:37,048 [INFO]   [322]  NXPC       (#322)  $0.29811  7d: +3.8%
2026-03-22 18:38:37,832 [INFO]           → conviction 8/100  |  signals 1/13
2026-03-22 18:38:44,342 [INFO]   [328]  GWEI       (#328)  $0.04287  7d: +10.3%
2026-03-22 18:38:44,833 [INFO]           → skip (insufficient OHLCV data)
2026-03-22 18:38:51,341 [INFO]   [329]  TURBO      (#329)  $0.00110  7d: +0.6%
2026-03-22 18:38:52,061 [INFO]           → conviction 8/100  |  signals 2/13
2026-03-22 18:38:58,593 [INFO]   [333]  HOME       (#333)  $0.02175  7d: -8.6%
2026-03-22 18:38:59,492 [INFO]           → conviction 6/100  |  signals 1/13
2026-03-22 18:39:06,021 [INFO]   [334]  DEEP       (#334)  $0.02968  7d: -13.2%
2026-03-22 18:39:06,507 [INFO]           → skip (insufficient OHLCV data)
2026-03-22 18:39:13,008 [INFO]   [335]  FOGO       (#335)  $0.01954  7d: -16.7%
2026-03-22 18:39:13,634 [INFO]           → conviction 12/100  |  signals 2/13
2026-03-22 18:39:20,141 [INFO]   [337]  MET        (#337)  $0.14492  7d: -10.3%
2026-03-22 18:39:20,802 [INFO]           → conviction 12/100  |  signals 2/13
2026-03-22 18:39:27,303 [INFO]   [338]  LINEA      (#338)  $0.00309  7d: -10.6%
2026-03-22 18:39:27,976 [INFO]           → conviction 18/100  |  signals 3/13
2026-03-22 18:39:34,479 [INFO]   [339]  MINA       (#339)  $0.05675  7d: -4.0%
2026-03-22 18:39:35,119 [INFO]           → conviction 18/100  |  signals 3/13
2026-03-22 18:39:41,621 [INFO]   [341]  ZORA       (#341)  $0.01610  7d: -4.7%
2026-03-22 18:39:42,301 [INFO]           → skip (insufficient OHLCV data)
2026-03-22 18:39:48,808 [INFO]   [342]  UAI        (#342)  $0.30094  7d: -19.2%
2026-03-22 18:39:49,310 [INFO]           → skip (insufficient OHLCV data)
2026-03-22 18:39:55,812 [INFO]   [345]  T          (#345)  $0.00640  7d: -2.2%
2026-03-22 18:39:56,470 [INFO]           → conviction 12/100  |  signals 2/13
2026-03-22 18:40:02,973 [INFO]   [347]  SAFE       (#347)  $0.09924  7d: -5.4%
2026-03-22 18:40:03,658 [INFO]           → skip (insufficient OHLCV data)
2026-03-22 18:40:10,160 [INFO]   [350]  ZETA       (#350)  $0.05323  7d: +5.7%
2026-03-22 18:40:10,693 [INFO]           → skip (insufficient OHLCV data)
2026-03-22 18:40:17,194 [INFO]   [351]  SUPER      (#351)  $0.10892  7d: -7.6%
2026-03-22 18:40:17,826 [INFO]           → conviction 12/100  |  signals 2/13
2026-03-22 18:40:24,328 [INFO]   [353]  CKB        (#353)  $0.00142  7d: -9.2%
2026-03-22 18:40:24,993 [INFO]           → conviction 14/100  |  signals 2/13
2026-03-22 18:40:31,495 [INFO]   [354]  MOVE       (#354)  $0.01962  7d: -6.4%
2026-03-22 18:40:32,135 [INFO]           → conviction 18/100  |  signals 3/13
2026-03-22 18:40:38,641 [INFO]   [358]  DYDX       (#358)  $0.08131  7d: -9.4%
2026-03-22 18:40:39,284 [INFO]           → conviction 20/100  |  signals 3/13
2026-03-22 18:40:45,787 [INFO]   [361]  ASTR       (#360)  $0.00779  7d: +5.0%
2026-03-22 18:40:46,495 [INFO]           → conviction 29/100  |  signals 4/13
2026-03-22 18:40:53,012 [INFO]   [369]  BRETT      (#369)  $0.00661  7d: -9.7%
2026-03-22 18:40:53,491 [INFO]           → skip (insufficient OHLCV data)
2026-03-22 18:40:59,993 [INFO]   [370]  ALCH       (#370)  $0.07681  7d: +11.6%
2026-03-22 18:41:00,474 [INFO]           → skip (insufficient OHLCV data)
2026-03-22 18:41:07,000 [INFO]   [371]  EDU        (#371)  $0.07800  7d: -10.0%
2026-03-22 18:41:07,749 [INFO]           → conviction 12/100  |  signals 2/13
2026-03-22 18:41:14,253 [INFO]   [374]  TAG        (#374)  $0.00059  7d: -9.3%
2026-03-22 18:41:15,056 [INFO]           → skip (insufficient OHLCV data)
2026-03-22 18:41:21,558 [INFO]   [375]  GMX        (#375)  $6.22000  7d: -4.3%
2026-03-22 18:41:22,667 [INFO]           → conviction 10/100  |  signals 2/13
2026-03-22 18:41:29,169 [INFO]   [377]  RAVE       (#377)  $0.26253  7d: -3.8%
2026-03-22 18:41:29,686 [INFO]           → skip (insufficient OHLCV data)
2026-03-22 18:41:36,187 [INFO]   [381]  MYX        (#381)  $0.32776  7d: -18.5%
2026-03-22 18:41:36,684 [INFO]           → skip (insufficient OHLCV data)
2026-03-22 18:41:43,185 [INFO]   [383]  MANTRA     (#383)  $0.01277  7d: -15.9%
2026-03-22 18:41:43,814 [INFO]           → conviction 26/100  |  signals 4/13
2026-03-22 18:41:50,318 [INFO]   [392]  AZTEC      (#392)  $0.02069  7d: -11.7%
2026-03-22 18:41:50,812 [INFO]           → skip (insufficient OHLCV data)
2026-03-22 18:41:57,314 [INFO]   [398]  ARKM       (#398)  $0.10257  7d: -11.6%
2026-03-22 18:41:57,968 [INFO]           → conviction 12/100  |  signals 2/13
2026-03-22 18:42:04,472 [INFO]   [399]  SOON       (#399)  $0.12677  7d: -13.8%
2026-03-22 18:42:04,999 [INFO]           → skip (insufficient OHLCV data)
2026-03-22 18:42:11,501 [INFO] 
[5/5] Building short scan report...
2026-03-22 18:42:11,501 [INFO]   Short setups found: 0
2026-03-22 18:42:11,524 [INFO] 
  Report → C:\Users\bruno\OneDrive\Ambiente de Trabalho\Workspace\crypto scanner\crypto-scanner\outputs\scanner-results\short_scan_LATEST.txt
2026-03-22 18:42:11,525 [INFO]   JSON   → C:\Users\bruno\OneDrive\Ambiente de Trabalho\Workspace\crypto scanner\crypto-scanner\outputs\scanner-results\short_scan_LATEST.json
2026-03-22 18:42:11,529 [INFO] 
================================================================================
  SHORT SCANNER v1.0 — BEARISH TRADE PLAN
  Generated: 2026-03-22 18:42:11
================================================================================

MARKET CONTEXT
----------------------------------------
  BTC Price    :  $    68,811.62
  BTC 7-day    :       -3.83%
  BTC 24-hour  :       -2.25%
  Regime       :  🟡 SIDEWAYS

  🟡 SIDEWAYS — Selective shorts only. Min conviction ≥ 42.

ACCOUNT
----------------------------------------
  Balance       : $    96,700.00 USDT
  Risk / trade  : 1.5%  ($1,450 USDT per trade)
  Max positions : 6
  Max heat      : 9.0%

================================================================================
  NO QUALIFYING SHORT SETUPS FOUND

  No tokens met the minimum conviction threshold for shorting.
  This is normal — clear short setups are rarer than long setups.
================================================================================

SHORT WATCHLIST — building bearish conviction, not ready yet
----------------------------------------
  #     SYMBOL      RANK         PRICE      7d%   CONV  SIGS  KEY SIGNALS
  ---------------------------------------------------------------------------
  1     PYTH        #156   $    0.03918   -18.5%    33     5  rs_vs_btc_neg, bear_candles, increasing_sell_vol +2
  2     IMX         #219   $    0.15930    -4.2%    33     5  macd_turning_bear, increasing_sell_vol, vol_on_down +2
  3     HOT         #317   $    0.00044    +7.2%    33     4  macd_turning_bear, rs_decel, lower_highs +1
  4     STRK        #167   $    0.03617    -8.6%    29     3  stealth_distrib, macd_turning_bear, rs_vs_btc_neg
  5     ASTR        #360   $    0.00779    +5.0%    29     4  macd_turning_bear, rs_decel, increasing_sell_vol +1

----------------------------------------
2026-03-22 18:42:11,531 [INFO] 
  Done.  0 short setup(s) found.
2026-03-22 23:34:47,114 [INFO] 
2026-03-22 23:34:47,116 [INFO] ================================================================================
2026-03-22 23:34:47,117 [INFO]   SHORT SCANNER v1.0
2026-03-22 23:34:47,117 [INFO]   Scanning for high-conviction BEARISH setups on Binance perps
2026-03-22 23:34:47,118 [INFO] ================================================================================
2026-03-22 23:34:47,118 [INFO] 
[1/5] Analyzing market regime...
2026-03-22 23:34:47,138 [INFO]   BTC $68,020  |  7d -7.55%  |  Regime: BEAR
2026-03-22 23:34:47,138 [INFO]   Min conviction for shorts: 35
2026-03-22 23:34:47,138 [INFO] 
[2/5] Fetching Binance perp symbols...
2026-03-22 23:34:48,485 [INFO]   544 active USDT perp markets found
2026-03-22 23:34:48,485 [INFO] 
[3/5] Fetching top coins from CoinGecko...
2026-03-22 23:34:49,249 [WARNING] Rate-limited — waiting 60s
2026-03-22 23:35:49,892 [WARNING] Rate-limited — waiting 51s
2026-03-22 23:36:40,962 [WARNING] Rate-limited — waiting 0s
2026-03-22 23:36:41,030 [WARNING] Rate-limited — waiting 0s
2026-03-22 23:36:41,097 [WARNING] Rate-limited — waiting 0s
2026-03-22 23:36:41,165 [WARNING] Rate-limited — waiting 60s
2026-03-22 23:37:41,935 [INFO]   400 coins fetched
2026-03-22 23:37:41,936 [INFO] 
[4/5] Scanning for bearish setups (min conviction 35)...

2026-03-22 23:37:41,936 [INFO]   [50]  SKY        (#50)  $0.07112  7d: -4.0%
2026-03-22 23:37:42,838 [INFO]           → conviction 20/100  |  signals 3/13
2026-03-22 23:37:49,342 [INFO]   [51]  ASTER      (#51)  $0.66782  7d: -7.1%
2026-03-22 23:37:50,481 [INFO]           → conviction 4/100  |  signals 1/13
2026-03-22 23:37:56,983 [INFO]   [52]  AAVE       (#52)  $106.70000  7d: -8.0%
2026-03-22 23:37:57,631 [INFO]           → conviction 18/100  |  signals 3/13
2026-03-22 23:38:04,133 [INFO]   [59]  ICP        (#59)  $2.35000  7d: -12.4%
2026-03-22 23:38:04,758 [INFO]           → conviction 12/100  |  signals 2/13
2026-03-22 23:38:11,260 [INFO]   [60]  ETC        (#60)  $8.06000  7d: -3.8%
2026-03-22 23:38:11,598 [INFO]           → conviction 4/100  |  signals 1/13
2026-03-22 23:38:18,101 [INFO]   [62]  ONDO       (#62)  $0.24649  7d: -8.0%
2026-03-22 23:38:18,755 [INFO]           → conviction 10/100  |  signals 2/13
2026-03-22 23:38:25,258 [INFO]   [65]  QNT        (#66)  $72.02000  7d: +7.2%
2026-03-22 23:38:25,598 [INFO]           → conviction 12/100  |  signals 2/13
2026-03-22 23:38:32,100 [INFO]   [66]  PUMP       (#64)  $0.00177  7d: -9.7%
2026-03-22 23:38:32,727 [INFO]           → conviction 22/100  |  signals 3/13
2026-03-22 23:38:39,229 [INFO]   [67]  KAS        (#67)  $0.03652  7d: +19.0%
2026-03-22 23:38:39,583 [INFO]           → skip (insufficient OHLCV data)
2026-03-22 23:38:46,084 [INFO]   [69]  POL        (#69)  $0.09232  7d: -4.4%
2026-03-22 23:38:46,413 [INFO]           → conviction 10/100  |  signals 2/13
2026-03-22 23:38:52,914 [INFO]   [71]  MORPHO     (#71)  $1.67000  7d: -14.0%
2026-03-22 23:38:53,550 [INFO]           → conviction 18/100  |  signals 3/13
2026-03-22 23:39:00,054 [INFO]   [72]  WLD        (#72)  $0.30910  7d: -15.0%
2026-03-22 23:39:00,695 [INFO]           → conviction 8/100  |  signals 1/13
2026-03-22 23:39:07,196 [INFO]   [73]  ATOM       (#73)  $1.77000  7d: -4.7%
2026-03-22 23:39:07,519 [INFO]           → conviction 10/100  |  signals 2/13
2026-03-22 23:39:14,021 [INFO]   [75]  RENDER     (#75)  $1.62000  7d: -14.8%
2026-03-22 23:39:14,690 [INFO]           → conviction 18/100  |  signals 3/13
2026-03-22 23:39:21,192 [INFO]   [77]  ENA        (#77)  $0.09588  7d: -13.0%
2026-03-22 23:39:21,816 [INFO]           → conviction 12/100  |  signals 2/13
2026-03-22 23:39:28,319 [INFO]   [80]  ALGO       (#80)  $0.08573  7d: -7.0%
2026-03-22 23:39:28,945 [INFO]           → conviction 10/100  |  signals 2/13
2026-03-22 23:39:35,446 [INFO]   [81]  TRUMP      (#81)  $3.21000  7d: -20.9%
2026-03-22 23:39:36,069 [INFO]           → conviction 18/100  |  signals 3/13
2026-03-22 23:39:42,570 [INFO]   [82]  APT        (#82)  $0.93105  7d: -0.1%
2026-03-22 23:39:42,895 [INFO]           → conviction 12/100  |  signals 2/13
2026-03-22 23:39:49,397 [INFO]   [84]  NIGHT      (#84)  $0.04248  7d: -15.4%
2026-03-22 23:39:50,451 [INFO]           → conviction 14/100  |  signals 2/13
2026-03-22 23:39:56,953 [INFO]   [86]  FIL        (#86)  $0.84937  7d: -5.0%
2026-03-22 23:39:57,326 [INFO]           → conviction 8/100  |  signals 1/13
2026-03-22 23:40:03,829 [INFO]   [89]  VET        (#89)  $0.00689  7d: -7.0%
2026-03-22 23:40:04,480 [INFO]           → conviction 4/100  |  signals 1/13
2026-03-22 23:40:10,981 [INFO]   [92]  RIVER      (#92)  $29.08000  7d: +25.7%
2026-03-22 23:40:12,049 [INFO]           → skip (insufficient OHLCV data)
2026-03-22 23:40:18,551 [INFO]   [93]  ARB        (#93)  $0.09293  7d: -10.1%
2026-03-22 23:40:19,189 [INFO]           → conviction 18/100  |  signals 3/13
2026-03-22 23:40:25,691 [INFO]   [95]  STABLE     (#95)  $0.02543  7d: -9.2%
2026-03-22 23:40:26,201 [INFO]           → skip (insufficient OHLCV data)
2026-03-22 23:40:32,703 [INFO]   [96]  JUP        (#96)  $0.15316  7d: -5.0%
2026-03-22 23:40:33,028 [INFO]           → conviction 4/100  |  signals 1/13
2026-03-22 23:40:39,530 [INFO]   [97]  JST        (#97)  $0.05990  7d: +7.8%
2026-03-22 23:40:39,873 [INFO]           → conviction 37/100  |  signals 4/13
2026-03-22 23:40:46,378 [INFO]   [100]  ZRO        (#100)  $1.93000  7d: -11.2%
2026-03-22 23:40:47,018 [INFO]           → conviction 18/100  |  signals 3/13
2026-03-22 23:40:53,520 [INFO]   [103]  FET        (#103)  $0.20716  7d: +3.4%
2026-03-22 23:40:53,852 [INFO]           → conviction 12/100  |  signals 2/13
2026-03-22 23:41:00,356 [INFO]   [104]  CAKE       (#104)  $1.38000  7d: -8.1%
2026-03-22 23:41:01,028 [INFO]           → conviction 10/100  |  signals 2/13
2026-03-22 23:41:07,529 [INFO]   [105]  VIRTUAL    (#105)  $0.66132  7d: -10.4%
2026-03-22 23:41:08,195 [INFO]           → conviction 12/100  |  signals 2/13
2026-03-22 23:41:14,698 [INFO]   [106]  ETHFI      (#106)  $0.54657  7d: -1.4%
2026-03-22 23:41:15,036 [INFO]           → conviction 8/100  |  signals 1/13
2026-03-22 23:41:21,540 [INFO]   [108]  STX        (#108)  $0.23122  7d: -9.7%
2026-03-22 23:41:22,196 [INFO]           → conviction 18/100  |  signals 3/13
2026-03-22 23:41:28,698 [INFO]   [109]  PENGU      (#109)  $0.00671  7d: -9.5%
2026-03-22 23:41:29,342 [INFO]           → conviction 12/100  |  signals 2/13
2026-03-22 23:41:35,843 [INFO]   [111]  XTZ        (#111)  $0.37949  7d: -2.1%
2026-03-22 23:41:36,180 [INFO]           → conviction 18/100  |  signals 3/13
2026-03-22 23:41:42,682 [INFO]   [112]  DASH       (#112)  $32.27000  7d: -5.2%
2026-03-22 23:41:43,766 [INFO]           → conviction 0/100  |  signals 0/13
2026-03-22 23:41:50,267 [INFO]   [114]  SEI        (#114)  $0.05943  7d: -12.1%
2026-03-22 23:41:50,973 [INFO]           → conviction 18/100  |  signals 3/13
2026-03-22 23:41:57,474 [INFO]   [115]  KITE       (#115)  $0.21989  7d: +1.2%
2026-03-22 23:41:57,793 [INFO]           → conviction 14/100  |  signals 2/13
2026-03-22 23:42:04,298 [INFO]   [118]  CHZ        (#118)  $0.03471  7d: -8.4%
2026-03-22 23:42:04,936 [INFO]           → conviction 4/100  |  signals 1/13
2026-03-22 23:42:11,441 [INFO]   [120]  SUN        (#120)  $0.01813  7d: +10.2%
2026-03-22 23:42:11,769 [INFO]           → conviction 22/100  |  signals 3/13
2026-03-22 23:42:18,269 [INFO]   [122]  DEXE       (#122)  $7.17000  7d: +37.1%
2026-03-22 23:42:18,606 [INFO]           → conviction 10/100  |  signals 2/13
2026-03-22 23:42:25,108 [INFO]   [127]  CRV        (#127)  $0.21819  7d: -10.3%
2026-03-22 23:42:25,741 [INFO]           → conviction 18/100  |  signals 3/13
2026-03-22 23:42:32,243 [INFO]   [129]  CFX        (#129)  $0.06035  7d: -1.6%
2026-03-22 23:42:32,559 [INFO]           → conviction 12/100  |  signals 2/13
2026-03-22 23:42:39,061 [INFO]   [130]  INJ        (#130)  $2.96000  7d: -4.5%
2026-03-22 23:42:39,376 [INFO]           → conviction 12/100  |  signals 2/13
2026-03-22 23:42:45,878 [INFO]   [131]  KAIA       (#131)  $0.05034  7d: -6.9%
2026-03-22 23:42:46,521 [INFO]           → conviction 20/100  |  signals 3/13
2026-03-22 23:42:53,022 [INFO]   [132]  AERO       (#132)  $0.30748  7d: -8.1%
2026-03-22 23:42:53,974 [INFO]           → skip (insufficient OHLCV data)
2026-03-22 23:43:00,477 [INFO]   [133]  BSV        (#133)  $14.07000  7d: -7.0%
2026-03-22 23:43:00,844 [INFO]           → skip (insufficient OHLCV data)
2026-03-22 23:43:07,348 [INFO]   [134]  TIA        (#134)  $0.31323  7d: -11.7%
2026-03-22 23:43:08,171 [INFO]           → conviction 18/100  |  signals 3/13
2026-03-22 23:43:14,673 [INFO]   [137]  SPX        (#137)  $0.28982  7d: -9.0%
2026-03-22 23:43:15,024 [INFO]           → skip (insufficient OHLCV data)
2026-03-22 23:43:21,525 [INFO]   [138]  VVV        (#138)  $6.00000  7d: -3.6%
2026-03-22 23:43:21,891 [INFO]           → skip (insufficient OHLCV data)
2026-03-22 23:43:28,393 [INFO]   [139]  SYRUP      (#139)  $0.22988  7d: -14.2%
2026-03-22 23:43:29,041 [INFO]           → conviction 12/100  |  signals 2/13
2026-03-22 23:43:35,542 [INFO]   [140]  JASMY      (#140)  $0.00535  7d: -9.3%
2026-03-22 23:43:36,167 [INFO]           → conviction 10/100  |  signals 2/13
2026-03-22 23:43:42,668 [INFO]   [142]  GRT        (#142)  $0.02448  7d: -8.5%
2026-03-22 23:43:43,291 [INFO]           → conviction 10/100  |  signals 2/13
2026-03-22 23:43:49,792 [INFO]   [146]  IOTA       (#145)  $0.05748  7d: -11.1%
2026-03-22 23:43:50,421 [INFO]           → conviction 12/100  |  signals 2/13
2026-03-22 23:43:56,925 [INFO]   [147]  2Z         (#146)  $0.07199  7d: -15.5%
2026-03-22 23:43:57,553 [INFO]           → conviction 18/100  |  signals 3/13
2026-03-22 23:44:04,055 [INFO]   [148]  OP         (#148)  $0.11489  7d: -10.5%
2026-03-22 23:44:04,701 [INFO]           → conviction 12/100  |  signals 2/13
2026-03-22 23:44:11,203 [INFO]   [149]  LDO        (#149)  $0.28385  7d: -7.6%
2026-03-22 23:44:11,843 [INFO]           → conviction 4/100  |  signals 1/13
2026-03-22 23:44:18,345 [INFO]   [150]  LIT        (#150)  $0.94600  7d: -13.5%
2026-03-22 23:44:18,982 [INFO]           → conviction 8/100  |  signals 1/13
2026-03-22 23:44:25,484 [INFO]   [151]  IP         (#151)  $0.66652  7d: -15.1%
2026-03-22 23:44:26,451 [INFO]           → skip (insufficient OHLCV data)
2026-03-22 23:44:32,953 [INFO]   [153]  ENS        (#153)  $5.88000  7d: -4.3%
2026-03-22 23:44:33,287 [INFO]           → conviction 12/100  |  signals 2/13
2026-03-22 23:44:39,788 [INFO]   [154]  MON        (#154)  $0.02076  7d: -9.7%
2026-03-22 23:44:40,151 [INFO]           → skip (insufficient OHLCV data)
2026-03-22 23:44:46,653 [INFO]   [155]  PYTH       (#155)  $0.03869  7d: -20.6%
2026-03-22 23:44:47,304 [INFO]           → conviction 33/100  |  signals 5/13
2026-03-22 23:44:53,807 [INFO]   [158]  B          (#158)  $0.21782  7d: +20.5%
2026-03-22 23:44:54,182 [INFO]           → skip (insufficient OHLCV data)
2026-03-22 23:45:00,683 [INFO]   [163]  SAND       (#163)  $0.07717  7d: -8.7%
2026-03-22 23:45:01,597 [INFO]           → conviction 18/100  |  signals 3/13
2026-03-22 23:45:08,099 [INFO]   [164]  XPL        (#164)  $0.09133  7d: -15.1%
2026-03-22 23:45:08,738 [INFO]           → conviction 12/100  |  signals 2/13
2026-03-22 23:45:15,239 [INFO]   [166]  TWT        (#167)  $0.48655  7d: -8.3%
2026-03-22 23:45:15,887 [INFO]           → conviction 0/100  |  signals 0/13
2026-03-22 23:45:22,388 [INFO]   [167]  STRK       (#166)  $0.03585  7d: -9.9%
2026-03-22 23:45:23,055 [INFO]           → conviction 16/100  |  signals 2/13
2026-03-22 23:45:29,556 [INFO]   [172]  PENDLE     (#172)  $1.17000  7d: -8.9%
2026-03-22 23:45:30,201 [INFO]           → conviction 4/100  |  signals 1/13
2026-03-22 23:45:36,702 [INFO]   [175]  GRASS      (#175)  $0.34666  7d: -8.6%
2026-03-22 23:45:37,222 [INFO]           → skip (insufficient OHLCV data)
2026-03-22 23:45:43,727 [INFO]   [177]  FARTCOIN   (#177)  $0.18596  7d: +11.9%
2026-03-22 23:45:44,207 [INFO]           → skip (insufficient OHLCV data)
2026-03-22 23:45:50,710 [INFO]   [181]  AXS        (#181)  $1.09100  7d: -12.5%
2026-03-22 23:45:51,351 [INFO]           → conviction 12/100  |  signals 2/13
2026-03-22 23:45:57,860 [INFO]   [182]  NEO        (#182)  $2.60000  7d: -9.7%
2026-03-22 23:45:58,502 [INFO]           → conviction 4/100  |  signals 1/13
2026-03-22 23:46:05,004 [INFO]   [184]  COMP       (#184)  $18.47000  7d: -2.2%
2026-03-22 23:46:05,329 [INFO]           → conviction 12/100  |  signals 2/13
2026-03-22 23:46:11,831 [INFO]   [186]  WAL        (#186)  $0.07795  7d: -2.4%
2026-03-22 23:46:12,178 [INFO]           → conviction 4/100  |  signals 1/13
2026-03-22 23:46:18,679 [INFO]   [187]  WIF        (#187)  $0.17295  7d: +3.2%
2026-03-22 23:46:18,997 [INFO]           → conviction 8/100  |  signals 1/13
2026-03-22 23:46:25,498 [INFO]   [189]  H          (#190)  $0.09266  7d: -25.0%
2026-03-22 23:46:25,982 [INFO]           → skip (insufficient OHLCV data)
2026-03-22 23:46:32,483 [INFO]   [190]  FF         (#189)  $0.07218  7d: -2.5%
2026-03-22 23:46:32,815 [INFO]           → conviction 14/100  |  signals 2/13
2026-03-22 23:46:39,318 [INFO]   [193]  MANA       (#193)  $0.08368  7d: -9.4%
2026-03-22 23:46:39,955 [INFO]           → conviction 12/100  |  signals 2/13
2026-03-22 23:46:46,456 [INFO]   [194]  ZK         (#194)  $0.01754  7d: -10.5%
2026-03-22 23:46:47,081 [INFO]           → conviction 22/100  |  signals 3/13
2026-03-22 23:46:53,582 [INFO]   [195]  CVX        (#195)  $1.74000  7d: -15.3%
2026-03-22 23:46:54,220 [INFO]           → conviction 12/100  |  signals 2/13
2026-03-22 23:47:00,721 [INFO]   [196]  THETA      (#196)  $0.15976  7d: -11.0%
2026-03-22 23:47:01,350 [INFO]           → conviction 12/100  |  signals 2/13
2026-03-22 23:47:07,851 [INFO]   [197]  S          (#197)  $0.04218  7d: -9.3%
2026-03-22 23:47:08,491 [INFO]           → conviction 12/100  |  signals 2/13
2026-03-22 23:47:14,996 [INFO]   [202]  AKT        (#203)  $0.57586  7d: +32.8%
2026-03-22 23:47:15,502 [INFO]           → skip (insufficient OHLCV data)
2026-03-22 23:47:22,003 [INFO]   [204]  FLUID      (#202)  $1.91000  7d: -17.4%
2026-03-22 23:47:22,483 [INFO]           → skip (insufficient OHLCV data)
2026-03-22 23:47:28,984 [INFO]   [207]  GALA       (#207)  $0.00307  7d: -12.8%
2026-03-22 23:47:29,633 [INFO]           → conviction 18/100  |  signals 3/13
2026-03-22 23:47:36,135 [INFO]   [209]  SFP        (#209)  $0.28636  7d: -2.8%
2026-03-22 23:47:36,463 [INFO]           → conviction 8/100  |  signals 1/13
2026-03-22 23:47:42,968 [INFO]   [210]  RUNE       (#210)  $0.40240  7d: -10.1%
2026-03-22 23:47:43,612 [INFO]           → conviction 18/100  |  signals 3/13
2026-03-22 23:47:50,113 [INFO]   [211]  SENT       (#211)  $0.01949  7d: -9.0%
2026-03-22 23:47:50,755 [INFO]           → conviction 14/100  |  signals 2/13
2026-03-22 23:47:57,255 [INFO]   [214]  BAT        (#214)  $0.09143  7d: -9.6%
2026-03-22 23:47:58,341 [INFO]           → conviction 12/100  |  signals 2/13
2026-03-22 23:48:04,845 [INFO]   [215]  ATH        (#215)  $0.00743  7d: +17.1%
2026-03-22 23:48:05,334 [INFO]           → skip (insufficient OHLCV data)
2026-03-22 23:48:11,835 [INFO]   [216]  BANANAS31  (#216)  $0.01364  7d: +38.6%
2026-03-22 23:48:12,158 [INFO]           → conviction 8/100  |  signals 2/13
2026-03-22 23:48:18,658 [INFO]   [219]  IMX        (#219)  $0.15596  7d: -8.4%
2026-03-22 23:48:19,285 [INFO]           → conviction 16/100  |  signals 3/13
2026-03-22 23:48:25,786 [INFO]   [223]  1INCH      (#223)  $0.09119  7d: -7.9%
2026-03-22 23:48:26,413 [INFO]           → conviction 4/100  |  signals 1/13
2026-03-22 23:48:32,913 [INFO]   [224]  GLM        (#224)  $0.12717  7d: -4.4%
2026-03-22 23:48:33,235 [INFO]           → conviction 6/100  |  signals 1/13
2026-03-22 23:48:39,736 [INFO]   [226]  JTO        (#226)  $0.28087  7d: -1.7%
2026-03-22 23:48:40,163 [INFO]           → conviction 12/100  |  signals 2/13
2026-03-22 23:48:46,663 [INFO]   [227]  SKR        (#227)  $0.02085  7d: -10.1%
2026-03-22 23:48:47,143 [INFO]           → skip (insufficient OHLCV data)
2026-03-22 23:48:53,644 [INFO]   [232]  A          (#232)  $0.07636  7d: -8.1%
2026-03-22 23:48:54,270 [INFO]           → conviction 4/100  |  signals 1/13
2026-03-22 23:49:00,788 [INFO]   [237]  EIGEN      (#237)  $0.18738  7d: -12.4%
2026-03-22 23:49:01,862 [INFO]           → conviction 8/100  |  signals 1/13
2026-03-22 23:49:08,363 [INFO]   [238]  COW        (#238)  $0.21429  7d: -8.7%
2026-03-22 23:49:08,993 [INFO]           → conviction 12/100  |  signals 2/13
2026-03-22 23:49:15,514 [INFO]   [239]  BERA       (#239)  $0.51790  7d: -23.2%
2026-03-22 23:49:16,163 [INFO]           → conviction 8/100  |  signals 1/13
2026-03-22 23:49:22,667 [INFO]   [240]  EGLD       (#240)  $3.91000  7d: -10.0%
2026-03-22 23:49:23,356 [INFO]           → conviction 18/100  |  signals 3/13
2026-03-22 23:49:29,893 [INFO]   [241]  PIEVERSE   (#241)  $0.53552  7d: +5.0%
2026-03-22 23:49:30,412 [INFO]           → skip (insufficient OHLCV data)
2026-03-22 23:49:36,923 [INFO]   [246]  0G         (#244)  $0.51360  7d: -11.1%
2026-03-22 23:49:37,597 [INFO]           → conviction 12/100  |  signals 2/13
2026-03-22 23:49:44,103 [INFO]   [247]  MELANIA    (#248)  $0.11446  7d: -6.0%
2026-03-22 23:49:44,607 [INFO]           → skip (insufficient OHLCV data)
2026-03-22 23:49:51,109 [INFO]   [248]  AR         (#247)  $1.66000  7d: -10.1%
2026-03-22 23:49:51,951 [INFO]           → conviction 14/100  |  signals 2/13
2026-03-22 23:49:58,460 [INFO] 
[5/5] Building short scan report...
2026-03-22 23:49:58,460 [INFO]   Short setups found: 1
2026-03-22 23:49:58,476 [INFO] 
  Report → C:\Users\bruno\OneDrive\Ambiente de Trabalho\Workspace\crypto scanner\crypto-scanner\outputs\scanner-results\short_scan_LATEST.txt
2026-03-22 23:49:58,478 [INFO]   JSON   → C:\Users\bruno\OneDrive\Ambiente de Trabalho\Workspace\crypto scanner\crypto-scanner\outputs\scanner-results\short_scan_LATEST.json
2026-03-22 23:49:58,479 [INFO] 
================================================================================
  SHORT SCANNER v1.0 — BEARISH TRADE PLAN
  Generated: 2026-03-22 23:49:58
================================================================================

MARKET CONTEXT
----------------------------------------
  BTC Price    :  $    68,019.99
  BTC 7-day    :       -7.55%
  BTC 24-hour  :       -1.90%
  Regime       :  🔴 BEAR

  🔴 BEAR — Short setups have highest edge. Min conviction ≥ 35.

ACCOUNT
----------------------------------------
  Balance       : $    96,700.00 USDT
  Risk / trade  : 1.5%  ($1,450 USDT per trade)
  Max positions : 6
  Max heat      : 9.0%

================================================================================
  1 HIGH-CONVICTION SHORT SETUP(S) FOUND
================================================================================

[1]  ▼  JST  (Rank #97)
     Conviction  : 37 / 100
     Signals     : 4 / 13 active
     Active      : rsi_divergence_bear, macd_turning_bear, rs_decel +1
     RSI         : 51.8
     Funding     : 0.005% (crowded=no)
     RS vs BTC   : 17.84%

     ── SHORT TRADE PLAN ──────────────────────────────
     Entry (SHORT) : $       0.059898
     Stop (BUY)   : $       0.062893  (+5.0%)
     Risk         : $     483.50  (0.50% of account)
     Position     : $   9,670.00  (10.0% of account)
     Quantity     :   161,441.1166  JST

     TP1 (2R)  : $       0.053908  (-10.0%)  → sell 30% = $2,611
     TP2 (3R)  : $       0.050913  (-15.0%)  → sell 40% = $3,288
     TP3 (5R)  : $       0.044923  (-25.0%)  → sell 30% = $2,176
     E[V]         :  +5.40% per trade

  ⚠️  SHORTING REQUIRES A BINANCE PERP ACCOUNT. Verify margin and
     liquidation price before entering. Always use isolated margin.
----------------------------------------


SHORT WATCHLIST — building bearish conviction, not ready yet
----------------------------------------
  #     SYMBOL      RANK         PRICE      7d%   CONV  SIGS  KEY SIGNALS
  ---------------------------------------------------------------------------
  1     PYTH        #155   $    0.03869   -20.6%    33     5  rs_vs_btc_neg, bear_candles, increasing_sell_vol +2

----------------------------------------
2026-03-22 23:49:58,482 [INFO] 
  Done.  1 short setup(s) found.
