2026-03-23 08:49:59,520 [INFO] 
2026-03-23 08:49:59,520 [INFO] ================================================================================
2026-03-23 08:49:59,520 [INFO]   SHORT SCANNER v1.0
2026-03-23 08:49:59,520 [INFO]   Scanning for high-conviction BEARISH setups on Binance perps
2026-03-23 08:49:59,520 [INFO] ================================================================================
2026-03-23 08:49:59,520 [INFO] 
[1/5] Analyzing market regime...
2026-03-23 08:49:59,544 [INFO]   BTC $68,446  |  7d -6.59%  |  Regime: SIDEWAYS
2026-03-23 08:49:59,544 [INFO]   Min conviction for shorts: 42
2026-03-23 08:49:59,544 [INFO] 
[2/5] Fetching Binance perp symbols...
2026-03-23 08:50:00,572 [INFO]   544 active USDT perp markets found
2026-03-23 08:50:00,573 [INFO] 
[3/5] Fetching top coins from CoinGecko...
2026-03-23 08:50:01,058 [WARNING] Rate-limited — waiting 58s
2026-03-23 08:50:59,184 [WARNING] Rate-limited — waiting 0s
2026-03-23 08:50:59,251 [WARNING] Rate-limited — waiting 0s
2026-03-23 08:50:59,319 [WARNING] Rate-limited — waiting 0s
2026-03-23 08:50:59,374 [WARNING] Rate-limited — waiting 0s
2026-03-23 08:50:59,446 [WARNING] Rate-limited — waiting 0s
2026-03-23 08:51:00,426 [INFO]   400 coins fetched
2026-03-23 08:51:00,427 [INFO] 
[4/5] Scanning for bearish setups (min conviction 42)...

2026-03-23 08:51:00,430 [INFO] 
[5/5] Building short scan report...
2026-03-23 08:51:00,431 [INFO]   Short setups found: 0
2026-03-23 08:51:00,444 [INFO] 
  Report → C:\Users\bruno\OneDrive\Ambiente de Trabalho\Workspace\crypto scanner\crypto-scanner\outputs\scanner-results\short_scan_LATEST.txt
2026-03-23 08:51:00,445 [INFO]   JSON   → C:\Users\bruno\OneDrive\Ambiente de Trabalho\Workspace\crypto scanner\crypto-scanner\outputs\scanner-results\short_scan_LATEST.json
2026-03-23 08:51:00,446 [INFO] 
================================================================================
  SHORT SCANNER v1.0 — BEARISH TRADE PLAN
  Generated: 2026-03-23 08:51:00
================================================================================

MARKET CONTEXT
----------------------------------------
  BTC Price    :  $    68,446.22
  BTC 7-day    :       -6.59%
  BTC 24-hour  :       -0.58%
  Regime       :  🟡 SIDEWAYS

  🟡 SIDEWAYS — Selective shorts only. Min conviction ≥ 42.

ACCOUNT
----------------------------------------
  Balance       : $    96,700.00 USDT
  Risk / trade  : 1.5%  ($1,450 USDT per trade)
  Max positions : 6
  Max heat      : 9.0%

================================================================================
  NO QUALIFYING SHORT SETUPS FOUND

  No tokens met the minimum conviction threshold for shorting.
  This is normal — clear short setups are rarer than long setups.
================================================================================

----------------------------------------
2026-03-23 08:51:00,447 [INFO] 
  Done.  0 short setup(s) found.
2026-03-23 11:26:21,493 [INFO] 
2026-03-23 11:26:21,494 [INFO] ================================================================================
2026-03-23 11:26:21,496 [INFO]   SHORT SCANNER v1.0
2026-03-23 11:26:21,496 [INFO]   Scanning for high-conviction BEARISH setups on Binance perps
2026-03-23 11:26:21,496 [INFO] ================================================================================
2026-03-23 11:26:21,496 [INFO] 
[1/5] Analyzing market regime...
2026-03-23 11:26:21,513 [INFO]   BTC $68,446  |  7d -6.59%  |  Regime: SIDEWAYS
2026-03-23 11:26:21,513 [INFO]   Min conviction for shorts: 42
2026-03-23 11:26:21,514 [INFO] 
[2/5] Fetching Binance perp symbols...
2026-03-23 11:26:22,832 [INFO]   544 active USDT perp markets found
2026-03-23 11:26:22,832 [INFO] 
[3/5] Fetching top coins from CoinGecko...
2026-03-23 11:26:23,363 [WARNING] Rate-limited — waiting 60s
2026-03-23 11:27:25,844 [INFO]   400 coins fetched
2026-03-23 11:27:25,873 [INFO] 
[4/5] Scanning for bearish setups (min conviction 42)...

2026-03-23 11:27:25,886 [INFO]   [50]  AAVE       (#50)  $110.33000  7d: -7.5%
2026-03-23 11:27:30,689 [INFO]           → conviction 12/100  |  signals 2/13
2026-03-23 11:27:37,194 [INFO]   [51]  ASTER      (#51)  $0.67495  7d: -6.5%
2026-03-23 11:27:38,004 [INFO]           → conviction 14/100  |  signals 2/13
2026-03-23 11:27:44,508 [INFO]   [52]  SKY        (#52)  $0.07144  7d: -1.2%
2026-03-23 11:27:45,020 [INFO]           → conviction 24/100  |  signals 4/13
2026-03-23 11:27:51,526 [INFO]   [57]  ICP        (#57)  $2.41000  7d: -10.5%
2026-03-23 11:27:52,450 [INFO]           → conviction 14/100  |  signals 2/13
2026-03-23 11:27:59,081 [INFO]   [60]  ETC        (#60)  $8.37000  7d: -5.7%
2026-03-23 11:28:00,197 [INFO]           → conviction 4/100  |  signals 1/13
2026-03-23 11:28:06,748 [INFO]   [62]  ONDO       (#61)  $0.25420  7d: -9.3%
2026-03-23 11:28:07,389 [INFO]           → conviction 10/100  |  signals 2/13
2026-03-23 11:28:13,914 [INFO]   [65]  PUMP       (#64)  $0.00184  7d: -12.3%
2026-03-23 11:28:14,672 [INFO]           → conviction 12/100  |  signals 2/13
2026-03-23 11:28:21,173 [INFO]   [66]  QNT        (#66)  $71.66000  7d: +4.9%
2026-03-23 11:28:21,500 [INFO]           → conviction 12/100  |  signals 2/13
2026-03-23 11:28:28,001 [INFO]   [67]  POL        (#67)  $0.09425  7d: -5.9%
2026-03-23 11:28:28,699 [INFO]           → conviction 10/100  |  signals 2/13
2026-03-23 11:28:35,202 [INFO]   [69]  KAS        (#69)  $0.03561  7d: +7.1%
2026-03-23 11:28:36,578 [INFO]           → skip (insufficient OHLCV data)
2026-03-23 11:28:43,081 [INFO]   [71]  MORPHO     (#71)  $1.73000  7d: -8.7%
2026-03-23 11:28:44,095 [INFO]           → conviction 4/100  |  signals 1/13
2026-03-23 11:28:50,603 [INFO]   [72]  WLD        (#72)  $0.31625  7d: -17.5%
2026-03-23 11:28:51,269 [INFO]           → conviction 8/100  |  signals 1/13
2026-03-23 11:28:57,774 [INFO]   [73]  ATOM       (#73)  $1.82000  7d: -4.2%
2026-03-23 11:28:58,563 [INFO]           → conviction 10/100  |  signals 1/13
2026-03-23 11:29:05,074 [INFO]   [75]  RENDER     (#75)  $1.66000  7d: -11.3%
2026-03-23 11:29:06,077 [INFO]           → conviction 18/100  |  signals 3/13
2026-03-23 11:29:12,660 [INFO]   [77]  ENA        (#76)  $0.09716  7d: -17.0%
2026-03-23 11:29:13,734 [INFO]           → conviction 12/100  |  signals 2/13
2026-03-23 11:29:20,281 [INFO]   [78]  NIGHT      (#79)  $0.04702  7d: -8.0%
2026-03-23 11:29:20,931 [INFO]           → conviction 6/100  |  signals 1/13
2026-03-23 11:29:27,460 [INFO]   [79]  ALGO       (#78)  $0.08775  7d: -7.0%
2026-03-23 11:29:28,338 [INFO]           → conviction 10/100  |  signals 2/13
2026-03-23 11:29:34,840 [INFO]   [82]  TRUMP      (#82)  $3.28000  7d: -15.8%
2026-03-23 11:29:35,786 [INFO]           → conviction 12/100  |  signals 2/13
2026-03-23 11:29:42,288 [INFO]   [83]  APT        (#83)  $0.95082  7d: -3.6%
2026-03-23 11:29:42,818 [INFO]           → conviction 4/100  |  signals 1/13
2026-03-23 11:29:49,405 [INFO]   [86]  FIL        (#86)  $0.89178  7d: -4.7%
2026-03-23 11:29:50,057 [INFO]           → conviction 0/100  |  signals 0/13
2026-03-23 11:29:56,564 [INFO]   [88]  VET        (#88)  $0.00709  7d: -6.7%
2026-03-23 11:29:57,654 [INFO]           → conviction 4/100  |  signals 1/13
2026-03-23 11:30:04,164 [INFO]   [91]  ARB        (#91)  $0.09570  7d: -11.2%
2026-03-23 11:30:04,895 [INFO]           → conviction 12/100  |  signals 2/13
2026-03-23 11:30:11,396 [INFO]   [94]  JUP        (#94)  $0.15674  7d: -7.2%
2026-03-23 11:30:15,370 [INFO]           → conviction 10/100  |  signals 2/13
2026-03-23 11:30:21,879 [INFO]   [95]  JST        (#95)  $0.06211  7d: +13.9%
2026-03-23 11:30:22,219 [INFO]           → conviction 8/100  |  signals 1/13
2026-03-23 11:30:28,722 [INFO]   [96]  RIVER      (#96)  $27.06000  7d: +12.0%
2026-03-23 11:30:30,043 [INFO]           → skip (insufficient OHLCV data)
2026-03-23 11:30:36,546 [INFO]   [97]  STABLE     (#98)  $0.02479  7d: -11.3%
2026-03-23 11:30:38,160 [INFO]           → skip (insufficient OHLCV data)
2026-03-23 11:30:44,682 [INFO]   [99]  ZRO        (#99)  $2.02000  7d: -7.3%
2026-03-23 11:30:45,753 [INFO]           → conviction 12/100  |  signals 2/13
2026-03-23 11:30:52,266 [INFO]   [101]  FET        (#100)  $0.21713  7d: +2.1%
2026-03-23 11:30:52,610 [INFO]           → conviction 12/100  |  signals 2/13
2026-03-23 11:30:59,131 [INFO]   [104]  CAKE       (#104)  $1.41000  7d: -7.0%
2026-03-23 11:31:01,191 [INFO]           → conviction 12/100  |  signals 2/13
2026-03-23 11:31:07,801 [INFO]   [105]  VIRTUAL    (#105)  $0.69401  7d: -8.7%
2026-03-23 11:31:08,457 [INFO]           → conviction 12/100  |  signals 2/13
2026-03-23 11:31:14,977 [INFO]   [106]  PENGU      (#106)  $0.00702  7d: -11.3%
2026-03-23 11:31:15,825 [INFO]           → conviction 4/100  |  signals 1/13
2026-03-23 11:31:22,386 [INFO]   [107]  STX        (#107)  $0.23947  7d: -7.2%
2026-03-23 11:31:23,275 [INFO]           → conviction 4/100  |  signals 1/13
2026-03-23 11:31:29,829 [INFO]   [108]  DASH       (#108)  $34.02000  7d: -1.6%
2026-03-23 11:31:31,041 [INFO]           → conviction 0/100  |  signals 0/13
2026-03-23 11:31:37,580 [INFO]   [109]  ETHFI      (#109)  $0.54542  7d: -5.1%
2026-03-23 11:31:38,426 [INFO]           → conviction 8/100  |  signals 1/13
2026-03-23 11:31:44,975 [INFO]   [112]  XTZ        (#112)  $0.38882  7d: -1.4%
2026-03-23 11:31:45,314 [INFO]           → conviction 12/100  |  signals 2/13
2026-03-23 11:31:51,816 [INFO]   [113]  SEI        (#113)  $0.06132  7d: -10.4%
2026-03-23 11:31:52,479 [INFO]           → conviction 22/100  |  signals 3/13
2026-03-23 11:31:59,001 [INFO]   [115]  KITE       (#115)  $0.22509  7d: +8.2%
2026-03-23 11:31:59,665 [INFO]           → conviction 20/100  |  signals 2/13
2026-03-23 11:32:06,171 [INFO]   [117]  CHZ        (#117)  $0.03542  7d: -10.0%
2026-03-23 11:32:06,828 [INFO]           → conviction 10/100  |  signals 2/13
2026-03-23 11:32:13,329 [INFO]   [120]  SUN        (#120)  $0.01851  7d: +12.8%
2026-03-23 11:32:13,855 [INFO]           → conviction 16/100  |  signals 2/13
2026-03-23 11:32:20,370 [INFO]   [121]  DEXE       (#121)  $7.52000  7d: +47.7%
2026-03-23 11:32:20,964 [INFO]           → conviction 10/100  |  signals 2/13
2026-03-23 11:32:27,468 [INFO]   [123]  CRV        (#123)  $0.22568  7d: -8.6%
2026-03-23 11:32:28,115 [INFO]           → conviction 20/100  |  signals 3/13
2026-03-23 11:32:34,616 [INFO]   [129]  CFX        (#129)  $0.06092  7d: -5.1%
2026-03-23 11:32:34,947 [INFO]           → conviction 4/100  |  signals 1/13
2026-03-23 11:32:41,460 [INFO]   [130]  INJ        (#130)  $3.04000  7d: -4.5%
2026-03-23 11:32:42,583 [INFO]           → conviction 4/100  |  signals 1/13
2026-03-23 11:32:49,091 [INFO]   [131]  KAIA       (#131)  $0.05096  7d: -7.0%
2026-03-23 11:32:50,146 [INFO]           → conviction 20/100  |  signals 3/13
2026-03-23 11:32:56,675 [INFO]   [132]  TIA        (#132)  $0.32475  7d: -11.7%
2026-03-23 11:32:57,316 [INFO]           → conviction 12/100  |  signals 2/13
2026-03-23 11:33:03,828 [INFO]   [133]  AERO       (#133)  $0.31417  7d: -9.1%
2026-03-23 11:33:04,818 [INFO]           → skip (insufficient OHLCV data)
2026-03-23 11:33:11,319 [INFO]   [134]  BSV        (#135)  $14.42000  7d: -5.3%
2026-03-23 11:33:11,768 [INFO]           → skip (insufficient OHLCV data)
2026-03-23 11:33:18,272 [INFO]   [135]  SPX        (#134)  $0.30706  7d: -8.3%
2026-03-23 11:33:18,703 [INFO]           → skip (insufficient OHLCV data)
2026-03-23 11:33:25,204 [INFO]   [137]  VVV        (#137)  $6.10000  7d: -2.4%
2026-03-23 11:33:25,565 [INFO]           → skip (insufficient OHLCV data)
2026-03-23 11:33:32,071 [INFO]   [138]  JASMY      (#138)  $0.00553  7d: -9.2%
2026-03-23 11:33:33,071 [INFO]           → conviction 4/100  |  signals 1/13
2026-03-23 11:33:39,594 [INFO]   [140]  SYRUP      (#140)  $0.23339  7d: -13.1%
2026-03-23 11:33:40,255 [INFO]           → conviction 22/100  |  signals 3/13
2026-03-23 11:33:46,758 [INFO]   [141]  GRT        (#141)  $0.02487  7d: -9.4%
2026-03-23 11:33:47,446 [INFO]           → conviction 14/100  |  signals 2/13
2026-03-23 11:33:53,947 [INFO]   [145]  2Z         (#145)  $0.07383  7d: -14.3%
2026-03-23 11:33:54,603 [INFO]           → conviction 4/100  |  signals 1/13
2026-03-23 11:34:01,105 [INFO]   [146]  IOTA       (#146)  $0.05822  7d: -11.1%
2026-03-23 11:34:01,870 [INFO]           → conviction 12/100  |  signals 2/13
2026-03-23 11:34:08,389 [INFO]   [147]  OP         (#147)  $0.11788  7d: -9.9%
2026-03-23 11:34:09,063 [INFO]           → conviction 4/100  |  signals 1/13
2026-03-23 11:34:15,564 [INFO]   [149]  LDO        (#149)  $0.29161  7d: -8.8%
2026-03-23 11:34:16,460 [INFO]           → conviction 10/100  |  signals 2/13
2026-03-23 11:34:22,976 [INFO]   [151]  PYTH       (#150)  $0.04102  7d: -17.9%
2026-03-23 11:34:23,611 [INFO]           → conviction 29/100  |  signals 4/13
2026-03-23 11:34:30,113 [INFO]   [152]  ENS        (#153)  $6.09000  7d: -4.9%
2026-03-23 11:34:30,762 [INFO]           → conviction 18/100  |  signals 3/13
2026-03-23 11:34:37,265 [INFO]   [153]  LIT        (#154)  $0.93678  7d: -14.7%
2026-03-23 11:34:37,911 [INFO]           → conviction 8/100  |  signals 1/13
2026-03-23 11:34:44,412 [INFO]   [154]  MON        (#152)  $0.02160  7d: -10.9%
2026-03-23 11:34:45,475 [INFO]           → skip (insufficient OHLCV data)
2026-03-23 11:34:51,975 [INFO]   [155]  IP         (#155)  $0.66194  7d: -17.0%
2026-03-23 11:34:52,455 [INFO]           → skip (insufficient OHLCV data)
2026-03-23 11:34:58,958 [INFO]   [159]  B          (#158)  $0.21705  7d: +1.1%
2026-03-23 11:34:59,437 [INFO]           → skip (insufficient OHLCV data)
2026-03-23 11:35:05,939 [INFO]   [162]  XPL        (#161)  $0.09543  7d: -16.0%
2026-03-23 11:35:06,606 [INFO]           → conviction 12/100  |  signals 2/13
2026-03-23 11:35:13,114 [INFO]   [163]  SAND       (#162)  $0.07995  7d: -8.2%
2026-03-23 11:35:13,759 [INFO]           → conviction 10/100  |  signals 2/13
2026-03-23 11:35:20,261 [INFO]   [165]  STRK       (#165)  $0.03666  7d: -9.3%
2026-03-23 11:35:20,917 [INFO]           → conviction 0/100  |  signals 0/13
2026-03-23 11:35:27,419 [INFO]   [166]  TWT        (#166)  $0.49680  7d: -6.8%
2026-03-23 11:35:28,114 [INFO]           → conviction 0/100  |  signals 0/13
2026-03-23 11:35:34,616 [INFO]   [172]  PENDLE     (#171)  $1.18000  7d: -11.2%
2026-03-23 11:35:35,284 [INFO]           → conviction 22/100  |  signals 3/13
2026-03-23 11:35:41,787 [INFO]   [175]  FARTCOIN   (#174)  $0.19156  7d: +2.4%
2026-03-23 11:35:42,163 [INFO]           → skip (insufficient OHLCV data)
2026-03-23 11:35:48,670 [INFO]   [177]  GRASS      (#176)  $0.35018  7d: -7.2%
2026-03-23 11:35:49,022 [INFO]           → skip (insufficient OHLCV data)
2026-03-23 11:35:55,523 [INFO]   [180]  NEO        (#179)  $2.67000  7d: -4.8%
2026-03-23 11:35:56,273 [INFO]           → conviction 4/100  |  signals 1/13
2026-03-23 11:36:03,391 [INFO]   [182]  COMP       (#182)  $19.08000  7d: -2.2%
2026-03-23 11:36:04,130 [INFO]           → conviction 29/100  |  signals 4/13
2026-03-23 11:36:10,646 [INFO]   [183]  AXS        (#183)  $1.08600  7d: -12.3%
2026-03-23 11:36:11,548 [INFO]           → conviction 12/100  |  signals 2/13
2026-03-23 11:36:18,083 [INFO]   [186]  WAL        (#187)  $0.07940  7d: -4.1%
2026-03-23 11:36:18,610 [INFO]           → conviction 4/100  |  signals 1/13
2026-03-23 11:36:25,112 [INFO]   [187]  WIF        (#185)  $0.17849  7d: -3.5%
2026-03-23 11:36:25,460 [INFO]           → conviction 0/100  |  signals 0/13
2026-03-23 11:36:31,962 [INFO]   [189]  H          (#189)  $0.09632  7d: -22.2%
2026-03-23 11:36:32,452 [INFO]           → skip (insufficient OHLCV data)
2026-03-23 11:36:38,955 [INFO]   [190]  CVX        (#190)  $1.85000  7d: -10.5%
2026-03-23 11:36:39,669 [INFO]           → conviction 12/100  |  signals 2/13
2026-03-23 11:36:46,179 [INFO]   [191]  MANA       (#191)  $0.08689  7d: -8.2%
2026-03-23 11:36:46,848 [INFO]           → conviction 4/100  |  signals 1/13
2026-03-23 11:36:53,365 [INFO]   [192]  FF         (#192)  $0.07138  7d: -3.9%
2026-03-23 11:36:53,814 [INFO]           → conviction 14/100  |  signals 2/13
2026-03-23 11:37:00,324 [INFO]   [193]  S          (#194)  $0.04368  7d: -12.3%
2026-03-23 11:37:01,053 [INFO]           → conviction 22/100  |  signals 3/13
2026-03-23 11:37:07,565 [INFO]   [194]  ZK         (#193)  $0.01793  7d: -10.8%
2026-03-23 11:37:08,219 [INFO]           → conviction 22/100  |  signals 3/13
2026-03-23 11:37:14,725 [INFO]   [198]  THETA      (#196)  $0.16153  7d: -11.4%
2026-03-23 11:37:15,635 [INFO]           → conviction 4/100  |  signals 1/13
2026-03-23 11:37:22,154 [INFO]   [202]  GALA       (#202)  $0.00316  7d: -12.3%
2026-03-23 11:37:22,799 [INFO]           → conviction 22/100  |  signals 3/13
2026-03-23 11:37:29,300 [INFO]   [204]  FLUID      (#204)  $1.89000  7d: -24.1%
2026-03-23 11:37:29,663 [INFO]           → skip (insufficient OHLCV data)
2026-03-23 11:37:36,165 [INFO]   [205]  SFP        (#205)  $0.29626  7d: +1.6%
2026-03-23 11:37:36,491 [INFO]           → conviction 8/100  |  signals 1/13
2026-03-23 11:37:42,994 [INFO]   [208]  RUNE       (#206)  $0.41784  7d: -7.9%
2026-03-23 11:37:43,668 [INFO]           → conviction 4/100  |  signals 1/13
2026-03-23 11:37:50,171 [INFO]   [209]  AKT        (#209)  $0.55683  7d: +27.9%
2026-03-23 11:37:50,650 [INFO]           → skip (insufficient OHLCV data)
2026-03-23 11:37:57,151 [INFO]   [210]  SENT       (#211)  $0.01956  7d: -10.2%
2026-03-23 11:37:57,814 [INFO]           → conviction 12/100  |  signals 2/13
2026-03-23 11:38:04,315 [INFO]   [211]  BAT        (#210)  $0.09443  7d: -7.9%
2026-03-23 11:38:04,970 [INFO]           → conviction 14/100  |  signals 2/13
2026-03-23 11:38:11,471 [INFO]   [216]  BANANAS31  (#215)  $0.01377  7d: +37.4%
2026-03-23 11:38:11,816 [INFO]           → conviction 33/100  |  signals 5/13
2026-03-23 11:38:18,322 [INFO]   [217]  IMX        (#217)  $0.15684  7d: -8.7%
2026-03-23 11:38:19,016 [INFO]           → conviction 4/100  |  signals 1/13
2026-03-23 11:38:25,518 [INFO]   [218]  ATH        (#218)  $0.00729  7d: +14.5%
2026-03-23 11:38:26,000 [INFO]           → skip (insufficient OHLCV data)
2026-03-23 11:38:32,502 [INFO]   [220]  JTO        (#220)  $0.29279  7d: -0.2%
2026-03-23 11:38:32,822 [INFO]           → conviction 12/100  |  signals 2/13
2026-03-23 11:38:39,325 [INFO]   [222]  1INCH      (#221)  $0.09390  7d: -8.2%
2026-03-23 11:38:39,957 [INFO]           → conviction 10/100  |  signals 2/13
2026-03-23 11:38:46,460 [INFO]   [224]  GLM        (#224)  $0.12906  7d: -4.8%
2026-03-23 11:38:47,278 [INFO]           → conviction 0/100  |  signals 0/13
2026-03-23 11:38:53,798 [INFO]   [225]  A          (#225)  $0.07855  7d: -5.7%
2026-03-23 11:38:54,492 [INFO]           → conviction 14/100  |  signals 2/13
2026-03-23 11:39:01,010 [INFO]   [227]  SKR        (#228)  $0.02099  7d: -11.1%
2026-03-23 11:39:01,425 [INFO]           → skip (insufficient OHLCV data)
2026-03-23 11:39:07,926 [INFO]   [229]  EIGEN      (#227)  $0.19609  7d: -10.9%
2026-03-23 11:39:08,569 [INFO]           → conviction 14/100  |  signals 2/13
2026-03-23 11:39:15,075 [INFO]   [236]  COW        (#235)  $0.22203  7d: -8.8%
2026-03-23 11:39:15,855 [INFO]           → conviction 14/100  |  signals 2/13
2026-03-23 11:39:22,361 [INFO]   [239]  PIEVERSE   (#239)  $0.55873  7d: +7.1%
2026-03-23 11:39:22,732 [INFO]           → skip (insufficient OHLCV data)
2026-03-23 11:39:29,233 [INFO]   [240]  EGLD       (#240)  $4.02000  7d: -8.4%
2026-03-23 11:39:29,942 [INFO]           → conviction 10/100  |  signals 2/13
2026-03-23 11:39:36,450 [INFO]   [241]  BERA       (#241)  $0.51680  7d: -22.7%
2026-03-23 11:39:37,116 [INFO]           → conviction 8/100  |  signals 1/13
2026-03-23 11:39:43,618 [INFO]   [242]  AR         (#242)  $1.77000  7d: -6.8%
2026-03-23 11:39:44,262 [INFO]           → conviction 0/100  |  signals 0/13
2026-03-23 11:39:50,764 [INFO]   [244]  MELANIA    (#245)  $0.11911  7d: -0.7%
2026-03-23 11:39:51,485 [INFO]           → skip (insufficient OHLCV data)
2026-03-23 11:39:57,989 [INFO]   [246]  0G         (#247)  $0.52747  7d: -10.3%
2026-03-23 11:39:58,729 [INFO]           → conviction 20/100  |  signals 3/13
2026-03-23 11:40:05,232 [INFO]   [252]  LPT        (#252)  $2.19000  7d: -6.9%
2026-03-23 11:40:05,953 [INFO]           → conviction 4/100  |  signals 1/13
2026-03-23 11:40:12,454 [INFO]   [258]  SNX        (#259)  $0.29770  7d: -7.2%
2026-03-23 11:40:13,844 [INFO]           → conviction 10/100  |  signals 2/13
2026-03-23 11:40:20,367 [INFO]   [264]  KAITO      (#265)  $0.41373  7d: +11.6%
2026-03-23 11:40:20,754 [INFO]           → conviction 16/100  |  signals 3/13
2026-03-23 11:40:27,258 [INFO]   [266]  ZEN        (#267)  $5.55000  7d: -11.9%
2026-03-23 11:40:27,902 [INFO]           → conviction 12/100  |  signals 2/13
2026-03-23 11:40:34,403 [INFO]   [267]  GAS        (#269)  $1.52000  7d: -9.1%
2026-03-23 11:40:35,026 [INFO]           → conviction 18/100  |  signals 3/13
2026-03-23 11:40:41,533 [INFO]   [269]  RSR        (#270)  $0.00157  7d: -11.4%
2026-03-23 11:40:42,198 [INFO]           → conviction 37/100  |  signals 5/13
2026-03-23 11:40:48,703 [INFO]   [270]  AWE        (#271)  $0.05042  7d: -4.9%
2026-03-23 11:40:49,385 [INFO]           → conviction 12/100  |  signals 2/13
2026-03-23 11:40:55,887 [INFO]   [271]  FORM       (#272)  $0.25500  7d: -9.1%
2026-03-23 11:40:56,574 [INFO]           → conviction 0/100  |  signals 0/13
2026-03-23 11:41:03,079 [INFO]   [277]  BEAT       (#277)  $0.69033  7d: +55.5%
2026-03-23 11:41:04,544 [INFO]           → skip (insufficient OHLCV data)
2026-03-23 11:41:11,046 [INFO]   [280]  W          (#280)  $0.01684  7d: -3.9%
2026-03-23 11:41:11,396 [INFO]           → conviction 10/100  |  signals 1/13
2026-03-23 11:41:17,900 [INFO]   [284]  YFI        (#284)  $2585.78000  7d: -2.2%
2026-03-23 11:41:18,254 [INFO]           → conviction 22/100  |  signals 3/13
2026-03-23 11:41:24,755 [INFO]   [289]  QTUM       (#289)  $0.85428  7d: -8.9%
2026-03-23 11:41:25,841 [INFO]           → conviction 22/100  |  signals 3/13
2026-03-23 11:41:32,344 [INFO]   [290]  APE        (#290)  $0.09113  7d: -10.4%
2026-03-23 11:41:33,026 [INFO]           → conviction 4/100  |  signals 1/13
2026-03-23 11:41:39,528 [INFO]   [291]  TRIA       (#291)  $0.04129  7d: +49.7%
2026-03-23 11:41:39,890 [INFO]           → skip (insufficient OHLCV data)
2026-03-23 11:41:46,395 [INFO]   [292]  KMNO       (#292)  $0.02120  7d: -4.7%
2026-03-23 11:41:47,067 [INFO]           → conviction 14/100  |  signals 2/13
2026-03-23 11:41:53,569 [INFO]   [293]  RVN        (#293)  $0.00548  7d: -3.3%
2026-03-23 11:41:53,963 [INFO]           → conviction 12/100  |  signals 2/13
2026-03-23 11:42:00,466 [INFO]   [295]  SIGN       (#295)  $0.05378  7d: +32.8%
2026-03-23 11:42:00,838 [INFO]           → conviction 20/100  |  signals 3/13
2026-03-23 11:42:07,339 [INFO]   [299]  ROSE       (#298)  $0.01151  7d: -10.3%
2026-03-23 11:42:07,985 [INFO]           → conviction 29/100  |  signals 4/13
2026-03-23 11:42:14,487 [INFO]   [300]  TOSHI      (#300)  $0.00021  7d: -10.4%
2026-03-23 11:42:14,863 [INFO]           → skip (insufficient OHLCV data)
2026-03-23 11:42:21,364 [INFO]   [302]  ZRX        (#302)  $0.10092  7d: -7.9%
2026-03-23 11:42:22,033 [INFO]           → conviction 18/100  |  signals 3/13
2026-03-23 11:42:28,535 [INFO]   [305]  ICNT       (#306)  $0.33584  7d: -9.6%
2026-03-23 11:42:28,899 [INFO]           → skip (insufficient OHLCV data)
2026-03-23 11:42:35,408 [INFO]   [310]  UB         (#311)  $0.03270  7d: +1.8%
2026-03-23 11:42:35,769 [INFO]           → skip (insufficient OHLCV data)
2026-03-23 11:42:42,279 [INFO]   [312]  TURBO      (#312)  $0.00117  7d: +3.6%
2026-03-23 11:42:42,981 [INFO]           → conviction 20/100  |  signals 3/13
2026-03-23 11:42:49,487 [INFO]   [314]  XVG        (#315)  $0.00489  7d: -9.8%
2026-03-23 11:42:50,189 [INFO]           → conviction 10/100  |  signals 2/13
2026-03-23 11:42:56,690 [INFO]   [316]  ZIL        (#318)  $0.00404  7d: -6.1%
2026-03-23 11:42:57,370 [INFO]           → conviction 0/100  |  signals 0/13
2026-03-23 11:43:03,873 [INFO]   [317]  HOT        (#313)  $0.00045  7d: +6.3%
2026-03-23 11:43:04,566 [INFO]           → conviction 20/100  |  signals 3/13
2026-03-23 11:43:11,068 [INFO]   [318]  KSM        (#317)  $4.49000  7d: -6.3%
2026-03-23 11:43:11,743 [INFO]           → conviction 4/100  |  signals 1/13
2026-03-23 11:43:18,247 [INFO]   [322]  SAHARA     (#323)  $0.02636  7d: +8.9%
2026-03-23 11:43:18,952 [INFO]           → conviction 18/100  |  signals 3/13
2026-03-23 11:43:25,454 [INFO]   [323]  NXPC       (#322)  $0.29757  7d: +2.7%
2026-03-23 11:43:26,215 [INFO]           → conviction 12/100  |  signals 2/13
2026-03-23 11:43:32,717 [INFO]   [328]  CFG        (#326)  $0.13136  7d: -28.6%
2026-03-23 11:43:33,229 [INFO]           → skip (insufficient OHLCV data)
2026-03-23 11:43:39,733 [INFO]   [329]  DEEP       (#330)  $0.03012  7d: -16.1%
2026-03-23 11:43:40,211 [INFO]           → skip (insufficient OHLCV data)
2026-03-23 11:43:46,713 [INFO]   [335]  MINA       (#335)  $0.05783  7d: -3.8%
2026-03-23 11:43:47,389 [INFO]           → conviction 20/100  |  signals 3/13
2026-03-23 11:43:53,892 [INFO]   [336]  HOME       (#336)  $0.02145  7d: -10.2%
2026-03-23 11:43:54,571 [INFO]           → conviction 18/100  |  signals 2/13
2026-03-23 11:44:01,074 [INFO]   [337]  ZETA       (#338)  $0.05587  7d: +6.3%
2026-03-23 11:44:01,441 [INFO]           → skip (insufficient OHLCV data)
2026-03-23 11:44:07,943 [INFO]   [338]  LINEA      (#337)  $0.00310  7d: -13.1%
2026-03-23 11:44:08,619 [INFO]           → conviction 12/100  |  signals 2/13
2026-03-23 11:44:15,123 [INFO]   [339]  ZORA       (#340)  $0.01621  7d: -7.6%
2026-03-23 11:44:15,487 [INFO]           → skip (insufficient OHLCV data)
2026-03-23 11:44:21,989 [INFO]   [340]  SAFE       (#339)  $0.10165  7d: -7.8%
2026-03-23 11:44:22,355 [INFO]           → skip (insufficient OHLCV data)
2026-03-23 11:44:28,857 [INFO]   [341]  GWEI       (#341)  $0.04125  7d: +3.7%
2026-03-23 11:44:29,229 [INFO]           → skip (insufficient OHLCV data)
2026-03-23 11:44:35,731 [INFO]   [342]  MET        (#342)  $0.14175  7d: -15.3%
2026-03-23 11:44:36,410 [INFO]           → conviction 26/100  |  signals 4/13
2026-03-23 11:44:42,912 [INFO]   [345]  T          (#344)  $0.00640  7d: -4.9%
2026-03-23 11:44:43,614 [INFO]           → conviction 4/100  |  signals 1/13
2026-03-23 11:44:50,129 [INFO]   [348]  ASTR       (#348)  $0.00813  7d: +3.7%
2026-03-23 11:44:51,113 [INFO]           → conviction 12/100  |  signals 2/13
2026-03-23 11:44:57,616 [INFO]   [351]  DYDX       (#350)  $0.08371  7d: -8.4%
2026-03-23 11:44:58,312 [INFO]           → conviction 12/100  |  signals 2/13
2026-03-23 11:45:04,814 [INFO]   [352]  CKB        (#352)  $0.00143  7d: -10.3%
2026-03-23 11:45:05,489 [INFO]           → conviction 16/100  |  signals 2/13
2026-03-23 11:45:11,995 [INFO]   [353]  FOGO       (#353)  $0.01825  7d: -23.7%
2026-03-23 11:45:12,672 [INFO]           → conviction 35/100  |  signals 5/13
2026-03-23 11:45:19,185 [INFO]   [354]  MOVE       (#355)  $0.01966  7d: -10.0%
2026-03-23 11:45:19,859 [INFO]           → conviction 14/100  |  signals 2/13
2026-03-23 11:45:26,361 [INFO]   [357]  SUPER      (#357)  $0.10748  7d: -12.5%
2026-03-23 11:45:27,041 [INFO]           → conviction 12/100  |  signals 2/13
2026-03-23 11:45:33,543 [INFO]   [364]  GMX        (#364)  $6.43000  7d: -5.0%
2026-03-23 11:45:34,264 [INFO]           → conviction 10/100  |  signals 2/13
2026-03-23 11:45:40,771 [INFO]   [365]  BRETT      (#365)  $0.00669  7d: -20.3%
2026-03-23 11:45:42,735 [INFO]           → skip (insufficient OHLCV data)
2026-03-23 11:45:49,239 [INFO]   [369]  TAG        (#369)  $0.00059  7d: -3.9%
2026-03-23 11:45:49,733 [INFO]           → skip (insufficient OHLCV data)
2026-03-23 11:45:56,235 [INFO]   [372]  RAVE       (#372)  $0.27029  7d: -1.9%
2026-03-23 11:45:56,733 [INFO]           → skip (insufficient OHLCV data)
2026-03-23 11:46:03,236 [INFO]   [373]  ALCH       (#373)  $0.07531  7d: +9.4%
2026-03-23 11:46:03,614 [INFO]           → skip (insufficient OHLCV data)
2026-03-23 11:46:10,119 [INFO]   [376]  AZTEC      (#376)  $0.02141  7d: -14.0%
2026-03-23 11:46:10,479 [INFO]           → skip (insufficient OHLCV data)
2026-03-23 11:46:16,984 [INFO]   [389]  MANTRA     (#389)  $0.01234  7d: -20.5%
2026-03-23 11:46:17,740 [INFO]           → conviction 26/100  |  signals 4/13
2026-03-23 11:46:24,245 [INFO]   [392]  ARKM       (#390)  $0.10453  7d: -12.5%
2026-03-23 11:46:24,914 [INFO]           → conviction 12/100  |  signals 2/13
2026-03-23 11:46:31,417 [INFO]   [393]  SOON       (#393)  $0.12859  7d: -14.4%
2026-03-23 11:46:31,789 [INFO]           → skip (insufficient OHLCV data)
2026-03-23 11:46:38,290 [INFO]   [394]  MYX        (#394)  $0.30921  7d: -7.8%
2026-03-23 11:46:38,658 [INFO]           → skip (insufficient OHLCV data)
2026-03-23 11:46:45,159 [INFO]   [399]  UAI        (#399)  $0.24764  7d: -33.4%
2026-03-23 11:46:45,529 [INFO]           → skip (insufficient OHLCV data)
2026-03-23 11:46:52,030 [INFO] 
[5/5] Building short scan report...
2026-03-23 11:46:52,030 [INFO]   Short setups found: 0
2026-03-23 11:46:52,053 [INFO] 
  Report → C:\Users\bruno\OneDrive\Ambiente de Trabalho\Workspace\crypto scanner\crypto-scanner\outputs\scanner-results\short_scan_LATEST.txt
2026-03-23 11:46:52,055 [INFO]   JSON   → C:\Users\bruno\OneDrive\Ambiente de Trabalho\Workspace\crypto scanner\crypto-scanner\outputs\scanner-results\short_scan_LATEST.json
2026-03-23 11:46:52,055 [INFO] 
================================================================================
  SHORT SCANNER v1.0 — BEARISH TRADE PLAN
  Generated: 2026-03-23 11:46:52
================================================================================

MARKET CONTEXT
----------------------------------------
  BTC Price    :  $    68,446.22
  BTC 7-day    :       -6.59%
  BTC 24-hour  :       -0.58%
  Regime       :  🟡 SIDEWAYS

  🟡 SIDEWAYS — Selective shorts only. Min conviction ≥ 42.

ACCOUNT
----------------------------------------
  Balance       : $    96,700.00 USDT
  Risk / trade  : 1.5%  ($1,450 USDT per trade)
  Max positions : 6
  Max heat      : 9.0%

================================================================================
  NO QUALIFYING SHORT SETUPS FOUND

  No tokens met the minimum conviction threshold for shorting.
  This is normal — clear short setups are rarer than long setups.
================================================================================

SHORT WATCHLIST — building bearish conviction, not ready yet
----------------------------------------
  #     SYMBOL      RANK         PRICE      7d%   CONV  SIGS  KEY SIGNALS
  ---------------------------------------------------------------------------
  1     RSR         #270   $    0.00157   -11.4%    37     5  stealth_distrib, rs_vs_btc_neg, lower_highs +2
  2     FOGO        #353   $    0.01825   -23.7%    35     5  macd_turning_bear, rs_vs_btc_neg, increasing_sell_vol +2
  3     BANANAS31   #215   $    0.01377   +37.4%    33     5  macd_turning_bear, rs_decel, increasing_sell_vol +2
  4     PYTH        #150   $    0.04102   -17.9%    29     4  stealth_distrib, rs_vs_btc_neg, vol_on_down +1
  5     COMP        #182   $   19.08000    -2.2%    29     4  stealth_distrib, rs_decel, increasing_sell_vol +1
  6     ROSE        #298   $    0.01151   -10.3%    29     4  stealth_distrib, lower_highs, increasing_sell_vol +1

----------------------------------------
2026-03-23 11:46:52,057 [INFO] 
  Done.  0 short setup(s) found.
2026-03-23 21:12:36,208 [INFO] 
2026-03-23 21:12:36,208 [INFO] ================================================================================
2026-03-23 21:12:36,215 [INFO]   SHORT SCANNER v1.0
2026-03-23 21:12:36,215 [INFO]   Scanning for high-conviction BEARISH setups on Binance perps
2026-03-23 21:12:36,215 [INFO] ================================================================================
2026-03-23 21:12:36,217 [INFO] 
[1/5] Analyzing market regime...
2026-03-23 21:12:36,231 [INFO]   BTC $71,029  |  7d -5.15%  |  Regime: SIDEWAYS
2026-03-23 21:12:36,231 [INFO]   Min conviction for shorts: 42
2026-03-23 21:12:36,231 [INFO] 
[2/5] Fetching Binance perp symbols...
2026-03-23 21:12:37,428 [INFO]   544 active USDT perp markets found
2026-03-23 21:12:37,430 [INFO] 
[3/5] Fetching top coins from CoinGecko...
2026-03-23 21:12:38,107 [WARNING] Rate-limited — waiting 56s
2026-03-23 21:13:34,175 [WARNING] Rate-limited — waiting 0s
2026-03-23 21:13:34,244 [WARNING] Rate-limited — waiting 0s
2026-03-23 21:13:34,306 [WARNING] Rate-limited — waiting 0s
2026-03-23 21:13:34,386 [WARNING] Rate-limited — waiting 60s
2026-03-23 21:14:35,519 [WARNING] Rate-limited — waiting 59s
2026-03-23 21:15:34,592 [WARNING] Rate-limited — waiting 0s
2026-03-23 21:15:34,657 [WARNING] Rate-limited — waiting 0s
2026-03-23 21:15:34,725 [WARNING] Rate-limited — waiting 0s
2026-03-23 21:15:34,797 [WARNING] Rate-limited — waiting 60s
2026-03-23 21:16:36,401 [WARNING] Rate-limited — waiting 59s
2026-03-23 21:17:35,482 [WARNING] Rate-limited — waiting 0s
2026-03-23 21:17:35,552 [WARNING] Rate-limited — waiting 0s
2026-03-23 21:17:35,618 [WARNING] Rate-limited — waiting 0s
2026-03-23 21:17:35,683 [WARNING] Rate-limited — waiting 60s
2026-03-23 21:18:38,471 [INFO]   400 coins fetched
2026-03-23 21:18:38,479 [INFO] 
[4/5] Scanning for bearish setups (min conviction 42)...

2026-03-23 21:18:38,486 [INFO] 
[5/5] Building short scan report...
2026-03-23 21:18:38,488 [INFO]   Short setups found: 0
2026-03-23 21:18:38,536 [INFO] 
  Report → C:\Users\bruno\OneDrive\Ambiente de Trabalho\Workspace\crypto scanner\crypto-scanner\outputs\scanner-results\short_scan_LATEST.txt
2026-03-23 21:18:38,538 [INFO]   JSON   → C:\Users\bruno\OneDrive\Ambiente de Trabalho\Workspace\crypto scanner\crypto-scanner\outputs\scanner-results\short_scan_LATEST.json
2026-03-23 21:18:38,538 [INFO] 
================================================================================
  SHORT SCANNER v1.0 — BEARISH TRADE PLAN
  Generated: 2026-03-23 21:18:38
================================================================================

MARKET CONTEXT
----------------------------------------
  BTC Price    :  $    71,028.98
  BTC 7-day    :       -5.15%
  BTC 24-hour  :       +4.67%
  Regime       :  🟡 SIDEWAYS

  🟡 SIDEWAYS — Selective shorts only. Min conviction ≥ 42.

ACCOUNT
----------------------------------------
  Balance       : $    96,700.00 USDT
  Risk / trade  : 1.5%  ($1,450 USDT per trade)
  Max positions : 6
  Max heat      : 9.0%

================================================================================
  NO QUALIFYING SHORT SETUPS FOUND

  No tokens met the minimum conviction threshold for shorting.
  This is normal — clear short setups are rarer than long setups.
================================================================================

----------------------------------------
2026-03-23 21:18:38,540 [INFO] 
  Done.  0 short setup(s) found.
